2020-05-19 19:34:56.1891||DEBUG|WebApi.Program|init main 
2020-05-19 19:34:56.6897||INFO|Microsoft.AspNetCore.DataProtection.KeyManagement.XmlKeyManager|User profile is available. Using 'C:\Users\rcharkhawala\AppData\Local\ASP.NET\DataProtection-Keys' as key repository and Windows DPAPI to encrypt keys at rest. 
2020-05-19 19:34:57.0780|1|INFO|Microsoft.AspNetCore.Hosting.Internal.WebHost|Request starting HTTP/1.1 GET http://localhost:44390/supplierinvoice/1 application/json 445 
2020-05-19 19:34:57.1420|1|INFO|Microsoft.AspNetCore.Authentication.JwtBearer.JwtBearerHandler|Failed to validate the token. Microsoft.IdentityModel.Tokens.SecurityTokenExpiredException: IDX10223: Lifetime validation failed. The token is expired. ValidTo: '[PII is hidden]', Current time: '[PII is hidden]'.
   at Microsoft.IdentityModel.Tokens.Validators.ValidateLifetime(Nullable`1 notBefore, Nullable`1 expires, SecurityToken securityToken, TokenValidationParameters validationParameters)
   at System.IdentityModel.Tokens.Jwt.JwtSecurityTokenHandler.ValidateLifetime(Nullable`1 notBefore, Nullable`1 expires, JwtSecurityToken jwtToken, TokenValidationParameters validationParameters)
   at System.IdentityModel.Tokens.Jwt.JwtSecurityTokenHandler.ValidateTokenPayload(JwtSecurityToken jwtToken, TokenValidationParameters validationParameters)
   at System.IdentityModel.Tokens.Jwt.JwtSecurityTokenHandler.ValidateToken(String token, TokenValidationParameters validationParameters, SecurityToken& validatedToken)
   at Microsoft.AspNetCore.Authentication.JwtBearer.JwtBearerHandler.HandleAuthenticateAsync()
2020-05-19 19:34:57.1753|7|INFO|Microsoft.AspNetCore.Authentication.JwtBearer.JwtBearerHandler|Bearer was not authenticated. Failure message: IDX10223: Lifetime validation failed. The token is expired. ValidTo: '[PII is hidden]', Current time: '[PII is hidden]'. 
2020-05-19 19:34:57.2049|0|INFO|Microsoft.AspNetCore.Routing.EndpointMiddleware|Executing endpoint 'WebApi.Controllers.SupplierInvoiceController.GetPos (WebApi)' 
2020-05-19 19:34:57.2272|1|INFO|Microsoft.AspNetCore.Mvc.Internal.ControllerActionInvoker|Route matched with {action = "GetPos", controller = "SupplierInvoice"}. Executing action WebApi.Controllers.SupplierInvoiceController.GetPos (WebApi) 
2020-05-19 19:34:57.2466|1|INFO|Microsoft.AspNetCore.Mvc.Internal.ControllerActionInvoker|Executing action method WebApi.Controllers.SupplierInvoiceController.GetPos (WebApi) with arguments (1) - Validation state: Valid 
2020-05-19 19:35:12.3062|2|INFO|Microsoft.AspNetCore.Mvc.Internal.ControllerActionInvoker|Executed action method WebApi.Controllers.SupplierInvoiceController.GetPos (WebApi), returned result Microsoft.AspNetCore.Mvc.ObjectResult in 15056.8419ms. 
2020-05-19 19:35:12.3159|1|INFO|Microsoft.AspNetCore.Mvc.Infrastructure.ObjectResultExecutor|Executing ObjectResult, writing value of type 'System.String'. 
2020-05-19 19:35:12.3300|2|INFO|Microsoft.AspNetCore.Mvc.Internal.ControllerActionInvoker|Executed action WebApi.Controllers.SupplierInvoiceController.GetPos (WebApi) in 15099.9243ms 
2020-05-19 19:35:12.3300|1|INFO|Microsoft.AspNetCore.Routing.EndpointMiddleware|Executed endpoint 'WebApi.Controllers.SupplierInvoiceController.GetPos (WebApi)' 
2020-05-19 19:35:12.3421|2|INFO|Microsoft.AspNetCore.Hosting.Internal.WebHost|Request finished in 15264.4546ms 500 application/json; charset=utf-8 
2020-05-19 19:35:12.3421|32|INFO|Microsoft.AspNetCore.Server.Kestrel|Connection id "0HLVS9KUNGCLQ", Request id "0HLVS9KUNGCLQ:00000001": the application completed without reading the entire request body. 
2020-05-19 19:35:30.3879|1|INFO|Microsoft.AspNetCore.Hosting.Internal.WebHost|Request starting HTTP/1.1 GET http://localhost:44390/supplierinvoice/1 application/json 445 
2020-05-19 19:35:30.3879|1|INFO|Microsoft.AspNetCore.Authentication.JwtBearer.JwtBearerHandler|Failed to validate the token. Microsoft.IdentityModel.Tokens.SecurityTokenExpiredException: IDX10223: Lifetime validation failed. The token is expired. ValidTo: '[PII is hidden]', Current time: '[PII is hidden]'.
   at Microsoft.IdentityModel.Tokens.Validators.ValidateLifetime(Nullable`1 notBefore, Nullable`1 expires, SecurityToken securityToken, TokenValidationParameters validationParameters)
   at System.IdentityModel.Tokens.Jwt.JwtSecurityTokenHandler.ValidateLifetime(Nullable`1 notBefore, Nullable`1 expires, JwtSecurityToken jwtToken, TokenValidationParameters validationParameters)
   at System.IdentityModel.Tokens.Jwt.JwtSecurityTokenHandler.ValidateTokenPayload(JwtSecurityToken jwtToken, TokenValidationParameters validationParameters)
   at System.IdentityModel.Tokens.Jwt.JwtSecurityTokenHandler.ValidateToken(String token, TokenValidationParameters validationParameters, SecurityToken& validatedToken)
   at Microsoft.AspNetCore.Authentication.JwtBearer.JwtBearerHandler.HandleAuthenticateAsync()
2020-05-19 19:35:30.3879|7|INFO|Microsoft.AspNetCore.Authentication.JwtBearer.JwtBearerHandler|Bearer was not authenticated. Failure message: IDX10223: Lifetime validation failed. The token is expired. ValidTo: '[PII is hidden]', Current time: '[PII is hidden]'. 
2020-05-19 19:35:30.3879|0|INFO|Microsoft.AspNetCore.Routing.EndpointMiddleware|Executing endpoint 'WebApi.Controllers.SupplierInvoiceController.GetPos (WebApi)' 
2020-05-19 19:35:30.3879|1|INFO|Microsoft.AspNetCore.Mvc.Internal.ControllerActionInvoker|Route matched with {action = "GetPos", controller = "SupplierInvoice"}. Executing action WebApi.Controllers.SupplierInvoiceController.GetPos (WebApi) 
2020-05-19 19:35:30.4011|1|INFO|Microsoft.AspNetCore.Mvc.Internal.ControllerActionInvoker|Executing action method WebApi.Controllers.SupplierInvoiceController.GetPos (WebApi) with arguments (1) - Validation state: Valid 
2020-05-19 19:35:44.9409|2|INFO|Microsoft.AspNetCore.Mvc.Internal.ControllerActionInvoker|Executed action method WebApi.Controllers.SupplierInvoiceController.GetPos (WebApi), returned result Microsoft.AspNetCore.Mvc.ObjectResult in 14538.9674ms. 
2020-05-19 19:35:44.9409|1|INFO|Microsoft.AspNetCore.Mvc.Infrastructure.ObjectResultExecutor|Executing ObjectResult, writing value of type 'System.String'. 
2020-05-19 19:35:44.9409|2|INFO|Microsoft.AspNetCore.Mvc.Internal.ControllerActionInvoker|Executed action WebApi.Controllers.SupplierInvoiceController.GetPos (WebApi) in 14543.0017ms 
2020-05-19 19:35:44.9409|1|INFO|Microsoft.AspNetCore.Routing.EndpointMiddleware|Executed endpoint 'WebApi.Controllers.SupplierInvoiceController.GetPos (WebApi)' 
2020-05-19 19:35:44.9409|2|INFO|Microsoft.AspNetCore.Hosting.Internal.WebHost|Request finished in 14557.2643ms 500 application/json; charset=utf-8 
2020-05-19 19:35:44.9409|32|INFO|Microsoft.AspNetCore.Server.Kestrel|Connection id "0HLVS9KUNGCLQ", Request id "0HLVS9KUNGCLQ:00000002": the application completed without reading the entire request body. 
