2019-11-16 19:25:29.2434||DEBUG|WebApi.Program|init main 
2019-11-16 19:25:30.6536||INFO|Microsoft.AspNetCore.DataProtection.KeyManagement.XmlKeyManager|User profile is available. Using 'C:\Users\rcharkhawala\AppData\Local\ASP.NET\DataProtection-Keys' as key repository and Windows DPAPI to encrypt keys at rest. 
2019-11-16 19:25:30.7595|58|INFO|Microsoft.AspNetCore.DataProtection.KeyManagement.XmlKeyManager|Creating key {84594ac7-9acc-43c8-8fc4-330cd996c11a} with creation date 2019-11-17 00:25:30Z, activation date 2019-11-17 00:25:30Z, and expiration date 2020-02-15 00:25:30Z. 
2019-11-16 19:25:30.7970|39|INFO|Microsoft.AspNetCore.DataProtection.Repositories.FileSystemXmlRepository|Writing data to file 'C:\Users\rcharkhawala\AppData\Local\ASP.NET\DataProtection-Keys\key-84594ac7-9acc-43c8-8fc4-330cd996c11a.xml'. 
2019-11-16 19:25:31.5465|1|INFO|Microsoft.AspNetCore.Hosting.Internal.WebHost|Request starting HTTP/1.1 DEBUG http://localhost:52652/  0 
2019-11-16 19:25:31.5465|1|INFO|Microsoft.AspNetCore.Hosting.Internal.WebHost|Request starting HTTP/1.1 GET http://localhost:44390/api/values   
2019-11-16 19:25:31.5826|2|INFO|Microsoft.AspNetCore.Hosting.Internal.WebHost|Request finished in 36.3565ms 200  
2019-11-16 19:25:31.6716|2|INFO|Microsoft.AspNetCore.Hosting.Internal.WebHost|Request finished in 125.7952ms 404  
2019-11-16 19:26:15.9521|1|INFO|Microsoft.AspNetCore.Hosting.Internal.WebHost|Request starting HTTP/1.1 POST http://localhost:44390/supplierinvoice application/json 1434 
2019-11-16 19:26:16.0333|1|INFO|Microsoft.AspNetCore.Authentication.JwtBearer.JwtBearerHandler|Failed to validate the token. Microsoft.IdentityModel.Tokens.SecurityTokenExpiredException: IDX10223: Lifetime validation failed. The token is expired. ValidTo: '[PII is hidden]', Current time: '[PII is hidden]'.
   at Microsoft.IdentityModel.Tokens.Validators.ValidateLifetime(Nullable`1 notBefore, Nullable`1 expires, SecurityToken securityToken, TokenValidationParameters validationParameters)
   at System.IdentityModel.Tokens.Jwt.JwtSecurityTokenHandler.ValidateLifetime(Nullable`1 notBefore, Nullable`1 expires, JwtSecurityToken jwtToken, TokenValidationParameters validationParameters)
   at System.IdentityModel.Tokens.Jwt.JwtSecurityTokenHandler.ValidateTokenPayload(JwtSecurityToken jwtToken, TokenValidationParameters validationParameters)
   at System.IdentityModel.Tokens.Jwt.JwtSecurityTokenHandler.ValidateToken(String token, TokenValidationParameters validationParameters, SecurityToken& validatedToken)
   at Microsoft.AspNetCore.Authentication.JwtBearer.JwtBearerHandler.HandleAuthenticateAsync()
2019-11-16 19:26:16.0915|7|INFO|Microsoft.AspNetCore.Authentication.JwtBearer.JwtBearerHandler|Bearer was not authenticated. Failure message: IDX10223: Lifetime validation failed. The token is expired. ValidTo: '[PII is hidden]', Current time: '[PII is hidden]'. 
2019-11-16 19:26:16.0915|0|INFO|Microsoft.AspNetCore.Routing.EndpointMiddleware|Executing endpoint 'WebApi.Controllers.SupplierInvoiceController.Post (WebApi)' 
2019-11-16 19:26:16.1287|1|INFO|Microsoft.AspNetCore.Mvc.Internal.ControllerActionInvoker|Route matched with {action = "Post", controller = "SupplierInvoice"}. Executing action WebApi.Controllers.SupplierInvoiceController.Post (WebApi) 
2019-11-16 19:26:16.2085|1|INFO|Microsoft.AspNetCore.Mvc.Internal.ControllerActionInvoker|Executing action method WebApi.Controllers.SupplierInvoiceController.Post (WebApi) with arguments (DAL.Models.SupplierInvoice) - Validation state: Valid 
2019-11-16 19:26:16.6364|2|INFO|Microsoft.AspNetCore.Mvc.Internal.ControllerActionInvoker|Executed action method WebApi.Controllers.SupplierInvoiceController.Post (WebApi), returned result Microsoft.AspNetCore.Mvc.ObjectResult in 425.5695ms. 
2019-11-16 19:26:16.6446|1|INFO|Microsoft.AspNetCore.Mvc.Infrastructure.ObjectResultExecutor|Executing ObjectResult, writing value of type 'System.String'. 
2019-11-16 19:26:16.6446|2|INFO|Microsoft.AspNetCore.Mvc.Internal.ControllerActionInvoker|Executed action WebApi.Controllers.SupplierInvoiceController.Post (WebApi) in 523.1561ms 
2019-11-16 19:26:16.6446|1|INFO|Microsoft.AspNetCore.Routing.EndpointMiddleware|Executed endpoint 'WebApi.Controllers.SupplierInvoiceController.Post (WebApi)' 
2019-11-16 19:26:16.6618|2|INFO|Microsoft.AspNetCore.Hosting.Internal.WebHost|Request finished in 709.6339ms 200 application/json; charset=utf-8 
2019-11-16 19:56:13.2387||DEBUG|WebApi.Program|init main 
2019-11-16 19:56:14.4979||INFO|Microsoft.AspNetCore.DataProtection.KeyManagement.XmlKeyManager|User profile is available. Using 'C:\Users\rcharkhawala\AppData\Local\ASP.NET\DataProtection-Keys' as key repository and Windows DPAPI to encrypt keys at rest. 
2019-11-16 19:56:15.1857|1|INFO|Microsoft.AspNetCore.Hosting.Internal.WebHost|Request starting HTTP/1.1 DEBUG http://localhost:52652/  0 
2019-11-16 19:56:15.1857|1|INFO|Microsoft.AspNetCore.Hosting.Internal.WebHost|Request starting HTTP/1.1 GET http://localhost:44390/api/values   
2019-11-16 19:56:15.2291|2|INFO|Microsoft.AspNetCore.Hosting.Internal.WebHost|Request finished in 43.8746ms 200  
2019-11-16 19:56:15.3194|2|INFO|Microsoft.AspNetCore.Hosting.Internal.WebHost|Request finished in 134.3712ms 404  
2019-11-16 19:56:49.5998|1|INFO|Microsoft.AspNetCore.Hosting.Internal.WebHost|Request starting HTTP/1.1 POST http://localhost:44390/supplierinvoice application/json 1434 
2019-11-16 19:56:49.7080|2|INFO|Microsoft.AspNetCore.Authentication.JwtBearer.JwtBearerHandler|Successfully validated the token. 
2019-11-16 19:56:49.7080|0|INFO|Microsoft.AspNetCore.Routing.EndpointMiddleware|Executing endpoint 'WebApi.Controllers.SupplierInvoiceController.Post (WebApi)' 
2019-11-16 19:56:49.7542|1|INFO|Microsoft.AspNetCore.Mvc.Internal.ControllerActionInvoker|Route matched with {action = "Post", controller = "SupplierInvoice"}. Executing action WebApi.Controllers.SupplierInvoiceController.Post (WebApi) 
2019-11-16 19:56:49.8395|1|INFO|Microsoft.AspNetCore.Mvc.Internal.ControllerActionInvoker|Executing action method WebApi.Controllers.SupplierInvoiceController.Post (WebApi) with arguments (DAL.Models.SupplierInvoice) - Validation state: Valid 
2019-11-16 19:58:04.9468|2|INFO|Microsoft.AspNetCore.Mvc.Internal.ControllerActionInvoker|Executed action method WebApi.Controllers.SupplierInvoiceController.Post (WebApi), returned result Microsoft.AspNetCore.Mvc.ObjectResult in 75104.403ms. 
2019-11-16 19:58:04.9581|1|INFO|Microsoft.AspNetCore.Mvc.Infrastructure.ObjectResultExecutor|Executing ObjectResult, writing value of type 'System.String'. 
2019-11-16 19:58:04.9744|2|INFO|Microsoft.AspNetCore.Mvc.Internal.ControllerActionInvoker|Executed action WebApi.Controllers.SupplierInvoiceController.Post (WebApi) in 75216.6377ms 
2019-11-16 19:58:04.9744|1|INFO|Microsoft.AspNetCore.Routing.EndpointMiddleware|Executed endpoint 'WebApi.Controllers.SupplierInvoiceController.Post (WebApi)' 
2019-11-16 19:58:04.9744|2|INFO|Microsoft.AspNetCore.Hosting.Internal.WebHost|Request finished in 75381.522ms 200 application/json; charset=utf-8 
2019-11-16 20:10:22.0862||DEBUG|WebApi.Program|init main 
2019-11-16 20:10:23.4059||INFO|Microsoft.AspNetCore.DataProtection.KeyManagement.XmlKeyManager|User profile is available. Using 'C:\Users\rcharkhawala\AppData\Local\ASP.NET\DataProtection-Keys' as key repository and Windows DPAPI to encrypt keys at rest. 
2019-11-16 20:10:24.1264|1|INFO|Microsoft.AspNetCore.Hosting.Internal.WebHost|Request starting HTTP/1.1 GET http://localhost:44390/api/values   
2019-11-16 20:10:24.1511|1|INFO|Microsoft.AspNetCore.Hosting.Internal.WebHost|Request starting HTTP/1.1 DEBUG http://localhost:52652/  0 
2019-11-16 20:10:24.1931|2|INFO|Microsoft.AspNetCore.Hosting.Internal.WebHost|Request finished in 39.0833ms 200  
2019-11-16 20:10:24.2814|2|INFO|Microsoft.AspNetCore.Hosting.Internal.WebHost|Request finished in 155.3794ms 404  
2019-11-16 20:10:42.6522|1|INFO|Microsoft.AspNetCore.Hosting.Internal.WebHost|Request starting HTTP/1.1 GET http://localhost:44390/supplierinvoice/1 application/json 1434 
2019-11-16 20:10:42.7203|1|INFO|Microsoft.AspNetCore.Authentication.JwtBearer.JwtBearerHandler|Failed to validate the token. Microsoft.IdentityModel.Tokens.SecurityTokenExpiredException: IDX10223: Lifetime validation failed. The token is expired. ValidTo: '[PII is hidden]', Current time: '[PII is hidden]'.
   at Microsoft.IdentityModel.Tokens.Validators.ValidateLifetime(Nullable`1 notBefore, Nullable`1 expires, SecurityToken securityToken, TokenValidationParameters validationParameters)
   at System.IdentityModel.Tokens.Jwt.JwtSecurityTokenHandler.ValidateLifetime(Nullable`1 notBefore, Nullable`1 expires, JwtSecurityToken jwtToken, TokenValidationParameters validationParameters)
   at System.IdentityModel.Tokens.Jwt.JwtSecurityTokenHandler.ValidateTokenPayload(JwtSecurityToken jwtToken, TokenValidationParameters validationParameters)
   at System.IdentityModel.Tokens.Jwt.JwtSecurityTokenHandler.ValidateToken(String token, TokenValidationParameters validationParameters, SecurityToken& validatedToken)
   at Microsoft.AspNetCore.Authentication.JwtBearer.JwtBearerHandler.HandleAuthenticateAsync()
2019-11-16 20:10:42.7789|7|INFO|Microsoft.AspNetCore.Authentication.JwtBearer.JwtBearerHandler|Bearer was not authenticated. Failure message: IDX10223: Lifetime validation failed. The token is expired. ValidTo: '[PII is hidden]', Current time: '[PII is hidden]'. 
2019-11-16 20:10:42.7831|0|INFO|Microsoft.AspNetCore.Routing.EndpointMiddleware|Executing endpoint 'WebApi.Controllers.SupplierInvoiceController.GetPos (WebApi)' 
2019-11-16 20:10:42.8172|1|INFO|Microsoft.AspNetCore.Mvc.Internal.ControllerActionInvoker|Route matched with {action = "GetPos", controller = "SupplierInvoice"}. Executing action WebApi.Controllers.SupplierInvoiceController.GetPos (WebApi) 
2019-11-16 20:10:42.8381|1|INFO|Microsoft.AspNetCore.Mvc.Internal.ControllerActionInvoker|Executing action method WebApi.Controllers.SupplierInvoiceController.GetPos (WebApi) with arguments (1) - Validation state: Valid 
2019-11-16 20:13:59.7547|2|INFO|Microsoft.AspNetCore.Mvc.Internal.ControllerActionInvoker|Executed action method WebApi.Controllers.SupplierInvoiceController.GetPos (WebApi), returned result Microsoft.AspNetCore.Mvc.ObjectResult in 196911.1289ms. 
2019-11-16 20:13:59.7673|1|INFO|Microsoft.AspNetCore.Mvc.Infrastructure.ObjectResultExecutor|Executing ObjectResult, writing value of type 'System.Collections.Generic.List`1[[DAL.Models.SupplierInvoice, DAL, Version=1.0.0.0, Culture=neutral, PublicKeyToken=null]]'. 
2019-11-16 20:13:59.8477|2|INFO|Microsoft.AspNetCore.Mvc.Internal.ControllerActionInvoker|Executed action WebApi.Controllers.SupplierInvoiceController.GetPos (WebApi) in 197027.0587ms 
2019-11-16 20:13:59.8477|1|INFO|Microsoft.AspNetCore.Routing.EndpointMiddleware|Executed endpoint 'WebApi.Controllers.SupplierInvoiceController.GetPos (WebApi)' 
2019-11-16 20:13:59.8477|2|INFO|Microsoft.AspNetCore.Hosting.Internal.WebHost|Request finished in 197207.2476ms 200 application/json; charset=utf-8 
2019-11-16 20:13:59.8735|32|INFO|Microsoft.AspNetCore.Server.Kestrel|Connection id "0HLRAVBM9U6MJ", Request id "0HLRAVBM9U6MJ:00000002": the application completed without reading the entire request body. 
2019-11-16 22:50:56.2650||DEBUG|WebApi.Program|init main 
2019-11-16 22:50:57.3960||INFO|Microsoft.AspNetCore.DataProtection.KeyManagement.XmlKeyManager|User profile is available. Using 'C:\Users\rcharkhawala\AppData\Local\ASP.NET\DataProtection-Keys' as key repository and Windows DPAPI to encrypt keys at rest. 
2019-11-16 22:50:58.0364|1|INFO|Microsoft.AspNetCore.Hosting.Internal.WebHost|Request starting HTTP/1.1 GET http://localhost:44390/api/values   
2019-11-16 22:50:58.0364|1|INFO|Microsoft.AspNetCore.Hosting.Internal.WebHost|Request starting HTTP/1.1 DEBUG http://localhost:52652/  0 
2019-11-16 22:50:58.0706|2|INFO|Microsoft.AspNetCore.Hosting.Internal.WebHost|Request finished in 34.5366ms 200  
2019-11-16 22:50:58.1439|2|INFO|Microsoft.AspNetCore.Hosting.Internal.WebHost|Request finished in 108.0963ms 404  
2019-11-16 22:51:31.2013|1|INFO|Microsoft.AspNetCore.Hosting.Internal.WebHost|Request starting HTTP/1.1 POST http://localhost:44390/supplierinvoice application/json 1434 
2019-11-16 22:51:31.2741|2|INFO|Microsoft.AspNetCore.Authentication.JwtBearer.JwtBearerHandler|Successfully validated the token. 
2019-11-16 22:51:31.2741|0|INFO|Microsoft.AspNetCore.Routing.EndpointMiddleware|Executing endpoint 'WebApi.Controllers.SupplierInvoiceController.Post (WebApi)' 
2019-11-16 22:51:31.3077|1|INFO|Microsoft.AspNetCore.Mvc.Internal.ControllerActionInvoker|Route matched with {action = "Post", controller = "SupplierInvoice"}. Executing action WebApi.Controllers.SupplierInvoiceController.Post (WebApi) 
2019-11-16 22:51:31.3762|1|INFO|Microsoft.AspNetCore.Mvc.Internal.ControllerActionInvoker|Executing action method WebApi.Controllers.SupplierInvoiceController.Post (WebApi) with arguments (DAL.Models.SupplierInvoice) - Validation state: Valid 
2019-11-16 22:51:36.4825|2|INFO|Microsoft.AspNetCore.Mvc.Internal.ControllerActionInvoker|Executed action method WebApi.Controllers.SupplierInvoiceController.Post (WebApi), returned result Microsoft.AspNetCore.Mvc.ObjectResult in 5103.2669ms. 
2019-11-16 22:51:36.4917|1|INFO|Microsoft.AspNetCore.Mvc.Infrastructure.ObjectResultExecutor|Executing ObjectResult, writing value of type 'System.String'. 
2019-11-16 22:51:36.5027|2|INFO|Microsoft.AspNetCore.Mvc.Internal.ControllerActionInvoker|Executed action WebApi.Controllers.SupplierInvoiceController.Post (WebApi) in 5191.6224ms 
2019-11-16 22:51:36.5027|1|INFO|Microsoft.AspNetCore.Routing.EndpointMiddleware|Executed endpoint 'WebApi.Controllers.SupplierInvoiceController.Post (WebApi)' 
2019-11-16 22:51:36.5027|2|INFO|Microsoft.AspNetCore.Hosting.Internal.WebHost|Request finished in 5309.5741ms 200 application/json; charset=utf-8 
2019-11-16 22:57:58.3386||DEBUG|WebApi.Program|init main 
2019-11-16 22:57:59.5251||INFO|Microsoft.AspNetCore.DataProtection.KeyManagement.XmlKeyManager|User profile is available. Using 'C:\Users\rcharkhawala\AppData\Local\ASP.NET\DataProtection-Keys' as key repository and Windows DPAPI to encrypt keys at rest. 
2019-11-16 22:58:00.2975|1|INFO|Microsoft.AspNetCore.Hosting.Internal.WebHost|Request starting HTTP/1.1 GET http://localhost:44390/api/values   
2019-11-16 22:58:00.2975|1|INFO|Microsoft.AspNetCore.Hosting.Internal.WebHost|Request starting HTTP/1.1 DEBUG http://localhost:52652/  0 
2019-11-16 22:58:00.3299|2|INFO|Microsoft.AspNetCore.Hosting.Internal.WebHost|Request finished in 32.909ms 200  
2019-11-16 22:58:00.4119|2|INFO|Microsoft.AspNetCore.Hosting.Internal.WebHost|Request finished in 115.1117ms 404  
2019-11-16 22:58:50.1336|1|INFO|Microsoft.AspNetCore.Hosting.Internal.WebHost|Request starting HTTP/1.1 POST http://localhost:44390/supplierinvoice application/json 1434 
2019-11-16 22:58:50.2279|2|INFO|Microsoft.AspNetCore.Authentication.JwtBearer.JwtBearerHandler|Successfully validated the token. 
2019-11-16 22:58:50.2279|0|INFO|Microsoft.AspNetCore.Routing.EndpointMiddleware|Executing endpoint 'WebApi.Controllers.SupplierInvoiceController.Post (WebApi)' 
2019-11-16 22:58:50.2653|1|INFO|Microsoft.AspNetCore.Mvc.Internal.ControllerActionInvoker|Route matched with {action = "Post", controller = "SupplierInvoice"}. Executing action WebApi.Controllers.SupplierInvoiceController.Post (WebApi) 
2019-11-16 22:58:50.3267|1|INFO|Microsoft.AspNetCore.Mvc.Internal.ControllerActionInvoker|Executing action method WebApi.Controllers.SupplierInvoiceController.Post (WebApi) with arguments (DAL.Models.SupplierInvoice) - Validation state: Valid 
2019-11-16 22:58:50.6764|2|INFO|Microsoft.AspNetCore.Mvc.Internal.ControllerActionInvoker|Executed action method WebApi.Controllers.SupplierInvoiceController.Post (WebApi), returned result Microsoft.AspNetCore.Mvc.ObjectResult in 347.4278ms. 
2019-11-16 22:58:50.6764|1|INFO|Microsoft.AspNetCore.Mvc.Infrastructure.ObjectResultExecutor|Executing ObjectResult, writing value of type 'System.String'. 
2019-11-16 22:58:50.6933|2|INFO|Microsoft.AspNetCore.Mvc.Internal.ControllerActionInvoker|Executed action WebApi.Controllers.SupplierInvoiceController.Post (WebApi) in 425.4531ms 
2019-11-16 22:58:50.6933|1|INFO|Microsoft.AspNetCore.Routing.EndpointMiddleware|Executed endpoint 'WebApi.Controllers.SupplierInvoiceController.Post (WebApi)' 
2019-11-16 22:58:50.6933|2|INFO|Microsoft.AspNetCore.Hosting.Internal.WebHost|Request finished in 566.4123ms 200 application/json; charset=utf-8 
2019-11-16 23:03:19.8801|1|INFO|Microsoft.AspNetCore.Hosting.Internal.WebHost|Request starting HTTP/1.1 POST http://localhost:44390/supplierinvoice application/json 1434 
2019-11-16 23:03:19.8801|2|INFO|Microsoft.AspNetCore.Authentication.JwtBearer.JwtBearerHandler|Successfully validated the token. 
2019-11-16 23:03:19.8801|0|INFO|Microsoft.AspNetCore.Routing.EndpointMiddleware|Executing endpoint 'WebApi.Controllers.SupplierInvoiceController.Post (WebApi)' 
2019-11-16 23:03:19.8801|1|INFO|Microsoft.AspNetCore.Mvc.Internal.ControllerActionInvoker|Route matched with {action = "Post", controller = "SupplierInvoice"}. Executing action WebApi.Controllers.SupplierInvoiceController.Post (WebApi) 
2019-11-16 23:03:19.8926|1|INFO|Microsoft.AspNetCore.Mvc.Internal.ControllerActionInvoker|Executing action method WebApi.Controllers.SupplierInvoiceController.Post (WebApi) with arguments (DAL.Models.SupplierInvoice) - Validation state: Valid 
