2019-12-27 11:57:47.5602||DEBUG|WebApi.Program|init main 
2019-12-27 11:57:49.2075||INFO|Microsoft.AspNetCore.DataProtection.KeyManagement.XmlKeyManager|User profile is available. Using 'C:\Users\rcharkhawala\AppData\Local\ASP.NET\DataProtection-Keys' as key repository and Windows DPAPI to encrypt keys at rest. 
2019-12-27 11:57:50.0254|1|INFO|Microsoft.AspNetCore.Hosting.Internal.WebHost|Request starting HTTP/1.1 DEBUG http://localhost:52652/  0 
2019-12-27 11:57:50.0254|1|INFO|Microsoft.AspNetCore.Hosting.Internal.WebHost|Request starting HTTP/1.1 GET http://localhost:44390/api/values   
2019-12-27 11:57:50.0671|2|INFO|Microsoft.AspNetCore.Hosting.Internal.WebHost|Request finished in 41.7233ms 200  
2019-12-27 11:57:50.1583|2|INFO|Microsoft.AspNetCore.Hosting.Internal.WebHost|Request finished in 133.9668ms 404  
2019-12-27 11:58:31.0343|1|INFO|Microsoft.AspNetCore.Hosting.Internal.WebHost|Request starting HTTP/1.1 GET http://localhost:44390/customers/1/10 application/json 582 
2019-12-27 11:58:31.1333|1|INFO|Microsoft.AspNetCore.Authentication.JwtBearer.JwtBearerHandler|Failed to validate the token. Microsoft.IdentityModel.Tokens.SecurityTokenExpiredException: IDX10223: Lifetime validation failed. The token is expired. ValidTo: '[PII is hidden]', Current time: '[PII is hidden]'.
   at Microsoft.IdentityModel.Tokens.Validators.ValidateLifetime(Nullable`1 notBefore, Nullable`1 expires, SecurityToken securityToken, TokenValidationParameters validationParameters)
   at System.IdentityModel.Tokens.Jwt.JwtSecurityTokenHandler.ValidateLifetime(Nullable`1 notBefore, Nullable`1 expires, JwtSecurityToken jwtToken, TokenValidationParameters validationParameters)
   at System.IdentityModel.Tokens.Jwt.JwtSecurityTokenHandler.ValidateTokenPayload(JwtSecurityToken jwtToken, TokenValidationParameters validationParameters)
   at System.IdentityModel.Tokens.Jwt.JwtSecurityTokenHandler.ValidateToken(String token, TokenValidationParameters validationParameters, SecurityToken& validatedToken)
   at Microsoft.AspNetCore.Authentication.JwtBearer.JwtBearerHandler.HandleAuthenticateAsync()
2019-12-27 11:58:31.1974|7|INFO|Microsoft.AspNetCore.Authentication.JwtBearer.JwtBearerHandler|Bearer was not authenticated. Failure message: IDX10223: Lifetime validation failed. The token is expired. ValidTo: '[PII is hidden]', Current time: '[PII is hidden]'. 
2019-12-27 11:58:31.1974|0|INFO|Microsoft.AspNetCore.Routing.EndpointMiddleware|Executing endpoint 'WebApi.Controllers.CustomersController.Get (WebApi)' 
2019-12-27 11:58:31.2356|1|INFO|Microsoft.AspNetCore.Mvc.Internal.ControllerActionInvoker|Route matched with {action = "Get", controller = "Customers"}. Executing action WebApi.Controllers.CustomersController.Get (WebApi) 
2019-12-27 11:58:31.2481|2|INFO|Microsoft.AspNetCore.Authorization.DefaultAuthorizationService|Authorization failed. 
2019-12-27 11:58:31.2481|3|INFO|Microsoft.AspNetCore.Mvc.Internal.ControllerActionInvoker|Authorization failed for the request at filter 'Microsoft.AspNetCore.Mvc.Authorization.AuthorizeFilter'. 
2019-12-27 11:58:31.2481|1|INFO|Microsoft.AspNetCore.Mvc.ChallengeResult|Executing ChallengeResult with authentication schemes (). 
2019-12-27 11:58:31.2589|12|INFO|Microsoft.AspNetCore.Authentication.JwtBearer.JwtBearerHandler|AuthenticationScheme: Bearer was challenged. 
2019-12-27 11:58:31.2589|2|INFO|Microsoft.AspNetCore.Mvc.Internal.ControllerActionInvoker|Executed action WebApi.Controllers.CustomersController.Get (WebApi) in 23.8862ms 
2019-12-27 11:58:31.2589|1|INFO|Microsoft.AspNetCore.Routing.EndpointMiddleware|Executed endpoint 'WebApi.Controllers.CustomersController.Get (WebApi)' 
2019-12-27 11:58:31.2589|2|INFO|Microsoft.AspNetCore.Hosting.Internal.WebHost|Request finished in 229.3683ms 401  
2019-12-27 11:58:31.2743|32|INFO|Microsoft.AspNetCore.Server.Kestrel|Connection id "0HLSATNJUGTOC", Request id "0HLSATNJUGTOC:00000002": the application completed without reading the entire request body. 
2019-12-27 11:58:57.6123|1|INFO|Microsoft.AspNetCore.Hosting.Internal.WebHost|Request starting HTTP/1.1 POST http://localhost:44390/users/Authenticate application/json 47 
2019-12-27 11:58:57.6123|1|INFO|Microsoft.AspNetCore.Authentication.JwtBearer.JwtBearerHandler|Failed to validate the token. Microsoft.IdentityModel.Tokens.SecurityTokenExpiredException: IDX10223: Lifetime validation failed. The token is expired. ValidTo: '[PII is hidden]', Current time: '[PII is hidden]'.
   at Microsoft.IdentityModel.Tokens.Validators.ValidateLifetime(Nullable`1 notBefore, Nullable`1 expires, SecurityToken securityToken, TokenValidationParameters validationParameters)
   at System.IdentityModel.Tokens.Jwt.JwtSecurityTokenHandler.ValidateLifetime(Nullable`1 notBefore, Nullable`1 expires, JwtSecurityToken jwtToken, TokenValidationParameters validationParameters)
   at System.IdentityModel.Tokens.Jwt.JwtSecurityTokenHandler.ValidateTokenPayload(JwtSecurityToken jwtToken, TokenValidationParameters validationParameters)
   at System.IdentityModel.Tokens.Jwt.JwtSecurityTokenHandler.ValidateToken(String token, TokenValidationParameters validationParameters, SecurityToken& validatedToken)
   at Microsoft.AspNetCore.Authentication.JwtBearer.JwtBearerHandler.HandleAuthenticateAsync()
2019-12-27 11:58:57.6123|7|INFO|Microsoft.AspNetCore.Authentication.JwtBearer.JwtBearerHandler|Bearer was not authenticated. Failure message: IDX10223: Lifetime validation failed. The token is expired. ValidTo: '[PII is hidden]', Current time: '[PII is hidden]'. 
2019-12-27 11:58:57.6123|0|INFO|Microsoft.AspNetCore.Routing.EndpointMiddleware|Executing endpoint 'WebApi.Controllers.UsersController.Authenticate (WebApi)' 
2019-12-27 11:58:57.6661|1|INFO|Microsoft.AspNetCore.Mvc.Internal.ControllerActionInvoker|Route matched with {action = "Authenticate", controller = "Users"}. Executing action WebApi.Controllers.UsersController.Authenticate (WebApi) 
2019-12-27 11:58:57.7185|1|INFO|Microsoft.AspNetCore.Mvc.Internal.ControllerActionInvoker|Executing action method WebApi.Controllers.UsersController.Authenticate (WebApi) with arguments (DAL.Models.User) - Validation state: Valid 
2019-12-27 11:58:57.7303|2|INFO|Microsoft.AspNetCore.Mvc.Internal.ControllerActionInvoker|Executed action method WebApi.Controllers.UsersController.Authenticate (WebApi), returned result Microsoft.AspNetCore.Mvc.OkObjectResult in 9.1821ms. 
2019-12-27 11:58:57.7303|1|INFO|Microsoft.AspNetCore.Mvc.Infrastructure.ObjectResultExecutor|Executing ObjectResult, writing value of type 'DAL.Models.User'. 
2019-12-27 11:58:57.7493|2|INFO|Microsoft.AspNetCore.Mvc.Internal.ControllerActionInvoker|Executed action WebApi.Controllers.UsersController.Authenticate (WebApi) in 82.6022ms 
2019-12-27 11:58:57.7493|1|INFO|Microsoft.AspNetCore.Routing.EndpointMiddleware|Executed endpoint 'WebApi.Controllers.UsersController.Authenticate (WebApi)' 
2019-12-27 11:58:57.7493|2|INFO|Microsoft.AspNetCore.Hosting.Internal.WebHost|Request finished in 139.3411ms 200 application/json; charset=utf-8 
2019-12-27 11:59:14.3523|1|INFO|Microsoft.AspNetCore.Hosting.Internal.WebHost|Request starting HTTP/1.1 GET http://localhost:44390/customers/1/10 application/json 582 
2019-12-27 11:59:14.3523|1|INFO|Microsoft.AspNetCore.Authentication.JwtBearer.JwtBearerHandler|Failed to validate the token. Microsoft.IdentityModel.Tokens.SecurityTokenExpiredException: IDX10223: Lifetime validation failed. The token is expired. ValidTo: '[PII is hidden]', Current time: '[PII is hidden]'.
   at Microsoft.IdentityModel.Tokens.Validators.ValidateLifetime(Nullable`1 notBefore, Nullable`1 expires, SecurityToken securityToken, TokenValidationParameters validationParameters)
   at System.IdentityModel.Tokens.Jwt.JwtSecurityTokenHandler.ValidateLifetime(Nullable`1 notBefore, Nullable`1 expires, JwtSecurityToken jwtToken, TokenValidationParameters validationParameters)
   at System.IdentityModel.Tokens.Jwt.JwtSecurityTokenHandler.ValidateTokenPayload(JwtSecurityToken jwtToken, TokenValidationParameters validationParameters)
   at System.IdentityModel.Tokens.Jwt.JwtSecurityTokenHandler.ValidateToken(String token, TokenValidationParameters validationParameters, SecurityToken& validatedToken)
   at Microsoft.AspNetCore.Authentication.JwtBearer.JwtBearerHandler.HandleAuthenticateAsync()
2019-12-27 11:59:14.3523|7|INFO|Microsoft.AspNetCore.Authentication.JwtBearer.JwtBearerHandler|Bearer was not authenticated. Failure message: IDX10223: Lifetime validation failed. The token is expired. ValidTo: '[PII is hidden]', Current time: '[PII is hidden]'. 
2019-12-27 11:59:14.3523|0|INFO|Microsoft.AspNetCore.Routing.EndpointMiddleware|Executing endpoint 'WebApi.Controllers.CustomersController.Get (WebApi)' 
2019-12-27 11:59:14.3523|1|INFO|Microsoft.AspNetCore.Mvc.Internal.ControllerActionInvoker|Route matched with {action = "Get", controller = "Customers"}. Executing action WebApi.Controllers.CustomersController.Get (WebApi) 
2019-12-27 11:59:14.3523|2|INFO|Microsoft.AspNetCore.Authorization.DefaultAuthorizationService|Authorization failed. 
2019-12-27 11:59:14.3523|3|INFO|Microsoft.AspNetCore.Mvc.Internal.ControllerActionInvoker|Authorization failed for the request at filter 'Microsoft.AspNetCore.Mvc.Authorization.AuthorizeFilter'. 
2019-12-27 11:59:14.3669|1|INFO|Microsoft.AspNetCore.Mvc.ChallengeResult|Executing ChallengeResult with authentication schemes (). 
2019-12-27 11:59:14.3669|12|INFO|Microsoft.AspNetCore.Authentication.JwtBearer.JwtBearerHandler|AuthenticationScheme: Bearer was challenged. 
2019-12-27 11:59:14.3669|2|INFO|Microsoft.AspNetCore.Mvc.Internal.ControllerActionInvoker|Executed action WebApi.Controllers.CustomersController.Get (WebApi) in 2.4334ms 
2019-12-27 11:59:14.3669|1|INFO|Microsoft.AspNetCore.Routing.EndpointMiddleware|Executed endpoint 'WebApi.Controllers.CustomersController.Get (WebApi)' 
2019-12-27 11:59:14.3669|2|INFO|Microsoft.AspNetCore.Hosting.Internal.WebHost|Request finished in 16.6865ms 401  
2019-12-27 11:59:14.3669|32|INFO|Microsoft.AspNetCore.Server.Kestrel|Connection id "0HLSATNJUGTOC", Request id "0HLSATNJUGTOC:00000004": the application completed without reading the entire request body. 
2019-12-27 11:59:25.8504|1|INFO|Microsoft.AspNetCore.Hosting.Internal.WebHost|Request starting HTTP/1.1 POST http://localhost:44390/users/Authenticate application/json 47 
2019-12-27 11:59:25.8533|1|INFO|Microsoft.AspNetCore.Authentication.JwtBearer.JwtBearerHandler|Failed to validate the token. Microsoft.IdentityModel.Tokens.SecurityTokenExpiredException: IDX10223: Lifetime validation failed. The token is expired. ValidTo: '[PII is hidden]', Current time: '[PII is hidden]'.
   at Microsoft.IdentityModel.Tokens.Validators.ValidateLifetime(Nullable`1 notBefore, Nullable`1 expires, SecurityToken securityToken, TokenValidationParameters validationParameters)
   at System.IdentityModel.Tokens.Jwt.JwtSecurityTokenHandler.ValidateLifetime(Nullable`1 notBefore, Nullable`1 expires, JwtSecurityToken jwtToken, TokenValidationParameters validationParameters)
   at System.IdentityModel.Tokens.Jwt.JwtSecurityTokenHandler.ValidateTokenPayload(JwtSecurityToken jwtToken, TokenValidationParameters validationParameters)
   at System.IdentityModel.Tokens.Jwt.JwtSecurityTokenHandler.ValidateToken(String token, TokenValidationParameters validationParameters, SecurityToken& validatedToken)
   at Microsoft.AspNetCore.Authentication.JwtBearer.JwtBearerHandler.HandleAuthenticateAsync()
2019-12-27 11:59:25.8533|7|INFO|Microsoft.AspNetCore.Authentication.JwtBearer.JwtBearerHandler|Bearer was not authenticated. Failure message: IDX10223: Lifetime validation failed. The token is expired. ValidTo: '[PII is hidden]', Current time: '[PII is hidden]'. 
2019-12-27 11:59:25.8533|0|INFO|Microsoft.AspNetCore.Routing.EndpointMiddleware|Executing endpoint 'WebApi.Controllers.UsersController.Authenticate (WebApi)' 
2019-12-27 11:59:25.8533|1|INFO|Microsoft.AspNetCore.Mvc.Internal.ControllerActionInvoker|Route matched with {action = "Authenticate", controller = "Users"}. Executing action WebApi.Controllers.UsersController.Authenticate (WebApi) 
2019-12-27 11:59:25.8533|1|INFO|Microsoft.AspNetCore.Mvc.Internal.ControllerActionInvoker|Executing action method WebApi.Controllers.UsersController.Authenticate (WebApi) with arguments (DAL.Models.User) - Validation state: Valid 
2019-12-27 11:59:25.8533|2|INFO|Microsoft.AspNetCore.Mvc.Internal.ControllerActionInvoker|Executed action method WebApi.Controllers.UsersController.Authenticate (WebApi), returned result Microsoft.AspNetCore.Mvc.OkObjectResult in 0.287ms. 
2019-12-27 11:59:25.8533|1|INFO|Microsoft.AspNetCore.Mvc.Infrastructure.ObjectResultExecutor|Executing ObjectResult, writing value of type 'DAL.Models.User'. 
2019-12-27 11:59:25.8674|2|INFO|Microsoft.AspNetCore.Mvc.Internal.ControllerActionInvoker|Executed action WebApi.Controllers.UsersController.Authenticate (WebApi) in 5.9694ms 
2019-12-27 11:59:25.8674|1|INFO|Microsoft.AspNetCore.Routing.EndpointMiddleware|Executed endpoint 'WebApi.Controllers.UsersController.Authenticate (WebApi)' 
2019-12-27 11:59:25.8674|2|INFO|Microsoft.AspNetCore.Hosting.Internal.WebHost|Request finished in 18.5296ms 200 application/json; charset=utf-8 
2019-12-27 12:00:04.4771|1|INFO|Microsoft.AspNetCore.Hosting.Internal.WebHost|Request starting HTTP/1.1 GET http://localhost:44390/customers/1/10 application/json 582 
2019-12-27 12:00:04.4771|2|INFO|Microsoft.AspNetCore.Authentication.JwtBearer.JwtBearerHandler|Successfully validated the token. 
2019-12-27 12:00:04.4771|0|INFO|Microsoft.AspNetCore.Routing.EndpointMiddleware|Executing endpoint 'WebApi.Controllers.CustomersController.Get (WebApi)' 
2019-12-27 12:00:04.4771|1|INFO|Microsoft.AspNetCore.Mvc.Internal.ControllerActionInvoker|Route matched with {action = "Get", controller = "Customers"}. Executing action WebApi.Controllers.CustomersController.Get (WebApi) 
2019-12-27 12:00:04.4920|1|INFO|Microsoft.AspNetCore.Authorization.DefaultAuthorizationService|Authorization was successful. 
2019-12-27 12:00:04.4920|1|INFO|Microsoft.AspNetCore.Mvc.Internal.ControllerActionInvoker|Executing action method WebApi.Controllers.CustomersController.Get (WebApi) with arguments (1, 10) - Validation state: Valid 
2019-12-27 12:00:04.9014|2|INFO|Microsoft.AspNetCore.Mvc.Internal.ControllerActionInvoker|Executed action method WebApi.Controllers.CustomersController.Get (WebApi), returned result Microsoft.AspNetCore.Mvc.ObjectResult in 406.2927ms. 
2019-12-27 12:00:04.9014|1|INFO|Microsoft.AspNetCore.Mvc.Infrastructure.ObjectResultExecutor|Executing ObjectResult, writing value of type 'DAL.Models.Customer'. 
2019-12-27 12:00:04.9187|2|INFO|Microsoft.AspNetCore.Mvc.Internal.ControllerActionInvoker|Executed action WebApi.Controllers.CustomersController.Get (WebApi) in 427.1447ms 
2019-12-27 12:00:04.9187|1|INFO|Microsoft.AspNetCore.Routing.EndpointMiddleware|Executed endpoint 'WebApi.Controllers.CustomersController.Get (WebApi)' 
2019-12-27 12:00:04.9187|2|INFO|Microsoft.AspNetCore.Hosting.Internal.WebHost|Request finished in 448.5063ms 200 application/json; charset=utf-8 
2019-12-27 12:00:04.9187|32|INFO|Microsoft.AspNetCore.Server.Kestrel|Connection id "0HLSATNJUGTOC", Request id "0HLSATNJUGTOC:00000006": the application completed without reading the entire request body. 
2019-12-27 12:01:15.7504|1|INFO|Microsoft.AspNetCore.Hosting.Internal.WebHost|Request starting HTTP/1.1 PUT http://localhost:44390/customers/1/10 application/json 817 
2019-12-27 12:01:15.7504|2|INFO|Microsoft.AspNetCore.Authentication.JwtBearer.JwtBearerHandler|Successfully validated the token. 
2019-12-27 12:01:15.7504|0|INFO|Microsoft.AspNetCore.Routing.EndpointMiddleware|Executing endpoint '405 HTTP Method Not Supported' 
2019-12-27 12:01:15.7504|1|INFO|Microsoft.AspNetCore.Routing.EndpointMiddleware|Executed endpoint '405 HTTP Method Not Supported' 
2019-12-27 12:01:15.7570|2|INFO|Microsoft.AspNetCore.Hosting.Internal.WebHost|Request finished in 6.6676ms 405  
2019-12-27 12:01:15.7570|32|INFO|Microsoft.AspNetCore.Server.Kestrel|Connection id "0HLSATNJUGTOE", Request id "0HLSATNJUGTOE:00000001": the application completed without reading the entire request body. 
2019-12-27 12:01:57.9925|1|INFO|Microsoft.AspNetCore.Hosting.Internal.WebHost|Request starting HTTP/1.1 PUT http://localhost:44390/customers/10 application/json 817 
2019-12-27 12:01:57.9925|2|INFO|Microsoft.AspNetCore.Authentication.JwtBearer.JwtBearerHandler|Successfully validated the token. 
2019-12-27 12:01:57.9925|0|INFO|Microsoft.AspNetCore.Routing.EndpointMiddleware|Executing endpoint 'WebApi.Controllers.CustomersController.Put (WebApi)' 
2019-12-27 12:01:57.9925|1|INFO|Microsoft.AspNetCore.Mvc.Internal.ControllerActionInvoker|Route matched with {action = "Put", controller = "Customers"}. Executing action WebApi.Controllers.CustomersController.Put (WebApi) 
2019-12-27 12:01:57.9925|1|INFO|Microsoft.AspNetCore.Authorization.DefaultAuthorizationService|Authorization was successful. 
2019-12-27 12:01:58.0183|1|INFO|Microsoft.AspNetCore.Mvc.Internal.ControllerActionInvoker|Executing action method WebApi.Controllers.CustomersController.Put (WebApi) with arguments (10, DAL.Models.Customer) - Validation state: Valid 
2019-12-27 12:02:59.9028|2|INFO|Microsoft.AspNetCore.Mvc.Internal.ControllerActionInvoker|Executed action method WebApi.Controllers.CustomersController.Put (WebApi), returned result Microsoft.AspNetCore.Mvc.OkResult in 61883.8198ms. 
2019-12-27 12:02:59.9028|1|INFO|Microsoft.AspNetCore.Mvc.StatusCodeResult|Executing HttpStatusCodeResult, setting HTTP status code 200 
2019-12-27 12:02:59.9418|2|INFO|Microsoft.AspNetCore.Mvc.Internal.ControllerActionInvoker|Executed action WebApi.Controllers.CustomersController.Put (WebApi) in 61938.5491ms 
2019-12-27 12:02:59.9485|1|INFO|Microsoft.AspNetCore.Routing.EndpointMiddleware|Executed endpoint 'WebApi.Controllers.CustomersController.Put (WebApi)' 
2019-12-27 12:02:59.9485|2|INFO|Microsoft.AspNetCore.Hosting.Internal.WebHost|Request finished in 61957.6147ms 200  
2019-12-27 12:03:04.0515|1|INFO|Microsoft.AspNetCore.Hosting.Internal.WebHost|Request starting HTTP/1.1 PUT http://localhost:44390/customers/10 application/json 817 
2019-12-27 12:03:04.0561|2|INFO|Microsoft.AspNetCore.Authentication.JwtBearer.JwtBearerHandler|Successfully validated the token. 
2019-12-27 12:03:04.0561|0|INFO|Microsoft.AspNetCore.Routing.EndpointMiddleware|Executing endpoint 'WebApi.Controllers.CustomersController.Put (WebApi)' 
2019-12-27 12:03:04.0561|1|INFO|Microsoft.AspNetCore.Mvc.Internal.ControllerActionInvoker|Route matched with {action = "Put", controller = "Customers"}. Executing action WebApi.Controllers.CustomersController.Put (WebApi) 
2019-12-27 12:03:04.0561|1|INFO|Microsoft.AspNetCore.Authorization.DefaultAuthorizationService|Authorization was successful. 
2019-12-27 12:03:04.0561|1|INFO|Microsoft.AspNetCore.Mvc.Internal.ControllerActionInvoker|Executing action method WebApi.Controllers.CustomersController.Put (WebApi) with arguments (10, DAL.Models.Customer) - Validation state: Valid 
2019-12-27 12:07:27.0428||DEBUG|WebApi.Program|init main 
2019-12-27 12:07:28.1960||INFO|Microsoft.AspNetCore.DataProtection.KeyManagement.XmlKeyManager|User profile is available. Using 'C:\Users\rcharkhawala\AppData\Local\ASP.NET\DataProtection-Keys' as key repository and Windows DPAPI to encrypt keys at rest. 
2019-12-27 12:07:28.9546|1|INFO|Microsoft.AspNetCore.Hosting.Internal.WebHost|Request starting HTTP/1.1 GET http://localhost:44390/api/values   
2019-12-27 12:07:28.9546|1|INFO|Microsoft.AspNetCore.Hosting.Internal.WebHost|Request starting HTTP/1.1 DEBUG http://localhost:52652/  0 
2019-12-27 12:07:28.9901|2|INFO|Microsoft.AspNetCore.Hosting.Internal.WebHost|Request finished in 36.0032ms 200  
2019-12-27 12:07:29.0605|2|INFO|Microsoft.AspNetCore.Hosting.Internal.WebHost|Request finished in 106.7607ms 404  
2019-12-27 12:07:36.2557|1|INFO|Microsoft.AspNetCore.Hosting.Internal.WebHost|Request starting HTTP/1.1 PUT http://localhost:44390/customers/10 application/json 817 
2019-12-27 12:07:36.3255|2|INFO|Microsoft.AspNetCore.Authentication.JwtBearer.JwtBearerHandler|Successfully validated the token. 
2019-12-27 12:07:36.3255|0|INFO|Microsoft.AspNetCore.Routing.EndpointMiddleware|Executing endpoint 'WebApi.Controllers.CustomersController.Put (WebApi)' 
2019-12-27 12:07:36.3608|1|INFO|Microsoft.AspNetCore.Mvc.Internal.ControllerActionInvoker|Route matched with {action = "Put", controller = "Customers"}. Executing action WebApi.Controllers.CustomersController.Put (WebApi) 
2019-12-27 12:07:36.3743|1|INFO|Microsoft.AspNetCore.Authorization.DefaultAuthorizationService|Authorization was successful. 
2019-12-27 12:07:36.4490|1|INFO|Microsoft.AspNetCore.Mvc.Internal.ControllerActionInvoker|Executing action method WebApi.Controllers.CustomersController.Put (WebApi) with arguments (10, DAL.Models.Customer) - Validation state: Valid 
2019-12-27 12:07:58.1397|2|INFO|Microsoft.AspNetCore.Mvc.Internal.ControllerActionInvoker|Executed action method WebApi.Controllers.CustomersController.Put (WebApi), returned result Microsoft.AspNetCore.Mvc.OkResult in 21685.7659ms. 
2019-12-27 12:07:58.1585|1|INFO|Microsoft.AspNetCore.Mvc.StatusCodeResult|Executing HttpStatusCodeResult, setting HTTP status code 200 
2019-12-27 12:07:58.1784|2|INFO|Microsoft.AspNetCore.Mvc.Internal.ControllerActionInvoker|Executed action WebApi.Controllers.CustomersController.Put (WebApi) in 21812.5034ms 
2019-12-27 12:07:58.1886|1|INFO|Microsoft.AspNetCore.Routing.EndpointMiddleware|Executed endpoint 'WebApi.Controllers.CustomersController.Put (WebApi)' 
2019-12-27 12:07:58.2018|2|INFO|Microsoft.AspNetCore.Hosting.Internal.WebHost|Request finished in 21946.1444ms 200  
2019-12-27 14:06:58.9638||DEBUG|WebApi.Program|init main 
2019-12-27 14:07:00.7338||INFO|Microsoft.AspNetCore.DataProtection.KeyManagement.XmlKeyManager|User profile is available. Using 'C:\Users\rcharkhawala\AppData\Local\ASP.NET\DataProtection-Keys' as key repository and Windows DPAPI to encrypt keys at rest. 
2019-12-27 14:07:01.4544|1|INFO|Microsoft.AspNetCore.Hosting.Internal.WebHost|Request starting HTTP/1.1 GET http://localhost:44390/api/values   
2019-12-27 14:07:01.4544|1|INFO|Microsoft.AspNetCore.Hosting.Internal.WebHost|Request starting HTTP/1.1 DEBUG http://localhost:52652/  0 
2019-12-27 14:07:01.5004|2|INFO|Microsoft.AspNetCore.Hosting.Internal.WebHost|Request finished in 46.2453ms 200  
2019-12-27 14:07:01.6009|2|INFO|Microsoft.AspNetCore.Hosting.Internal.WebHost|Request finished in 147.1434ms 404  
2019-12-27 14:07:14.6274|1|INFO|Microsoft.AspNetCore.Hosting.Internal.WebHost|Request starting HTTP/1.1 PUT http://localhost:44390/pos application/json 2029 
2019-12-27 14:07:14.7071|1|INFO|Microsoft.AspNetCore.Authentication.JwtBearer.JwtBearerHandler|Failed to validate the token. Microsoft.IdentityModel.Tokens.SecurityTokenExpiredException: IDX10223: Lifetime validation failed. The token is expired. ValidTo: '[PII is hidden]', Current time: '[PII is hidden]'.
   at Microsoft.IdentityModel.Tokens.Validators.ValidateLifetime(Nullable`1 notBefore, Nullable`1 expires, SecurityToken securityToken, TokenValidationParameters validationParameters)
   at System.IdentityModel.Tokens.Jwt.JwtSecurityTokenHandler.ValidateLifetime(Nullable`1 notBefore, Nullable`1 expires, JwtSecurityToken jwtToken, TokenValidationParameters validationParameters)
   at System.IdentityModel.Tokens.Jwt.JwtSecurityTokenHandler.ValidateTokenPayload(JwtSecurityToken jwtToken, TokenValidationParameters validationParameters)
   at System.IdentityModel.Tokens.Jwt.JwtSecurityTokenHandler.ValidateToken(String token, TokenValidationParameters validationParameters, SecurityToken& validatedToken)
   at Microsoft.AspNetCore.Authentication.JwtBearer.JwtBearerHandler.HandleAuthenticateAsync()
2019-12-27 14:07:14.7631|7|INFO|Microsoft.AspNetCore.Authentication.JwtBearer.JwtBearerHandler|Bearer was not authenticated. Failure message: IDX10223: Lifetime validation failed. The token is expired. ValidTo: '[PII is hidden]', Current time: '[PII is hidden]'. 
2019-12-27 14:07:14.7631|0|INFO|Microsoft.AspNetCore.Routing.EndpointMiddleware|Executing endpoint '405 HTTP Method Not Supported' 
2019-12-27 14:07:14.7631|1|INFO|Microsoft.AspNetCore.Routing.EndpointMiddleware|Executed endpoint '405 HTTP Method Not Supported' 
2019-12-27 14:07:14.7631|2|INFO|Microsoft.AspNetCore.Hosting.Internal.WebHost|Request finished in 140.5304ms 405  
2019-12-27 14:07:14.7796|32|INFO|Microsoft.AspNetCore.Server.Kestrel|Connection id "0HLSAVVQ2C3LF", Request id "0HLSAVVQ2C3LF:00000002": the application completed without reading the entire request body. 
2019-12-27 14:07:35.7972|1|INFO|Microsoft.AspNetCore.Hosting.Internal.WebHost|Request starting HTTP/1.1 POST http://localhost:44390/users/Authenticate application/json 47 
2019-12-27 14:07:35.8036|1|INFO|Microsoft.AspNetCore.Authentication.JwtBearer.JwtBearerHandler|Failed to validate the token. Microsoft.IdentityModel.Tokens.SecurityTokenExpiredException: IDX10223: Lifetime validation failed. The token is expired. ValidTo: '[PII is hidden]', Current time: '[PII is hidden]'.
   at Microsoft.IdentityModel.Tokens.Validators.ValidateLifetime(Nullable`1 notBefore, Nullable`1 expires, SecurityToken securityToken, TokenValidationParameters validationParameters)
   at System.IdentityModel.Tokens.Jwt.JwtSecurityTokenHandler.ValidateLifetime(Nullable`1 notBefore, Nullable`1 expires, JwtSecurityToken jwtToken, TokenValidationParameters validationParameters)
   at System.IdentityModel.Tokens.Jwt.JwtSecurityTokenHandler.ValidateTokenPayload(JwtSecurityToken jwtToken, TokenValidationParameters validationParameters)
   at System.IdentityModel.Tokens.Jwt.JwtSecurityTokenHandler.ValidateToken(String token, TokenValidationParameters validationParameters, SecurityToken& validatedToken)
   at Microsoft.AspNetCore.Authentication.JwtBearer.JwtBearerHandler.HandleAuthenticateAsync()
2019-12-27 14:07:35.8036|7|INFO|Microsoft.AspNetCore.Authentication.JwtBearer.JwtBearerHandler|Bearer was not authenticated. Failure message: IDX10223: Lifetime validation failed. The token is expired. ValidTo: '[PII is hidden]', Current time: '[PII is hidden]'. 
2019-12-27 14:07:35.8036|0|INFO|Microsoft.AspNetCore.Routing.EndpointMiddleware|Executing endpoint 'WebApi.Controllers.UsersController.Authenticate (WebApi)' 
2019-12-27 14:07:35.8461|1|INFO|Microsoft.AspNetCore.Mvc.Internal.ControllerActionInvoker|Route matched with {action = "Authenticate", controller = "Users"}. Executing action WebApi.Controllers.UsersController.Authenticate (WebApi) 
2019-12-27 14:07:35.9009|1|INFO|Microsoft.AspNetCore.Mvc.Internal.ControllerActionInvoker|Executing action method WebApi.Controllers.UsersController.Authenticate (WebApi) with arguments (DAL.Models.User) - Validation state: Valid 
2019-12-27 14:07:35.9169|2|INFO|Microsoft.AspNetCore.Mvc.Internal.ControllerActionInvoker|Executed action method WebApi.Controllers.UsersController.Authenticate (WebApi), returned result Microsoft.AspNetCore.Mvc.OkObjectResult in 12.3176ms. 
2019-12-27 14:07:35.9169|1|INFO|Microsoft.AspNetCore.Mvc.Infrastructure.ObjectResultExecutor|Executing ObjectResult, writing value of type 'DAL.Models.User'. 
2019-12-27 14:07:35.9474|2|INFO|Microsoft.AspNetCore.Mvc.Internal.ControllerActionInvoker|Executed action WebApi.Controllers.UsersController.Authenticate (WebApi) in 97.929ms 
2019-12-27 14:07:35.9474|1|INFO|Microsoft.AspNetCore.Routing.EndpointMiddleware|Executed endpoint 'WebApi.Controllers.UsersController.Authenticate (WebApi)' 
2019-12-27 14:07:35.9474|2|INFO|Microsoft.AspNetCore.Hosting.Internal.WebHost|Request finished in 153.4447ms 200 application/json; charset=utf-8 
2019-12-27 14:08:08.6931|1|INFO|Microsoft.AspNetCore.Hosting.Internal.WebHost|Request starting HTTP/1.1 PUT http://localhost:44390/pos application/json 2029 
2019-12-27 14:08:08.7185|2|INFO|Microsoft.AspNetCore.Authentication.JwtBearer.JwtBearerHandler|Successfully validated the token. 
2019-12-27 14:08:08.7185|0|INFO|Microsoft.AspNetCore.Routing.EndpointMiddleware|Executing endpoint '405 HTTP Method Not Supported' 
2019-12-27 14:08:08.7185|1|INFO|Microsoft.AspNetCore.Routing.EndpointMiddleware|Executed endpoint '405 HTTP Method Not Supported' 
2019-12-27 14:08:08.7185|2|INFO|Microsoft.AspNetCore.Hosting.Internal.WebHost|Request finished in 29.9322ms 405  
2019-12-27 14:08:08.7185|32|INFO|Microsoft.AspNetCore.Server.Kestrel|Connection id "0HLSAVVQ2C3LF", Request id "0HLSAVVQ2C3LF:00000003": the application completed without reading the entire request body. 
2019-12-27 14:08:25.0176|1|INFO|Microsoft.AspNetCore.Hosting.Internal.WebHost|Request starting HTTP/1.1 PUT http://localhost:44390/pos/3015 application/json 2029 
2019-12-27 14:08:25.0262|2|INFO|Microsoft.AspNetCore.Authentication.JwtBearer.JwtBearerHandler|Successfully validated the token. 
2019-12-27 14:08:25.0262|0|INFO|Microsoft.AspNetCore.Routing.EndpointMiddleware|Executing endpoint 'WebApi.Controllers.PosController.Put (WebApi)' 
2019-12-27 14:08:25.0510|1|INFO|Microsoft.AspNetCore.Mvc.Internal.ControllerActionInvoker|Route matched with {action = "Put", controller = "Pos"}. Executing action WebApi.Controllers.PosController.Put (WebApi) 
2019-12-27 14:08:25.1226|1|INFO|Microsoft.AspNetCore.Mvc.Internal.ControllerActionInvoker|Executing action method WebApi.Controllers.PosController.Put (WebApi) with arguments (3015, DAL.Models.Po) - Validation state: Valid 
2019-12-27 14:08:36.4432|2|INFO|Microsoft.AspNetCore.Mvc.Internal.ControllerActionInvoker|Executed action method WebApi.Controllers.PosController.Put (WebApi), returned result Microsoft.AspNetCore.Mvc.BadRequestObjectResult in 11320.0582ms. 
2019-12-27 14:08:36.4463|1|INFO|Microsoft.AspNetCore.Mvc.Infrastructure.ObjectResultExecutor|Executing ObjectResult, writing value of type 'System.String'. 
2019-12-27 14:08:36.4463|2|INFO|Microsoft.AspNetCore.Mvc.Internal.ControllerActionInvoker|Executed action WebApi.Controllers.PosController.Put (WebApi) in 11397.5507ms 
2019-12-27 14:08:36.4463|1|INFO|Microsoft.AspNetCore.Routing.EndpointMiddleware|Executed endpoint 'WebApi.Controllers.PosController.Put (WebApi)' 
2019-12-27 14:08:36.4463|2|INFO|Microsoft.AspNetCore.Hosting.Internal.WebHost|Request finished in 11437.5759ms 400 application/json; charset=utf-8 
2019-12-27 14:08:53.2133|1|INFO|Microsoft.AspNetCore.Hosting.Internal.WebHost|Request starting HTTP/1.1 PUT http://localhost:44390/pos/3015 application/json 2029 
2019-12-27 14:08:53.2424|2|INFO|Microsoft.AspNetCore.Authentication.JwtBearer.JwtBearerHandler|Successfully validated the token. 
2019-12-27 14:08:53.2424|0|INFO|Microsoft.AspNetCore.Routing.EndpointMiddleware|Executing endpoint 'WebApi.Controllers.PosController.Put (WebApi)' 
2019-12-27 14:08:53.2424|1|INFO|Microsoft.AspNetCore.Mvc.Internal.ControllerActionInvoker|Route matched with {action = "Put", controller = "Pos"}. Executing action WebApi.Controllers.PosController.Put (WebApi) 
2019-12-27 14:08:53.2424|1|INFO|Microsoft.AspNetCore.Mvc.Internal.ControllerActionInvoker|Executing action method WebApi.Controllers.PosController.Put (WebApi) with arguments (3015, DAL.Models.Po) - Validation state: Valid 
2019-12-27 14:17:12.1622||DEBUG|WebApi.Program|init main 
2019-12-27 14:17:13.3227||INFO|Microsoft.AspNetCore.DataProtection.KeyManagement.XmlKeyManager|User profile is available. Using 'C:\Users\rcharkhawala\AppData\Local\ASP.NET\DataProtection-Keys' as key repository and Windows DPAPI to encrypt keys at rest. 
2019-12-27 14:17:14.0387|1|INFO|Microsoft.AspNetCore.Hosting.Internal.WebHost|Request starting HTTP/1.1 GET http://localhost:44390/api/values   
2019-12-27 14:17:14.0387|1|INFO|Microsoft.AspNetCore.Hosting.Internal.WebHost|Request starting HTTP/1.1 DEBUG http://localhost:52652/  0 
2019-12-27 14:17:14.0780|2|INFO|Microsoft.AspNetCore.Hosting.Internal.WebHost|Request finished in 40.0308ms 200  
2019-12-27 14:17:14.1700|2|INFO|Microsoft.AspNetCore.Hosting.Internal.WebHost|Request finished in 132.4534ms 404  
2019-12-27 14:17:19.0225|1|INFO|Microsoft.AspNetCore.Hosting.Internal.WebHost|Request starting HTTP/1.1 PUT http://localhost:44390/pos/3015 application/json 2029 
2019-12-27 14:17:19.0972|2|INFO|Microsoft.AspNetCore.Authentication.JwtBearer.JwtBearerHandler|Successfully validated the token. 
2019-12-27 14:17:19.1074|0|INFO|Microsoft.AspNetCore.Routing.EndpointMiddleware|Executing endpoint 'WebApi.Controllers.PosController.Put (WebApi)' 
2019-12-27 14:17:19.1415|1|INFO|Microsoft.AspNetCore.Mvc.Internal.ControllerActionInvoker|Route matched with {action = "Put", controller = "Pos"}. Executing action WebApi.Controllers.PosController.Put (WebApi) 
2019-12-27 14:17:19.2652|1|INFO|Microsoft.AspNetCore.Mvc.Internal.ControllerActionInvoker|Executing action method WebApi.Controllers.PosController.Put (WebApi) with arguments (3015, DAL.Models.Po) - Validation state: Valid 
2019-12-27 14:17:56.7008|2|INFO|Microsoft.AspNetCore.Mvc.Internal.ControllerActionInvoker|Executed action method WebApi.Controllers.PosController.Put (WebApi), returned result Microsoft.AspNetCore.Mvc.OkResult in 37429.2474ms. 
2019-12-27 14:17:56.7206|1|INFO|Microsoft.AspNetCore.Mvc.StatusCodeResult|Executing HttpStatusCodeResult, setting HTTP status code 200 
2019-12-27 14:17:56.7402|2|INFO|Microsoft.AspNetCore.Mvc.Internal.ControllerActionInvoker|Executed action WebApi.Controllers.PosController.Put (WebApi) in 37592.5213ms 
2019-12-27 14:17:56.7442|1|INFO|Microsoft.AspNetCore.Routing.EndpointMiddleware|Executed endpoint 'WebApi.Controllers.PosController.Put (WebApi)' 
2019-12-27 14:17:56.7442|2|INFO|Microsoft.AspNetCore.Hosting.Internal.WebHost|Request finished in 37732.9883ms 200  
2019-12-27 14:28:39.1460||DEBUG|WebApi.Program|init main 
2019-12-27 14:28:40.2799||INFO|Microsoft.AspNetCore.DataProtection.KeyManagement.XmlKeyManager|User profile is available. Using 'C:\Users\rcharkhawala\AppData\Local\ASP.NET\DataProtection-Keys' as key repository and Windows DPAPI to encrypt keys at rest. 
2019-12-27 14:28:40.8654|1|INFO|Microsoft.AspNetCore.Hosting.Internal.WebHost|Request starting HTTP/1.1 GET http://localhost:44390/api/values   
2019-12-27 14:28:40.8654|1|INFO|Microsoft.AspNetCore.Hosting.Internal.WebHost|Request starting HTTP/1.1 DEBUG http://localhost:52652/  0 
2019-12-27 14:28:40.8997|2|INFO|Microsoft.AspNetCore.Hosting.Internal.WebHost|Request finished in 34.7902ms 200  
2019-12-27 14:28:40.9927|2|INFO|Microsoft.AspNetCore.Hosting.Internal.WebHost|Request finished in 128.0898ms 404  
2019-12-27 14:28:46.1704|1|INFO|Microsoft.AspNetCore.Hosting.Internal.WebHost|Request starting HTTP/1.1 POST http://localhost:44390/parts application/json 515 
2019-12-27 14:28:46.2321|1|INFO|Microsoft.AspNetCore.Authentication.JwtBearer.JwtBearerHandler|Failed to validate the token. Microsoft.IdentityModel.Tokens.SecurityTokenExpiredException: IDX10223: Lifetime validation failed. The token is expired. ValidTo: '[PII is hidden]', Current time: '[PII is hidden]'.
   at Microsoft.IdentityModel.Tokens.Validators.ValidateLifetime(Nullable`1 notBefore, Nullable`1 expires, SecurityToken securityToken, TokenValidationParameters validationParameters)
   at System.IdentityModel.Tokens.Jwt.JwtSecurityTokenHandler.ValidateLifetime(Nullable`1 notBefore, Nullable`1 expires, JwtSecurityToken jwtToken, TokenValidationParameters validationParameters)
   at System.IdentityModel.Tokens.Jwt.JwtSecurityTokenHandler.ValidateTokenPayload(JwtSecurityToken jwtToken, TokenValidationParameters validationParameters)
   at System.IdentityModel.Tokens.Jwt.JwtSecurityTokenHandler.ValidateToken(String token, TokenValidationParameters validationParameters, SecurityToken& validatedToken)
   at Microsoft.AspNetCore.Authentication.JwtBearer.JwtBearerHandler.HandleAuthenticateAsync()
2019-12-27 14:28:46.2585|7|INFO|Microsoft.AspNetCore.Authentication.JwtBearer.JwtBearerHandler|Bearer was not authenticated. Failure message: IDX10223: Lifetime validation failed. The token is expired. ValidTo: '[PII is hidden]', Current time: '[PII is hidden]'. 
2019-12-27 14:28:46.2585|0|INFO|Microsoft.AspNetCore.Routing.EndpointMiddleware|Executing endpoint 'WebApi.Controllers.PartsController.Post (WebApi)' 
2019-12-27 14:28:46.2993|1|INFO|Microsoft.AspNetCore.Mvc.Internal.ControllerActionInvoker|Route matched with {action = "Post", controller = "Parts"}. Executing action WebApi.Controllers.PartsController.Post (WebApi) 
2019-12-27 14:28:46.3709|1|INFO|Microsoft.AspNetCore.Mvc.Internal.ControllerActionInvoker|Executing action method WebApi.Controllers.PartsController.Post (WebApi) with arguments (DAL.Models.Part) - Validation state: Valid 
2019-12-27 14:28:49.0644|2|INFO|Microsoft.AspNetCore.Mvc.Internal.ControllerActionInvoker|Executed action method WebApi.Controllers.PartsController.Post (WebApi), returned result Microsoft.AspNetCore.Mvc.ObjectResult in 2690.9574ms. 
2019-12-27 14:28:49.0741|1|INFO|Microsoft.AspNetCore.Mvc.Infrastructure.ObjectResultExecutor|Executing ObjectResult, writing value of type 'System.String'. 
2019-12-27 14:28:49.0878|2|INFO|Microsoft.AspNetCore.Mvc.Internal.ControllerActionInvoker|Executed action WebApi.Controllers.PartsController.Post (WebApi) in 2784.8276ms 
2019-12-27 14:28:49.0878|1|INFO|Microsoft.AspNetCore.Routing.EndpointMiddleware|Executed endpoint 'WebApi.Controllers.PartsController.Post (WebApi)' 
2019-12-27 14:28:49.0878|2|INFO|Microsoft.AspNetCore.Hosting.Internal.WebHost|Request finished in 2928.7026ms 500 application/json; charset=utf-8 
2019-12-27 14:29:17.9430|1|INFO|Microsoft.AspNetCore.Hosting.Internal.WebHost|Request starting HTTP/1.1 POST http://localhost:44390/parts application/json 515 
2019-12-27 14:29:17.9518|1|INFO|Microsoft.AspNetCore.Authentication.JwtBearer.JwtBearerHandler|Failed to validate the token. Microsoft.IdentityModel.Tokens.SecurityTokenExpiredException: IDX10223: Lifetime validation failed. The token is expired. ValidTo: '[PII is hidden]', Current time: '[PII is hidden]'.
   at Microsoft.IdentityModel.Tokens.Validators.ValidateLifetime(Nullable`1 notBefore, Nullable`1 expires, SecurityToken securityToken, TokenValidationParameters validationParameters)
   at System.IdentityModel.Tokens.Jwt.JwtSecurityTokenHandler.ValidateLifetime(Nullable`1 notBefore, Nullable`1 expires, JwtSecurityToken jwtToken, TokenValidationParameters validationParameters)
   at System.IdentityModel.Tokens.Jwt.JwtSecurityTokenHandler.ValidateTokenPayload(JwtSecurityToken jwtToken, TokenValidationParameters validationParameters)
   at System.IdentityModel.Tokens.Jwt.JwtSecurityTokenHandler.ValidateToken(String token, TokenValidationParameters validationParameters, SecurityToken& validatedToken)
   at Microsoft.AspNetCore.Authentication.JwtBearer.JwtBearerHandler.HandleAuthenticateAsync()
2019-12-27 14:29:17.9518|7|INFO|Microsoft.AspNetCore.Authentication.JwtBearer.JwtBearerHandler|Bearer was not authenticated. Failure message: IDX10223: Lifetime validation failed. The token is expired. ValidTo: '[PII is hidden]', Current time: '[PII is hidden]'. 
2019-12-27 14:29:17.9518|0|INFO|Microsoft.AspNetCore.Routing.EndpointMiddleware|Executing endpoint 'WebApi.Controllers.PartsController.Post (WebApi)' 
2019-12-27 14:29:17.9518|1|INFO|Microsoft.AspNetCore.Mvc.Internal.ControllerActionInvoker|Route matched with {action = "Post", controller = "Parts"}. Executing action WebApi.Controllers.PartsController.Post (WebApi) 
2019-12-27 14:29:17.9605|1|INFO|Microsoft.AspNetCore.Mvc.Internal.ControllerActionInvoker|Executing action method WebApi.Controllers.PartsController.Post (WebApi) with arguments (DAL.Models.Part) - Validation state: Valid 
2019-12-27 14:36:16.9075||DEBUG|WebApi.Program|init main 
2019-12-27 14:36:18.1558||INFO|Microsoft.AspNetCore.DataProtection.KeyManagement.XmlKeyManager|User profile is available. Using 'C:\Users\rcharkhawala\AppData\Local\ASP.NET\DataProtection-Keys' as key repository and Windows DPAPI to encrypt keys at rest. 
2019-12-27 14:36:18.7404|1|INFO|Microsoft.AspNetCore.Hosting.Internal.WebHost|Request starting HTTP/1.1 GET http://localhost:44390/api/values   
2019-12-27 14:36:18.7404|1|INFO|Microsoft.AspNetCore.Hosting.Internal.WebHost|Request starting HTTP/1.1 DEBUG http://localhost:52652/  0 
2019-12-27 14:36:18.7738|2|INFO|Microsoft.AspNetCore.Hosting.Internal.WebHost|Request finished in 33.7538ms 200  
2019-12-27 14:36:18.8498|2|INFO|Microsoft.AspNetCore.Hosting.Internal.WebHost|Request finished in 109.9593ms 404  
2019-12-27 14:36:25.4626|1|INFO|Microsoft.AspNetCore.Hosting.Internal.WebHost|Request starting HTTP/1.1 POST http://localhost:44390/parts application/json 515 
2019-12-27 14:36:25.5259|1|INFO|Microsoft.AspNetCore.Authentication.JwtBearer.JwtBearerHandler|Failed to validate the token. Microsoft.IdentityModel.Tokens.SecurityTokenExpiredException: IDX10223: Lifetime validation failed. The token is expired. ValidTo: '[PII is hidden]', Current time: '[PII is hidden]'.
   at Microsoft.IdentityModel.Tokens.Validators.ValidateLifetime(Nullable`1 notBefore, Nullable`1 expires, SecurityToken securityToken, TokenValidationParameters validationParameters)
   at System.IdentityModel.Tokens.Jwt.JwtSecurityTokenHandler.ValidateLifetime(Nullable`1 notBefore, Nullable`1 expires, JwtSecurityToken jwtToken, TokenValidationParameters validationParameters)
   at System.IdentityModel.Tokens.Jwt.JwtSecurityTokenHandler.ValidateTokenPayload(JwtSecurityToken jwtToken, TokenValidationParameters validationParameters)
   at System.IdentityModel.Tokens.Jwt.JwtSecurityTokenHandler.ValidateToken(String token, TokenValidationParameters validationParameters, SecurityToken& validatedToken)
   at Microsoft.AspNetCore.Authentication.JwtBearer.JwtBearerHandler.HandleAuthenticateAsync()
2019-12-27 14:36:25.5563|7|INFO|Microsoft.AspNetCore.Authentication.JwtBearer.JwtBearerHandler|Bearer was not authenticated. Failure message: IDX10223: Lifetime validation failed. The token is expired. ValidTo: '[PII is hidden]', Current time: '[PII is hidden]'. 
2019-12-27 14:36:25.5563|0|INFO|Microsoft.AspNetCore.Routing.EndpointMiddleware|Executing endpoint 'WebApi.Controllers.PartsController.Post (WebApi)' 
2019-12-27 14:36:25.5949|1|INFO|Microsoft.AspNetCore.Mvc.Internal.ControllerActionInvoker|Route matched with {action = "Post", controller = "Parts"}. Executing action WebApi.Controllers.PartsController.Post (WebApi) 
2019-12-27 14:36:25.6813|1|INFO|Microsoft.AspNetCore.Mvc.Internal.ControllerActionInvoker|Executing action method WebApi.Controllers.PartsController.Post (WebApi) with arguments (DAL.Models.Part) - Validation state: Valid 
2019-12-27 14:36:34.1032|2|INFO|Microsoft.AspNetCore.Mvc.Internal.ControllerActionInvoker|Executed action method WebApi.Controllers.PartsController.Post (WebApi), returned result Microsoft.AspNetCore.Mvc.ObjectResult in 8419.4647ms. 
2019-12-27 14:36:34.1032|1|INFO|Microsoft.AspNetCore.Mvc.Infrastructure.ObjectResultExecutor|Executing ObjectResult, writing value of type 'System.String'. 
2019-12-27 14:36:34.1240|2|INFO|Microsoft.AspNetCore.Mvc.Internal.ControllerActionInvoker|Executed action WebApi.Controllers.PartsController.Post (WebApi) in 8525.5026ms 
2019-12-27 14:36:34.1240|1|INFO|Microsoft.AspNetCore.Routing.EndpointMiddleware|Executed endpoint 'WebApi.Controllers.PartsController.Post (WebApi)' 
2019-12-27 14:36:34.1320|2|INFO|Microsoft.AspNetCore.Hosting.Internal.WebHost|Request finished in 8669.4616ms 500 application/json; charset=utf-8 
2019-12-27 14:36:46.1003|1|INFO|Microsoft.AspNetCore.Hosting.Internal.WebHost|Request starting HTTP/1.1 POST http://localhost:44390/parts application/json 515 
2019-12-27 14:36:46.1019|1|INFO|Microsoft.AspNetCore.Authentication.JwtBearer.JwtBearerHandler|Failed to validate the token. Microsoft.IdentityModel.Tokens.SecurityTokenExpiredException: IDX10223: Lifetime validation failed. The token is expired. ValidTo: '[PII is hidden]', Current time: '[PII is hidden]'.
   at Microsoft.IdentityModel.Tokens.Validators.ValidateLifetime(Nullable`1 notBefore, Nullable`1 expires, SecurityToken securityToken, TokenValidationParameters validationParameters)
   at System.IdentityModel.Tokens.Jwt.JwtSecurityTokenHandler.ValidateLifetime(Nullable`1 notBefore, Nullable`1 expires, JwtSecurityToken jwtToken, TokenValidationParameters validationParameters)
   at System.IdentityModel.Tokens.Jwt.JwtSecurityTokenHandler.ValidateTokenPayload(JwtSecurityToken jwtToken, TokenValidationParameters validationParameters)
   at System.IdentityModel.Tokens.Jwt.JwtSecurityTokenHandler.ValidateToken(String token, TokenValidationParameters validationParameters, SecurityToken& validatedToken)
   at Microsoft.AspNetCore.Authentication.JwtBearer.JwtBearerHandler.HandleAuthenticateAsync()
2019-12-27 14:36:46.1019|7|INFO|Microsoft.AspNetCore.Authentication.JwtBearer.JwtBearerHandler|Bearer was not authenticated. Failure message: IDX10223: Lifetime validation failed. The token is expired. ValidTo: '[PII is hidden]', Current time: '[PII is hidden]'. 
2019-12-27 14:36:46.1019|0|INFO|Microsoft.AspNetCore.Routing.EndpointMiddleware|Executing endpoint 'WebApi.Controllers.PartsController.Post (WebApi)' 
2019-12-27 14:36:46.1019|1|INFO|Microsoft.AspNetCore.Mvc.Internal.ControllerActionInvoker|Route matched with {action = "Post", controller = "Parts"}. Executing action WebApi.Controllers.PartsController.Post (WebApi) 
2019-12-27 14:36:46.1019|1|INFO|Microsoft.AspNetCore.Mvc.Internal.ControllerActionInvoker|Executing action method WebApi.Controllers.PartsController.Post (WebApi) with arguments (DAL.Models.Part) - Validation state: Valid 
2019-12-27 14:37:40.2307|2|INFO|Microsoft.AspNetCore.Mvc.Internal.ControllerActionInvoker|Executed action method WebApi.Controllers.PartsController.Post (WebApi), returned result Microsoft.AspNetCore.Mvc.ObjectResult in 54120.1104ms. 
2019-12-27 14:37:40.2307|1|INFO|Microsoft.AspNetCore.Mvc.Infrastructure.ObjectResultExecutor|Executing ObjectResult, writing value of type 'System.String'. 
2019-12-27 14:37:40.2645|2|INFO|Microsoft.AspNetCore.Mvc.Internal.ControllerActionInvoker|Executed action WebApi.Controllers.PartsController.Post (WebApi) in 54155.6365ms 
2019-12-27 14:37:40.2645|1|INFO|Microsoft.AspNetCore.Routing.EndpointMiddleware|Executed endpoint 'WebApi.Controllers.PartsController.Post (WebApi)' 
2019-12-27 14:37:40.2645|2|INFO|Microsoft.AspNetCore.Hosting.Internal.WebHost|Request finished in 54165.3564ms 500 application/json; charset=utf-8 
2019-12-27 14:37:43.0223|1|INFO|Microsoft.AspNetCore.Hosting.Internal.WebHost|Request starting HTTP/1.1 POST http://localhost:44390/parts application/json 515 
2019-12-27 14:37:43.0223|1|INFO|Microsoft.AspNetCore.Authentication.JwtBearer.JwtBearerHandler|Failed to validate the token. Microsoft.IdentityModel.Tokens.SecurityTokenExpiredException: IDX10223: Lifetime validation failed. The token is expired. ValidTo: '[PII is hidden]', Current time: '[PII is hidden]'.
   at Microsoft.IdentityModel.Tokens.Validators.ValidateLifetime(Nullable`1 notBefore, Nullable`1 expires, SecurityToken securityToken, TokenValidationParameters validationParameters)
   at System.IdentityModel.Tokens.Jwt.JwtSecurityTokenHandler.ValidateLifetime(Nullable`1 notBefore, Nullable`1 expires, JwtSecurityToken jwtToken, TokenValidationParameters validationParameters)
   at System.IdentityModel.Tokens.Jwt.JwtSecurityTokenHandler.ValidateTokenPayload(JwtSecurityToken jwtToken, TokenValidationParameters validationParameters)
   at System.IdentityModel.Tokens.Jwt.JwtSecurityTokenHandler.ValidateToken(String token, TokenValidationParameters validationParameters, SecurityToken& validatedToken)
   at Microsoft.AspNetCore.Authentication.JwtBearer.JwtBearerHandler.HandleAuthenticateAsync()
2019-12-27 14:37:43.0223|7|INFO|Microsoft.AspNetCore.Authentication.JwtBearer.JwtBearerHandler|Bearer was not authenticated. Failure message: IDX10223: Lifetime validation failed. The token is expired. ValidTo: '[PII is hidden]', Current time: '[PII is hidden]'. 
2019-12-27 14:37:43.0223|0|INFO|Microsoft.AspNetCore.Routing.EndpointMiddleware|Executing endpoint 'WebApi.Controllers.PartsController.Post (WebApi)' 
2019-12-27 14:37:43.0400|1|INFO|Microsoft.AspNetCore.Mvc.Internal.ControllerActionInvoker|Route matched with {action = "Post", controller = "Parts"}. Executing action WebApi.Controllers.PartsController.Post (WebApi) 
2019-12-27 14:37:43.0400|1|INFO|Microsoft.AspNetCore.Mvc.Internal.ControllerActionInvoker|Executing action method WebApi.Controllers.PartsController.Post (WebApi) with arguments (DAL.Models.Part) - Validation state: Valid 
2019-12-27 14:56:45.9538||DEBUG|WebApi.Program|init main 
2019-12-27 14:56:47.2067||INFO|Microsoft.AspNetCore.DataProtection.KeyManagement.XmlKeyManager|User profile is available. Using 'C:\Users\rcharkhawala\AppData\Local\ASP.NET\DataProtection-Keys' as key repository and Windows DPAPI to encrypt keys at rest. 
2019-12-27 14:56:47.9603|1|INFO|Microsoft.AspNetCore.Hosting.Internal.WebHost|Request starting HTTP/1.1 DEBUG http://localhost:52652/  0 
2019-12-27 14:56:47.9603|1|INFO|Microsoft.AspNetCore.Hosting.Internal.WebHost|Request starting HTTP/1.1 GET http://localhost:44390/api/values   
2019-12-27 14:56:47.9980|2|INFO|Microsoft.AspNetCore.Hosting.Internal.WebHost|Request finished in 38.0946ms 200  
2019-12-27 14:56:48.0903|2|INFO|Microsoft.AspNetCore.Hosting.Internal.WebHost|Request finished in 130.5577ms 404  
2019-12-27 14:56:51.4151|1|INFO|Microsoft.AspNetCore.Hosting.Internal.WebHost|Request starting HTTP/1.1 POST http://localhost:44390/parts application/json 515 
2019-12-27 14:56:51.5025|1|INFO|Microsoft.AspNetCore.Authentication.JwtBearer.JwtBearerHandler|Failed to validate the token. Microsoft.IdentityModel.Tokens.SecurityTokenExpiredException: IDX10223: Lifetime validation failed. The token is expired. ValidTo: '[PII is hidden]', Current time: '[PII is hidden]'.
   at Microsoft.IdentityModel.Tokens.Validators.ValidateLifetime(Nullable`1 notBefore, Nullable`1 expires, SecurityToken securityToken, TokenValidationParameters validationParameters)
   at System.IdentityModel.Tokens.Jwt.JwtSecurityTokenHandler.ValidateLifetime(Nullable`1 notBefore, Nullable`1 expires, JwtSecurityToken jwtToken, TokenValidationParameters validationParameters)
   at System.IdentityModel.Tokens.Jwt.JwtSecurityTokenHandler.ValidateTokenPayload(JwtSecurityToken jwtToken, TokenValidationParameters validationParameters)
   at System.IdentityModel.Tokens.Jwt.JwtSecurityTokenHandler.ValidateToken(String token, TokenValidationParameters validationParameters, SecurityToken& validatedToken)
   at Microsoft.AspNetCore.Authentication.JwtBearer.JwtBearerHandler.HandleAuthenticateAsync()
2019-12-27 14:56:51.5435|7|INFO|Microsoft.AspNetCore.Authentication.JwtBearer.JwtBearerHandler|Bearer was not authenticated. Failure message: IDX10223: Lifetime validation failed. The token is expired. ValidTo: '[PII is hidden]', Current time: '[PII is hidden]'. 
2019-12-27 14:56:51.5435|0|INFO|Microsoft.AspNetCore.Routing.EndpointMiddleware|Executing endpoint 'WebApi.Controllers.PartsController.Post (WebApi)' 
2019-12-27 14:56:51.6078|1|INFO|Microsoft.AspNetCore.Mvc.Internal.ControllerActionInvoker|Route matched with {action = "Post", controller = "Parts"}. Executing action WebApi.Controllers.PartsController.Post (WebApi) 
2019-12-27 14:56:51.7031|1|INFO|Microsoft.AspNetCore.Mvc.Internal.ControllerActionInvoker|Executing action method WebApi.Controllers.PartsController.Post (WebApi) with arguments (DAL.Models.Part) - Validation state: Valid 
2019-12-27 14:56:58.5912|2|INFO|Microsoft.AspNetCore.Mvc.Internal.ControllerActionInvoker|Executed action method WebApi.Controllers.PartsController.Post (WebApi), returned result Microsoft.AspNetCore.Mvc.OkResult in 6885.1795ms. 
2019-12-27 14:56:58.6016|1|INFO|Microsoft.AspNetCore.Mvc.StatusCodeResult|Executing HttpStatusCodeResult, setting HTTP status code 200 
2019-12-27 14:56:58.6016|2|INFO|Microsoft.AspNetCore.Mvc.Internal.ControllerActionInvoker|Executed action WebApi.Controllers.PartsController.Post (WebApi) in 6996.3856ms 
2019-12-27 14:56:58.6016|1|INFO|Microsoft.AspNetCore.Routing.EndpointMiddleware|Executed endpoint 'WebApi.Controllers.PartsController.Post (WebApi)' 
2019-12-27 14:56:58.6016|2|INFO|Microsoft.AspNetCore.Hosting.Internal.WebHost|Request finished in 7198.4368ms 200  
2019-12-27 14:57:14.1598|1|INFO|Microsoft.AspNetCore.Hosting.Internal.WebHost|Request starting HTTP/1.1 POST http://localhost:44390/parts application/json 515 
2019-12-27 14:57:14.1657|1|INFO|Microsoft.AspNetCore.Authentication.JwtBearer.JwtBearerHandler|Failed to validate the token. Microsoft.IdentityModel.Tokens.SecurityTokenExpiredException: IDX10223: Lifetime validation failed. The token is expired. ValidTo: '[PII is hidden]', Current time: '[PII is hidden]'.
   at Microsoft.IdentityModel.Tokens.Validators.ValidateLifetime(Nullable`1 notBefore, Nullable`1 expires, SecurityToken securityToken, TokenValidationParameters validationParameters)
   at System.IdentityModel.Tokens.Jwt.JwtSecurityTokenHandler.ValidateLifetime(Nullable`1 notBefore, Nullable`1 expires, JwtSecurityToken jwtToken, TokenValidationParameters validationParameters)
   at System.IdentityModel.Tokens.Jwt.JwtSecurityTokenHandler.ValidateTokenPayload(JwtSecurityToken jwtToken, TokenValidationParameters validationParameters)
   at System.IdentityModel.Tokens.Jwt.JwtSecurityTokenHandler.ValidateToken(String token, TokenValidationParameters validationParameters, SecurityToken& validatedToken)
   at Microsoft.AspNetCore.Authentication.JwtBearer.JwtBearerHandler.HandleAuthenticateAsync()
2019-12-27 14:57:14.1657|7|INFO|Microsoft.AspNetCore.Authentication.JwtBearer.JwtBearerHandler|Bearer was not authenticated. Failure message: IDX10223: Lifetime validation failed. The token is expired. ValidTo: '[PII is hidden]', Current time: '[PII is hidden]'. 
2019-12-27 14:57:14.1657|0|INFO|Microsoft.AspNetCore.Routing.EndpointMiddleware|Executing endpoint 'WebApi.Controllers.PartsController.Post (WebApi)' 
2019-12-27 14:57:14.1657|1|INFO|Microsoft.AspNetCore.Mvc.Internal.ControllerActionInvoker|Route matched with {action = "Post", controller = "Parts"}. Executing action WebApi.Controllers.PartsController.Post (WebApi) 
2019-12-27 14:57:14.1657|1|INFO|Microsoft.AspNetCore.Mvc.Internal.ControllerActionInvoker|Executing action method WebApi.Controllers.PartsController.Post (WebApi) with arguments (DAL.Models.Part) - Validation state: Valid 
2019-12-27 14:57:16.4127|2|INFO|Microsoft.AspNetCore.Mvc.Internal.ControllerActionInvoker|Executed action method WebApi.Controllers.PartsController.Post (WebApi), returned result Microsoft.AspNetCore.Mvc.StatusCodeResult in 2238.2384ms. 
2019-12-27 14:57:16.4139|1|INFO|Microsoft.AspNetCore.Mvc.StatusCodeResult|Executing HttpStatusCodeResult, setting HTTP status code 302 
2019-12-27 14:57:16.4139|2|INFO|Microsoft.AspNetCore.Mvc.Internal.ControllerActionInvoker|Executed action WebApi.Controllers.PartsController.Post (WebApi) in 2242.4607ms 
2019-12-27 14:57:16.4139|1|INFO|Microsoft.AspNetCore.Routing.EndpointMiddleware|Executed endpoint 'WebApi.Controllers.PartsController.Post (WebApi)' 
2019-12-27 14:57:16.4139|2|INFO|Microsoft.AspNetCore.Hosting.Internal.WebHost|Request finished in 2257.7053ms 302  
2019-12-27 14:58:07.3766|1|INFO|Microsoft.AspNetCore.Hosting.Internal.WebHost|Request starting HTTP/1.1 POST http://localhost:44390/parts application/json 515 
2019-12-27 14:58:07.3766|1|INFO|Microsoft.AspNetCore.Authentication.JwtBearer.JwtBearerHandler|Failed to validate the token. Microsoft.IdentityModel.Tokens.SecurityTokenExpiredException: IDX10223: Lifetime validation failed. The token is expired. ValidTo: '[PII is hidden]', Current time: '[PII is hidden]'.
   at Microsoft.IdentityModel.Tokens.Validators.ValidateLifetime(Nullable`1 notBefore, Nullable`1 expires, SecurityToken securityToken, TokenValidationParameters validationParameters)
   at System.IdentityModel.Tokens.Jwt.JwtSecurityTokenHandler.ValidateLifetime(Nullable`1 notBefore, Nullable`1 expires, JwtSecurityToken jwtToken, TokenValidationParameters validationParameters)
   at System.IdentityModel.Tokens.Jwt.JwtSecurityTokenHandler.ValidateTokenPayload(JwtSecurityToken jwtToken, TokenValidationParameters validationParameters)
   at System.IdentityModel.Tokens.Jwt.JwtSecurityTokenHandler.ValidateToken(String token, TokenValidationParameters validationParameters, SecurityToken& validatedToken)
   at Microsoft.AspNetCore.Authentication.JwtBearer.JwtBearerHandler.HandleAuthenticateAsync()
2019-12-27 14:58:07.3766|7|INFO|Microsoft.AspNetCore.Authentication.JwtBearer.JwtBearerHandler|Bearer was not authenticated. Failure message: IDX10223: Lifetime validation failed. The token is expired. ValidTo: '[PII is hidden]', Current time: '[PII is hidden]'. 
2019-12-27 14:58:07.3827|0|INFO|Microsoft.AspNetCore.Routing.EndpointMiddleware|Executing endpoint 'WebApi.Controllers.PartsController.Post (WebApi)' 
2019-12-27 14:58:07.3827|1|INFO|Microsoft.AspNetCore.Mvc.Internal.ControllerActionInvoker|Route matched with {action = "Post", controller = "Parts"}. Executing action WebApi.Controllers.PartsController.Post (WebApi) 
2019-12-27 14:58:07.3827|1|INFO|Microsoft.AspNetCore.Mvc.Internal.ControllerActionInvoker|Executing action method WebApi.Controllers.PartsController.Post (WebApi) with arguments (DAL.Models.Part) - Validation state: Valid 
2019-12-27 14:58:28.6980|2|INFO|Microsoft.AspNetCore.Mvc.Internal.ControllerActionInvoker|Executed action method WebApi.Controllers.PartsController.Post (WebApi), returned result Microsoft.AspNetCore.Mvc.OkResult in 21312.8913ms. 
2019-12-27 14:58:28.6980|1|INFO|Microsoft.AspNetCore.Mvc.StatusCodeResult|Executing HttpStatusCodeResult, setting HTTP status code 200 
2019-12-27 14:58:28.6980|2|INFO|Microsoft.AspNetCore.Mvc.Internal.ControllerActionInvoker|Executed action WebApi.Controllers.PartsController.Post (WebApi) in 21315.9883ms 
2019-12-27 14:58:28.7283|1|INFO|Microsoft.AspNetCore.Routing.EndpointMiddleware|Executed endpoint 'WebApi.Controllers.PartsController.Post (WebApi)' 
2019-12-27 14:58:28.7283|2|INFO|Microsoft.AspNetCore.Hosting.Internal.WebHost|Request finished in 21357.2413ms 200  
2019-12-27 14:58:48.7692|1|INFO|Microsoft.AspNetCore.Hosting.Internal.WebHost|Request starting HTTP/1.1 PUT http://localhost:44390/parts/40014 application/json 519 
2019-12-27 14:58:48.7754|1|INFO|Microsoft.AspNetCore.Authentication.JwtBearer.JwtBearerHandler|Failed to validate the token. Microsoft.IdentityModel.Tokens.SecurityTokenExpiredException: IDX10223: Lifetime validation failed. The token is expired. ValidTo: '[PII is hidden]', Current time: '[PII is hidden]'.
   at Microsoft.IdentityModel.Tokens.Validators.ValidateLifetime(Nullable`1 notBefore, Nullable`1 expires, SecurityToken securityToken, TokenValidationParameters validationParameters)
   at System.IdentityModel.Tokens.Jwt.JwtSecurityTokenHandler.ValidateLifetime(Nullable`1 notBefore, Nullable`1 expires, JwtSecurityToken jwtToken, TokenValidationParameters validationParameters)
   at System.IdentityModel.Tokens.Jwt.JwtSecurityTokenHandler.ValidateTokenPayload(JwtSecurityToken jwtToken, TokenValidationParameters validationParameters)
   at System.IdentityModel.Tokens.Jwt.JwtSecurityTokenHandler.ValidateToken(String token, TokenValidationParameters validationParameters, SecurityToken& validatedToken)
   at Microsoft.AspNetCore.Authentication.JwtBearer.JwtBearerHandler.HandleAuthenticateAsync()
2019-12-27 14:58:48.7754|7|INFO|Microsoft.AspNetCore.Authentication.JwtBearer.JwtBearerHandler|Bearer was not authenticated. Failure message: IDX10223: Lifetime validation failed. The token is expired. ValidTo: '[PII is hidden]', Current time: '[PII is hidden]'. 
2019-12-27 14:58:48.7754|0|INFO|Microsoft.AspNetCore.Routing.EndpointMiddleware|Executing endpoint 'WebApi.Controllers.PartsController.Put (WebApi)' 
2019-12-27 14:58:48.7754|1|INFO|Microsoft.AspNetCore.Mvc.Internal.ControllerActionInvoker|Route matched with {action = "Put", controller = "Parts"}. Executing action WebApi.Controllers.PartsController.Put (WebApi) 
2019-12-27 14:58:48.7754|1|INFO|Microsoft.AspNetCore.Mvc.Internal.ControllerActionInvoker|Executing action method WebApi.Controllers.PartsController.Put (WebApi) with arguments (40014, DAL.Models.Part) - Validation state: Valid 
2019-12-27 14:58:49.0733|2|INFO|Microsoft.AspNetCore.Mvc.Internal.ControllerActionInvoker|Executed action method WebApi.Controllers.PartsController.Put (WebApi), returned result Microsoft.AspNetCore.Mvc.OkResult in 286.3117ms. 
2019-12-27 14:58:49.0733|1|INFO|Microsoft.AspNetCore.Mvc.StatusCodeResult|Executing HttpStatusCodeResult, setting HTTP status code 200 
2019-12-27 14:58:49.0733|2|INFO|Microsoft.AspNetCore.Mvc.Internal.ControllerActionInvoker|Executed action WebApi.Controllers.PartsController.Put (WebApi) in 289.6764ms 
2019-12-27 14:58:49.0733|1|INFO|Microsoft.AspNetCore.Routing.EndpointMiddleware|Executed endpoint 'WebApi.Controllers.PartsController.Put (WebApi)' 
2019-12-27 14:58:49.0997|2|INFO|Microsoft.AspNetCore.Hosting.Internal.WebHost|Request finished in 330.4332ms 200  
2019-12-27 15:03:25.2380|1|INFO|Microsoft.AspNetCore.Hosting.Internal.WebHost|Request starting HTTP/1.1 POST http://localhost:44390/customers application/json 151 
2019-12-27 15:03:25.2380|1|INFO|Microsoft.AspNetCore.Authentication.JwtBearer.JwtBearerHandler|Failed to validate the token. Microsoft.IdentityModel.Tokens.SecurityTokenExpiredException: IDX10223: Lifetime validation failed. The token is expired. ValidTo: '[PII is hidden]', Current time: '[PII is hidden]'.
   at Microsoft.IdentityModel.Tokens.Validators.ValidateLifetime(Nullable`1 notBefore, Nullable`1 expires, SecurityToken securityToken, TokenValidationParameters validationParameters)
   at System.IdentityModel.Tokens.Jwt.JwtSecurityTokenHandler.ValidateLifetime(Nullable`1 notBefore, Nullable`1 expires, JwtSecurityToken jwtToken, TokenValidationParameters validationParameters)
   at System.IdentityModel.Tokens.Jwt.JwtSecurityTokenHandler.ValidateTokenPayload(JwtSecurityToken jwtToken, TokenValidationParameters validationParameters)
   at System.IdentityModel.Tokens.Jwt.JwtSecurityTokenHandler.ValidateToken(String token, TokenValidationParameters validationParameters, SecurityToken& validatedToken)
   at Microsoft.AspNetCore.Authentication.JwtBearer.JwtBearerHandler.HandleAuthenticateAsync()
2019-12-27 15:03:25.2447|7|INFO|Microsoft.AspNetCore.Authentication.JwtBearer.JwtBearerHandler|Bearer was not authenticated. Failure message: IDX10223: Lifetime validation failed. The token is expired. ValidTo: '[PII is hidden]', Current time: '[PII is hidden]'. 
2019-12-27 15:03:25.2447|0|INFO|Microsoft.AspNetCore.Routing.EndpointMiddleware|Executing endpoint 'WebApi.Controllers.CustomersController.Post (WebApi)' 
2019-12-27 15:03:25.2447|1|INFO|Microsoft.AspNetCore.Mvc.Internal.ControllerActionInvoker|Route matched with {action = "Post", controller = "Customers"}. Executing action WebApi.Controllers.CustomersController.Post (WebApi) 
2019-12-27 15:03:25.2774|2|INFO|Microsoft.AspNetCore.Authorization.DefaultAuthorizationService|Authorization failed. 
2019-12-27 15:03:25.2774|3|INFO|Microsoft.AspNetCore.Mvc.Internal.ControllerActionInvoker|Authorization failed for the request at filter 'Microsoft.AspNetCore.Mvc.Authorization.AuthorizeFilter'. 
2019-12-27 15:03:25.2936|1|INFO|Microsoft.AspNetCore.Mvc.ChallengeResult|Executing ChallengeResult with authentication schemes (). 
2019-12-27 15:03:25.3102|12|INFO|Microsoft.AspNetCore.Authentication.JwtBearer.JwtBearerHandler|AuthenticationScheme: Bearer was challenged. 
2019-12-27 15:03:25.3102|2|INFO|Microsoft.AspNetCore.Mvc.Internal.ControllerActionInvoker|Executed action WebApi.Controllers.CustomersController.Post (WebApi) in 60.85ms 
2019-12-27 15:03:25.3102|1|INFO|Microsoft.AspNetCore.Routing.EndpointMiddleware|Executed endpoint 'WebApi.Controllers.CustomersController.Post (WebApi)' 
2019-12-27 15:03:25.3102|2|INFO|Microsoft.AspNetCore.Hosting.Internal.WebHost|Request finished in 74.6454ms 401  
2019-12-27 15:03:25.3230|32|INFO|Microsoft.AspNetCore.Server.Kestrel|Connection id "0HLSB0RK3U072", Request id "0HLSB0RK3U072:00000001": the application completed without reading the entire request body. 
2019-12-27 15:03:58.0994|1|INFO|Microsoft.AspNetCore.Hosting.Internal.WebHost|Request starting HTTP/1.1 POST http://localhost:44390/customers application/json 151 
2019-12-27 15:03:58.1016|1|INFO|Microsoft.AspNetCore.Authentication.JwtBearer.JwtBearerHandler|Failed to validate the token. Microsoft.IdentityModel.Tokens.SecurityTokenExpiredException: IDX10223: Lifetime validation failed. The token is expired. ValidTo: '[PII is hidden]', Current time: '[PII is hidden]'.
   at Microsoft.IdentityModel.Tokens.Validators.ValidateLifetime(Nullable`1 notBefore, Nullable`1 expires, SecurityToken securityToken, TokenValidationParameters validationParameters)
   at System.IdentityModel.Tokens.Jwt.JwtSecurityTokenHandler.ValidateLifetime(Nullable`1 notBefore, Nullable`1 expires, JwtSecurityToken jwtToken, TokenValidationParameters validationParameters)
   at System.IdentityModel.Tokens.Jwt.JwtSecurityTokenHandler.ValidateTokenPayload(JwtSecurityToken jwtToken, TokenValidationParameters validationParameters)
   at System.IdentityModel.Tokens.Jwt.JwtSecurityTokenHandler.ValidateToken(String token, TokenValidationParameters validationParameters, SecurityToken& validatedToken)
   at Microsoft.AspNetCore.Authentication.JwtBearer.JwtBearerHandler.HandleAuthenticateAsync()
2019-12-27 15:03:58.1256|7|INFO|Microsoft.AspNetCore.Authentication.JwtBearer.JwtBearerHandler|Bearer was not authenticated. Failure message: IDX10223: Lifetime validation failed. The token is expired. ValidTo: '[PII is hidden]', Current time: '[PII is hidden]'. 
2019-12-27 15:03:58.1256|0|INFO|Microsoft.AspNetCore.Routing.EndpointMiddleware|Executing endpoint 'WebApi.Controllers.CustomersController.Post (WebApi)' 
2019-12-27 15:03:58.1256|1|INFO|Microsoft.AspNetCore.Mvc.Internal.ControllerActionInvoker|Route matched with {action = "Post", controller = "Customers"}. Executing action WebApi.Controllers.CustomersController.Post (WebApi) 
2019-12-27 15:03:58.1256|2|INFO|Microsoft.AspNetCore.Authorization.DefaultAuthorizationService|Authorization failed. 
2019-12-27 15:03:58.1319|3|INFO|Microsoft.AspNetCore.Mvc.Internal.ControllerActionInvoker|Authorization failed for the request at filter 'Microsoft.AspNetCore.Mvc.Authorization.AuthorizeFilter'. 
2019-12-27 15:03:58.1319|1|INFO|Microsoft.AspNetCore.Mvc.ChallengeResult|Executing ChallengeResult with authentication schemes (). 
2019-12-27 15:03:58.1319|12|INFO|Microsoft.AspNetCore.Authentication.JwtBearer.JwtBearerHandler|AuthenticationScheme: Bearer was challenged. 
2019-12-27 15:03:58.1319|2|INFO|Microsoft.AspNetCore.Mvc.Internal.ControllerActionInvoker|Executed action WebApi.Controllers.CustomersController.Post (WebApi) in 2.5758ms 
2019-12-27 15:03:58.1319|1|INFO|Microsoft.AspNetCore.Routing.EndpointMiddleware|Executed endpoint 'WebApi.Controllers.CustomersController.Post (WebApi)' 
2019-12-27 15:03:58.1319|2|INFO|Microsoft.AspNetCore.Hosting.Internal.WebHost|Request finished in 35.159ms 401  
2019-12-27 15:03:58.1319|32|INFO|Microsoft.AspNetCore.Server.Kestrel|Connection id "0HLSB0RK3U072", Request id "0HLSB0RK3U072:00000002": the application completed without reading the entire request body. 
2019-12-27 15:04:03.1931|1|INFO|Microsoft.AspNetCore.Hosting.Internal.WebHost|Request starting HTTP/1.1 POST http://localhost:44390/customers application/json 151 
2019-12-27 15:04:03.1931|1|INFO|Microsoft.AspNetCore.Authentication.JwtBearer.JwtBearerHandler|Failed to validate the token. Microsoft.IdentityModel.Tokens.SecurityTokenExpiredException: IDX10223: Lifetime validation failed. The token is expired. ValidTo: '[PII is hidden]', Current time: '[PII is hidden]'.
   at Microsoft.IdentityModel.Tokens.Validators.ValidateLifetime(Nullable`1 notBefore, Nullable`1 expires, SecurityToken securityToken, TokenValidationParameters validationParameters)
   at System.IdentityModel.Tokens.Jwt.JwtSecurityTokenHandler.ValidateLifetime(Nullable`1 notBefore, Nullable`1 expires, JwtSecurityToken jwtToken, TokenValidationParameters validationParameters)
   at System.IdentityModel.Tokens.Jwt.JwtSecurityTokenHandler.ValidateTokenPayload(JwtSecurityToken jwtToken, TokenValidationParameters validationParameters)
   at System.IdentityModel.Tokens.Jwt.JwtSecurityTokenHandler.ValidateToken(String token, TokenValidationParameters validationParameters, SecurityToken& validatedToken)
   at Microsoft.AspNetCore.Authentication.JwtBearer.JwtBearerHandler.HandleAuthenticateAsync()
2019-12-27 15:04:03.1953|7|INFO|Microsoft.AspNetCore.Authentication.JwtBearer.JwtBearerHandler|Bearer was not authenticated. Failure message: IDX10223: Lifetime validation failed. The token is expired. ValidTo: '[PII is hidden]', Current time: '[PII is hidden]'. 
2019-12-27 15:04:03.1953|0|INFO|Microsoft.AspNetCore.Routing.EndpointMiddleware|Executing endpoint 'WebApi.Controllers.CustomersController.Post (WebApi)' 
2019-12-27 15:04:03.1953|1|INFO|Microsoft.AspNetCore.Mvc.Internal.ControllerActionInvoker|Route matched with {action = "Post", controller = "Customers"}. Executing action WebApi.Controllers.CustomersController.Post (WebApi) 
2019-12-27 15:04:03.1953|2|INFO|Microsoft.AspNetCore.Authorization.DefaultAuthorizationService|Authorization failed. 
2019-12-27 15:04:03.1953|3|INFO|Microsoft.AspNetCore.Mvc.Internal.ControllerActionInvoker|Authorization failed for the request at filter 'Microsoft.AspNetCore.Mvc.Authorization.AuthorizeFilter'. 
2019-12-27 15:04:03.1953|1|INFO|Microsoft.AspNetCore.Mvc.ChallengeResult|Executing ChallengeResult with authentication schemes (). 
2019-12-27 15:04:03.1953|12|INFO|Microsoft.AspNetCore.Authentication.JwtBearer.JwtBearerHandler|AuthenticationScheme: Bearer was challenged. 
2019-12-27 15:04:03.1953|2|INFO|Microsoft.AspNetCore.Mvc.Internal.ControllerActionInvoker|Executed action WebApi.Controllers.CustomersController.Post (WebApi) in 1.975ms 
2019-12-27 15:04:03.1953|1|INFO|Microsoft.AspNetCore.Routing.EndpointMiddleware|Executed endpoint 'WebApi.Controllers.CustomersController.Post (WebApi)' 
2019-12-27 15:04:03.1953|2|INFO|Microsoft.AspNetCore.Hosting.Internal.WebHost|Request finished in 7.1563ms 401  
2019-12-27 15:04:03.1953|32|INFO|Microsoft.AspNetCore.Server.Kestrel|Connection id "0HLSB0RK3U072", Request id "0HLSB0RK3U072:00000003": the application completed without reading the entire request body. 
2019-12-27 15:04:15.8210|1|INFO|Microsoft.AspNetCore.Hosting.Internal.WebHost|Request starting HTTP/1.1 POST http://localhost:44390/users/Authenticate application/json 47 
2019-12-27 15:04:15.8210|1|INFO|Microsoft.AspNetCore.Authentication.JwtBearer.JwtBearerHandler|Failed to validate the token. Microsoft.IdentityModel.Tokens.SecurityTokenExpiredException: IDX10223: Lifetime validation failed. The token is expired. ValidTo: '[PII is hidden]', Current time: '[PII is hidden]'.
   at Microsoft.IdentityModel.Tokens.Validators.ValidateLifetime(Nullable`1 notBefore, Nullable`1 expires, SecurityToken securityToken, TokenValidationParameters validationParameters)
   at System.IdentityModel.Tokens.Jwt.JwtSecurityTokenHandler.ValidateLifetime(Nullable`1 notBefore, Nullable`1 expires, JwtSecurityToken jwtToken, TokenValidationParameters validationParameters)
   at System.IdentityModel.Tokens.Jwt.JwtSecurityTokenHandler.ValidateTokenPayload(JwtSecurityToken jwtToken, TokenValidationParameters validationParameters)
   at System.IdentityModel.Tokens.Jwt.JwtSecurityTokenHandler.ValidateToken(String token, TokenValidationParameters validationParameters, SecurityToken& validatedToken)
   at Microsoft.AspNetCore.Authentication.JwtBearer.JwtBearerHandler.HandleAuthenticateAsync()
2019-12-27 15:04:15.8210|7|INFO|Microsoft.AspNetCore.Authentication.JwtBearer.JwtBearerHandler|Bearer was not authenticated. Failure message: IDX10223: Lifetime validation failed. The token is expired. ValidTo: '[PII is hidden]', Current time: '[PII is hidden]'. 
2019-12-27 15:04:15.8210|0|INFO|Microsoft.AspNetCore.Routing.EndpointMiddleware|Executing endpoint 'WebApi.Controllers.UsersController.Authenticate (WebApi)' 
2019-12-27 15:04:15.8348|1|INFO|Microsoft.AspNetCore.Mvc.Internal.ControllerActionInvoker|Route matched with {action = "Authenticate", controller = "Users"}. Executing action WebApi.Controllers.UsersController.Authenticate (WebApi) 
2019-12-27 15:04:15.8348|1|INFO|Microsoft.AspNetCore.Mvc.Internal.ControllerActionInvoker|Executing action method WebApi.Controllers.UsersController.Authenticate (WebApi) with arguments (DAL.Models.User) - Validation state: Valid 
2019-12-27 15:04:15.8572|2|INFO|Microsoft.AspNetCore.Mvc.Internal.ControllerActionInvoker|Executed action method WebApi.Controllers.UsersController.Authenticate (WebApi), returned result Microsoft.AspNetCore.Mvc.OkObjectResult in 9.2889ms. 
2019-12-27 15:04:15.8572|1|INFO|Microsoft.AspNetCore.Mvc.Infrastructure.ObjectResultExecutor|Executing ObjectResult, writing value of type 'DAL.Models.User'. 
2019-12-27 15:04:15.8715|2|INFO|Microsoft.AspNetCore.Mvc.Internal.ControllerActionInvoker|Executed action WebApi.Controllers.UsersController.Authenticate (WebApi) in 35.8311ms 
2019-12-27 15:04:15.8715|1|INFO|Microsoft.AspNetCore.Routing.EndpointMiddleware|Executed endpoint 'WebApi.Controllers.UsersController.Authenticate (WebApi)' 
2019-12-27 15:04:15.8715|2|INFO|Microsoft.AspNetCore.Hosting.Internal.WebHost|Request finished in 53.0021ms 200 application/json; charset=utf-8 
2019-12-27 15:04:49.1515|1|INFO|Microsoft.AspNetCore.Hosting.Internal.WebHost|Request starting HTTP/1.1 POST http://localhost:44390/customers application/json 151 
2019-12-27 15:04:49.1789|2|INFO|Microsoft.AspNetCore.Authentication.JwtBearer.JwtBearerHandler|Successfully validated the token. 
2019-12-27 15:04:49.1789|0|INFO|Microsoft.AspNetCore.Routing.EndpointMiddleware|Executing endpoint 'WebApi.Controllers.CustomersController.Post (WebApi)' 
2019-12-27 15:04:49.1789|1|INFO|Microsoft.AspNetCore.Mvc.Internal.ControllerActionInvoker|Route matched with {action = "Post", controller = "Customers"}. Executing action WebApi.Controllers.CustomersController.Post (WebApi) 
2019-12-27 15:04:49.1789|1|INFO|Microsoft.AspNetCore.Authorization.DefaultAuthorizationService|Authorization was successful. 
2019-12-27 15:04:49.1977|1|INFO|Microsoft.AspNetCore.Mvc.Internal.ControllerActionInvoker|Executing action method WebApi.Controllers.CustomersController.Post (WebApi) with arguments (DAL.Models.Customer) - Validation state: Valid 
2019-12-27 15:04:49.3566|2|INFO|Microsoft.AspNetCore.Mvc.Internal.ControllerActionInvoker|Executed action method WebApi.Controllers.CustomersController.Post (WebApi), returned result Microsoft.AspNetCore.Mvc.ObjectResult in 158.3855ms. 
2019-12-27 15:04:49.3566|1|INFO|Microsoft.AspNetCore.Mvc.Infrastructure.ObjectResultExecutor|Executing ObjectResult, writing value of type 'System.String'. 
2019-12-27 15:04:49.3566|2|INFO|Microsoft.AspNetCore.Mvc.Internal.ControllerActionInvoker|Executed action WebApi.Controllers.CustomersController.Post (WebApi) in 171.791ms 
2019-12-27 15:04:49.3566|1|INFO|Microsoft.AspNetCore.Routing.EndpointMiddleware|Executed endpoint 'WebApi.Controllers.CustomersController.Post (WebApi)' 
2019-12-27 15:04:49.3566|2|INFO|Microsoft.AspNetCore.Hosting.Internal.WebHost|Request finished in 207.5206ms 500 application/json; charset=utf-8 
2019-12-27 21:16:49.5344||DEBUG|WebApi.Program|init main 
2019-12-27 21:16:51.0691||INFO|Microsoft.AspNetCore.DataProtection.KeyManagement.XmlKeyManager|User profile is available. Using 'C:\Users\rcharkhawala\AppData\Local\ASP.NET\DataProtection-Keys' as key repository and Windows DPAPI to encrypt keys at rest. 
2019-12-27 21:16:51.8840|1|INFO|Microsoft.AspNetCore.Hosting.Internal.WebHost|Request starting HTTP/1.1 GET http://localhost:44390/api/values   
2019-12-27 21:16:51.8840|1|INFO|Microsoft.AspNetCore.Hosting.Internal.WebHost|Request starting HTTP/1.1 DEBUG http://localhost:52652/  0 
2019-12-27 21:16:51.9287|2|INFO|Microsoft.AspNetCore.Hosting.Internal.WebHost|Request finished in 44.9611ms 200  
2019-12-27 21:16:52.0200|2|INFO|Microsoft.AspNetCore.Hosting.Internal.WebHost|Request finished in 136.6266ms 404  
2019-12-27 21:17:13.8939|1|INFO|Microsoft.AspNetCore.Hosting.Internal.WebHost|Request starting HTTP/1.1 POST http://localhost:44390/customers application/json 151 
2019-12-27 21:17:13.9883|2|INFO|Microsoft.AspNetCore.Authentication.JwtBearer.JwtBearerHandler|Successfully validated the token. 
2019-12-27 21:17:13.9983|0|INFO|Microsoft.AspNetCore.Routing.EndpointMiddleware|Executing endpoint 'WebApi.Controllers.CustomersController.Post (WebApi)' 
2019-12-27 21:17:14.0395|1|INFO|Microsoft.AspNetCore.Mvc.Internal.ControllerActionInvoker|Route matched with {action = "Post", controller = "Customers"}. Executing action WebApi.Controllers.CustomersController.Post (WebApi) 
2019-12-27 21:17:14.0395|1|INFO|Microsoft.AspNetCore.Authorization.DefaultAuthorizationService|Authorization was successful. 
2019-12-27 21:17:14.1073|1|INFO|Microsoft.AspNetCore.Mvc.Internal.ControllerActionInvoker|Executing action method WebApi.Controllers.CustomersController.Post (WebApi) with arguments (DAL.Models.Customer) - Validation state: Valid 
2019-12-27 21:17:29.4888|2|INFO|Microsoft.AspNetCore.Mvc.Internal.ControllerActionInvoker|Executed action method WebApi.Controllers.CustomersController.Post (WebApi), returned result Microsoft.AspNetCore.Mvc.OkResult in 15378.6293ms. 
2019-12-27 21:17:29.5232|1|INFO|Microsoft.AspNetCore.Mvc.StatusCodeResult|Executing HttpStatusCodeResult, setting HTTP status code 200 
2019-12-27 21:17:29.5565|2|INFO|Microsoft.AspNetCore.Mvc.Internal.ControllerActionInvoker|Executed action WebApi.Controllers.CustomersController.Post (WebApi) in 15514.2164ms 
2019-12-27 21:17:29.5565|1|INFO|Microsoft.AspNetCore.Routing.EndpointMiddleware|Executed endpoint 'WebApi.Controllers.CustomersController.Post (WebApi)' 
2019-12-27 21:17:29.5565|2|INFO|Microsoft.AspNetCore.Hosting.Internal.WebHost|Request finished in 15670.0702ms 200  
2019-12-27 21:17:34.2300|1|INFO|Microsoft.AspNetCore.Hosting.Internal.WebHost|Request starting HTTP/1.1 POST http://localhost:44390/customers application/json 151 
2019-12-27 21:17:34.2300|2|INFO|Microsoft.AspNetCore.Authentication.JwtBearer.JwtBearerHandler|Successfully validated the token. 
2019-12-27 21:17:34.2300|0|INFO|Microsoft.AspNetCore.Routing.EndpointMiddleware|Executing endpoint 'WebApi.Controllers.CustomersController.Post (WebApi)' 
2019-12-27 21:17:34.2300|1|INFO|Microsoft.AspNetCore.Mvc.Internal.ControllerActionInvoker|Route matched with {action = "Post", controller = "Customers"}. Executing action WebApi.Controllers.CustomersController.Post (WebApi) 
2019-12-27 21:17:34.2300|1|INFO|Microsoft.AspNetCore.Authorization.DefaultAuthorizationService|Authorization was successful. 
2019-12-27 21:17:34.2300|1|INFO|Microsoft.AspNetCore.Mvc.Internal.ControllerActionInvoker|Executing action method WebApi.Controllers.CustomersController.Post (WebApi) with arguments (DAL.Models.Customer) - Validation state: Valid 
2019-12-27 21:17:40.9514|2|INFO|Microsoft.AspNetCore.Mvc.Internal.ControllerActionInvoker|Executed action method WebApi.Controllers.CustomersController.Post (WebApi), returned result Microsoft.AspNetCore.Mvc.OkResult in 6716.3885ms. 
2019-12-27 21:17:40.9514|1|INFO|Microsoft.AspNetCore.Mvc.StatusCodeResult|Executing HttpStatusCodeResult, setting HTTP status code 200 
2019-12-27 21:17:40.9514|2|INFO|Microsoft.AspNetCore.Mvc.Internal.ControllerActionInvoker|Executed action WebApi.Controllers.CustomersController.Post (WebApi) in 6721.2793ms 
2019-12-27 21:17:40.9514|1|INFO|Microsoft.AspNetCore.Routing.EndpointMiddleware|Executed endpoint 'WebApi.Controllers.CustomersController.Post (WebApi)' 
2019-12-27 21:17:40.9514|2|INFO|Microsoft.AspNetCore.Hosting.Internal.WebHost|Request finished in 6726.4885ms 200  
2019-12-27 21:17:53.6411|1|INFO|Microsoft.AspNetCore.Hosting.Internal.WebHost|Request starting HTTP/1.1 PUT http://localhost:44390/customers/1009 application/json 151 
2019-12-27 21:17:53.6411|2|INFO|Microsoft.AspNetCore.Authentication.JwtBearer.JwtBearerHandler|Successfully validated the token. 
2019-12-27 21:17:53.6411|0|INFO|Microsoft.AspNetCore.Routing.EndpointMiddleware|Executing endpoint 'WebApi.Controllers.CustomersController.Put (WebApi)' 
2019-12-27 21:17:53.6574|1|INFO|Microsoft.AspNetCore.Mvc.Internal.ControllerActionInvoker|Route matched with {action = "Put", controller = "Customers"}. Executing action WebApi.Controllers.CustomersController.Put (WebApi) 
2019-12-27 21:17:53.6574|1|INFO|Microsoft.AspNetCore.Authorization.DefaultAuthorizationService|Authorization was successful. 
2019-12-27 21:17:53.6574|1|INFO|Microsoft.AspNetCore.Mvc.Internal.ControllerActionInvoker|Executing action method WebApi.Controllers.CustomersController.Put (WebApi) with arguments (1009, DAL.Models.Customer) - Validation state: Valid 
2019-12-27 21:17:59.6670|2|INFO|Microsoft.AspNetCore.Mvc.Internal.ControllerActionInvoker|Executed action method WebApi.Controllers.CustomersController.Put (WebApi), returned result Microsoft.AspNetCore.Mvc.BadRequestResult in 6006.2984ms. 
2019-12-27 21:17:59.6670|1|INFO|Microsoft.AspNetCore.Mvc.Infrastructure.ObjectResultExecutor|Executing ObjectResult, writing value of type 'Microsoft.AspNetCore.Mvc.ProblemDetails'. 
2019-12-27 21:17:59.6965|2|INFO|Microsoft.AspNetCore.Mvc.Internal.ControllerActionInvoker|Executed action WebApi.Controllers.CustomersController.Put (WebApi) in 6038.5706ms 
2019-12-27 21:17:59.6965|1|INFO|Microsoft.AspNetCore.Routing.EndpointMiddleware|Executed endpoint 'WebApi.Controllers.CustomersController.Put (WebApi)' 
2019-12-27 21:17:59.6965|2|INFO|Microsoft.AspNetCore.Hosting.Internal.WebHost|Request finished in 6058.284ms 400 application/problem+json; charset=utf-8 
2019-12-27 21:18:12.8777|1|INFO|Microsoft.AspNetCore.Hosting.Internal.WebHost|Request starting HTTP/1.1 PUT http://localhost:44390/customers/1009 application/json 154 
2019-12-27 21:18:12.8777|2|INFO|Microsoft.AspNetCore.Authentication.JwtBearer.JwtBearerHandler|Successfully validated the token. 
2019-12-27 21:18:12.8777|0|INFO|Microsoft.AspNetCore.Routing.EndpointMiddleware|Executing endpoint 'WebApi.Controllers.CustomersController.Put (WebApi)' 
2019-12-27 21:18:12.8820|1|INFO|Microsoft.AspNetCore.Mvc.Internal.ControllerActionInvoker|Route matched with {action = "Put", controller = "Customers"}. Executing action WebApi.Controllers.CustomersController.Put (WebApi) 
2019-12-27 21:18:12.8820|1|INFO|Microsoft.AspNetCore.Authorization.DefaultAuthorizationService|Authorization was successful. 
2019-12-27 21:18:12.8820|1|INFO|Microsoft.AspNetCore.Mvc.Internal.ControllerActionInvoker|Executing action method WebApi.Controllers.CustomersController.Put (WebApi) with arguments (1009, DAL.Models.Customer) - Validation state: Valid 
2019-12-27 21:18:33.7525|2|INFO|Microsoft.AspNetCore.Mvc.Internal.ControllerActionInvoker|Executed action method WebApi.Controllers.CustomersController.Put (WebApi), returned result Microsoft.AspNetCore.Mvc.OkResult in 20861.1574ms. 
2019-12-27 21:18:33.7525|1|INFO|Microsoft.AspNetCore.Mvc.StatusCodeResult|Executing HttpStatusCodeResult, setting HTTP status code 200 
2019-12-27 21:18:33.7525|2|INFO|Microsoft.AspNetCore.Mvc.Internal.ControllerActionInvoker|Executed action WebApi.Controllers.CustomersController.Put (WebApi) in 20870.956ms 
2019-12-27 21:18:33.7596|1|INFO|Microsoft.AspNetCore.Routing.EndpointMiddleware|Executed endpoint 'WebApi.Controllers.CustomersController.Put (WebApi)' 
2019-12-27 21:18:33.7778|2|INFO|Microsoft.AspNetCore.Hosting.Internal.WebHost|Request finished in 20900.2027ms 200  
2019-12-27 22:33:17.8405||DEBUG|WebApi.Program|init main 
2019-12-27 22:33:29.6656||INFO|Microsoft.AspNetCore.DataProtection.KeyManagement.XmlKeyManager|User profile is available. Using 'C:\Users\rcharkhawala\AppData\Local\ASP.NET\DataProtection-Keys' as key repository and Windows DPAPI to encrypt keys at rest. 
2019-12-27 22:33:33.4069|1|INFO|Microsoft.AspNetCore.Hosting.Internal.WebHost|Request starting HTTP/1.1 DEBUG http://localhost:52652/  0 
2019-12-27 22:33:33.4069|1|INFO|Microsoft.AspNetCore.Hosting.Internal.WebHost|Request starting HTTP/1.1 GET http://localhost:44390/api/values   
2019-12-27 22:33:33.8510|2|INFO|Microsoft.AspNetCore.Hosting.Internal.WebHost|Request finished in 441.0569ms 200  
2019-12-27 22:33:34.6997|2|INFO|Microsoft.AspNetCore.Hosting.Internal.WebHost|Request finished in 1296.4544ms 404  
2019-12-27 22:35:28.7932|1|INFO|Microsoft.AspNetCore.Hosting.Internal.WebHost|Request starting HTTP/1.1 GET http://localhost:44390/supplierinvoice/intransit/1/10 application/json 1265 
2019-12-27 22:35:29.2008|1|INFO|Microsoft.AspNetCore.Authentication.JwtBearer.JwtBearerHandler|Failed to validate the token. Microsoft.IdentityModel.Tokens.SecurityTokenExpiredException: IDX10223: Lifetime validation failed. The token is expired. ValidTo: '[PII is hidden]', Current time: '[PII is hidden]'.
   at Microsoft.IdentityModel.Tokens.Validators.ValidateLifetime(Nullable`1 notBefore, Nullable`1 expires, SecurityToken securityToken, TokenValidationParameters validationParameters)
   at System.IdentityModel.Tokens.Jwt.JwtSecurityTokenHandler.ValidateLifetime(Nullable`1 notBefore, Nullable`1 expires, JwtSecurityToken jwtToken, TokenValidationParameters validationParameters)
   at System.IdentityModel.Tokens.Jwt.JwtSecurityTokenHandler.ValidateTokenPayload(JwtSecurityToken jwtToken, TokenValidationParameters validationParameters)
   at System.IdentityModel.Tokens.Jwt.JwtSecurityTokenHandler.ValidateToken(String token, TokenValidationParameters validationParameters, SecurityToken& validatedToken)
   at Microsoft.AspNetCore.Authentication.JwtBearer.JwtBearerHandler.HandleAuthenticateAsync()
2019-12-27 22:35:29.2833|7|INFO|Microsoft.AspNetCore.Authentication.JwtBearer.JwtBearerHandler|Bearer was not authenticated. Failure message: IDX10223: Lifetime validation failed. The token is expired. ValidTo: '[PII is hidden]', Current time: '[PII is hidden]'. 
2019-12-27 22:35:29.3032|0|INFO|Microsoft.AspNetCore.Routing.EndpointMiddleware|Executing endpoint 'WebApi.Controllers.SupplierInvoiceController.GetIntansitPos (WebApi)' 
2019-12-27 22:35:29.4684|1|INFO|Microsoft.AspNetCore.Mvc.Internal.ControllerActionInvoker|Route matched with {action = "GetIntansitPos", controller = "SupplierInvoice"}. Executing action WebApi.Controllers.SupplierInvoiceController.GetIntansitPos (WebApi) 
2019-12-27 22:35:29.5823|1|INFO|Microsoft.AspNetCore.Mvc.Internal.ControllerActionInvoker|Executing action method WebApi.Controllers.SupplierInvoiceController.GetIntansitPos (WebApi) with arguments (1, 10) - Validation state: Valid 
2019-12-27 22:35:31.4221|2|INFO|Microsoft.AspNetCore.Mvc.Internal.ControllerActionInvoker|Executed action method WebApi.Controllers.SupplierInvoiceController.GetIntansitPos (WebApi), returned result Microsoft.AspNetCore.Mvc.ObjectResult in 1826.1817ms. 
2019-12-27 22:35:31.5032|1|INFO|Microsoft.AspNetCore.Mvc.Infrastructure.ObjectResultExecutor|Executing ObjectResult, writing value of type 'System.Collections.Generic.List`1[[DAL.Models.SupplierIntransitInvoice, DAL, Version=1.0.0.0, Culture=neutral, PublicKeyToken=null]]'. 
2019-12-27 22:35:31.5772|2|INFO|Microsoft.AspNetCore.Mvc.Internal.ControllerActionInvoker|Executed action WebApi.Controllers.SupplierInvoiceController.GetIntansitPos (WebApi) in 2099.6858ms 
2019-12-27 22:35:31.5772|1|INFO|Microsoft.AspNetCore.Routing.EndpointMiddleware|Executed endpoint 'WebApi.Controllers.SupplierInvoiceController.GetIntansitPos (WebApi)' 
2019-12-27 22:35:31.5876|2|INFO|Microsoft.AspNetCore.Hosting.Internal.WebHost|Request finished in 2794.551ms 200 application/json; charset=utf-8 
2019-12-27 22:35:31.6005|32|INFO|Microsoft.AspNetCore.Server.Kestrel|Connection id "0HLSB8QRGD59F", Request id "0HLSB8QRGD59F:00000001": the application completed without reading the entire request body. 
