2020-04-06 10:34:47.6112||DEBUG|WebApi.Program|init main |url: |action: 
2020-04-06 11:12:00.6871||DEBUG|WebApi.Program|init main |url: |action: 
2020-04-06 11:18:08.9429||DEBUG|WebApi.Program|init main |url: |action: 
2020-04-06 11:23:10.8845||DEBUG|WebApi.Program|init main |url: |action: 
2020-04-06 11:33:48.6166||DEBUG|WebApi.Program|init main |url: |action: 
2020-04-06 11:37:38.0508||DEBUG|WebApi.Program|init main |url: |action: 
2020-04-06 16:33:30.5951||DEBUG|WebApi.Program|init main |url: |action: 
2020-04-06 17:12:36.1244||DEBUG|WebApi.Program|init main |url: |action: 
2020-04-06 17:15:19.3036|1|ERROR|Microsoft.AspNetCore.Diagnostics.DeveloperExceptionPageMiddleware|An unhandled exception has occurred while executing the request. Microsoft.AspNetCore.Routing.Matching.AmbiguousMatchException: The request matched multiple endpoints. Matches: 

WebApi.Controllers.UsersController.GetUser (WebApi)
WebApi.Controllers.UsersController.Get (WebApi)
   at Microsoft.AspNetCore.Routing.Matching.DefaultEndpointSelector.ReportAmbiguity(CandidateSet candidates)
   at Microsoft.AspNetCore.Routing.Matching.DefaultEndpointSelector.ProcessFinalCandidates(HttpContext httpContext, EndpointSelectorContext context, CandidateSet candidateSet)
   at Microsoft.AspNetCore.Routing.Matching.DefaultEndpointSelector.SelectAsync(HttpContext httpContext, EndpointSelectorContext context, CandidateSet candidateSet)
   at Microsoft.AspNetCore.Routing.Matching.DfaMatcher.MatchAsync(HttpContext httpContext, EndpointSelectorContext context)
   at Microsoft.AspNetCore.Routing.Matching.DataSourceDependentMatcher.MatchAsync(HttpContext httpContext, EndpointSelectorContext context)
   at Microsoft.AspNetCore.Routing.EndpointRoutingMiddleware.Invoke(HttpContext httpContext)
   at Microsoft.AspNetCore.Diagnostics.DeveloperExceptionPageMiddleware.Invoke(HttpContext context)|url: https://localhost/users/1|action: 
2020-04-06 17:15:51.9472|1|ERROR|Microsoft.AspNetCore.Diagnostics.DeveloperExceptionPageMiddleware|An unhandled exception has occurred while executing the request. Microsoft.AspNetCore.Routing.Matching.AmbiguousMatchException: The request matched multiple endpoints. Matches: 

WebApi.Controllers.UsersController.GetUser (WebApi)
WebApi.Controllers.UsersController.Get (WebApi)
   at Microsoft.AspNetCore.Routing.Matching.DefaultEndpointSelector.ReportAmbiguity(CandidateSet candidates)
   at Microsoft.AspNetCore.Routing.Matching.DefaultEndpointSelector.ProcessFinalCandidates(HttpContext httpContext, EndpointSelectorContext context, CandidateSet candidateSet)
   at Microsoft.AspNetCore.Routing.Matching.DefaultEndpointSelector.SelectAsync(HttpContext httpContext, EndpointSelectorContext context, CandidateSet candidateSet)
   at Microsoft.AspNetCore.Routing.Matching.DfaMatcher.MatchAsync(HttpContext httpContext, EndpointSelectorContext context)
   at Microsoft.AspNetCore.Routing.Matching.DataSourceDependentMatcher.MatchAsync(HttpContext httpContext, EndpointSelectorContext context)
   at Microsoft.AspNetCore.Routing.EndpointRoutingMiddleware.Invoke(HttpContext httpContext)
   at Microsoft.AspNetCore.Diagnostics.DeveloperExceptionPageMiddleware.Invoke(HttpContext context)|url: https://localhost/users/1|action: 
2020-04-06 17:17:26.2491||DEBUG|WebApi.Program|init main |url: |action: 
2020-04-06 17:20:43.7102||DEBUG|WebApi.Program|init main |url: |action: 
2020-04-06 17:21:09.7444|1|ERROR|Microsoft.AspNetCore.Diagnostics.DeveloperExceptionPageMiddleware|An unhandled exception has occurred while executing the request. Microsoft.AspNetCore.Routing.Matching.AmbiguousMatchException: The request matched multiple endpoints. Matches: 

WebApi.Controllers.UsersController.GetAllUser (WebApi)
WebApi.Controllers.UsersController.GetAll (WebApi)
   at Microsoft.AspNetCore.Routing.Matching.DefaultEndpointSelector.ReportAmbiguity(CandidateSet candidates)
   at Microsoft.AspNetCore.Routing.Matching.DefaultEndpointSelector.ProcessFinalCandidates(HttpContext httpContext, EndpointSelectorContext context, CandidateSet candidateSet)
   at Microsoft.AspNetCore.Routing.Matching.DefaultEndpointSelector.SelectAsync(HttpContext httpContext, EndpointSelectorContext context, CandidateSet candidateSet)
   at Microsoft.AspNetCore.Routing.Matching.DfaMatcher.MatchAsync(HttpContext httpContext, EndpointSelectorContext context)
   at Microsoft.AspNetCore.Routing.Matching.DataSourceDependentMatcher.MatchAsync(HttpContext httpContext, EndpointSelectorContext context)
   at Microsoft.AspNetCore.Routing.EndpointRoutingMiddleware.Invoke(HttpContext httpContext)
   at Microsoft.AspNetCore.Diagnostics.DeveloperExceptionPageMiddleware.Invoke(HttpContext context)|url: https://localhost/users/|action: 
2020-04-06 17:21:44.4325||DEBUG|WebApi.Program|init main |url: |action: 
2020-04-06 17:21:48.8431|1|ERROR|Microsoft.AspNetCore.Diagnostics.DeveloperExceptionPageMiddleware|An unhandled exception has occurred while executing the request. Microsoft.AspNetCore.Routing.Matching.AmbiguousMatchException: The request matched multiple endpoints. Matches: 

WebApi.Controllers.UsersController.GetAllUser (WebApi)
WebApi.Controllers.UsersController.GetAll (WebApi)
   at Microsoft.AspNetCore.Routing.Matching.DefaultEndpointSelector.ReportAmbiguity(CandidateSet candidates)
   at Microsoft.AspNetCore.Routing.Matching.DefaultEndpointSelector.ProcessFinalCandidates(HttpContext httpContext, EndpointSelectorContext context, CandidateSet candidateSet)
   at Microsoft.AspNetCore.Routing.Matching.DefaultEndpointSelector.SelectAsync(HttpContext httpContext, EndpointSelectorContext context, CandidateSet candidateSet)
   at Microsoft.AspNetCore.Routing.Matching.DfaMatcher.MatchAsync(HttpContext httpContext, EndpointSelectorContext context)
   at Microsoft.AspNetCore.Routing.Matching.DataSourceDependentMatcher.MatchAsync(HttpContext httpContext, EndpointSelectorContext context)
   at Microsoft.AspNetCore.Routing.EndpointRoutingMiddleware.Invoke(HttpContext httpContext)
   at Microsoft.AspNetCore.Diagnostics.DeveloperExceptionPageMiddleware.Invoke(HttpContext context)|url: https://localhost/users/|action: 
2020-04-06 17:21:56.1874|1|ERROR|Microsoft.AspNetCore.Diagnostics.DeveloperExceptionPageMiddleware|An unhandled exception has occurred while executing the request. Microsoft.AspNetCore.Routing.Matching.AmbiguousMatchException: The request matched multiple endpoints. Matches: 

WebApi.Controllers.UsersController.GetAllUser (WebApi)
WebApi.Controllers.UsersController.GetAll (WebApi)
   at Microsoft.AspNetCore.Routing.Matching.DefaultEndpointSelector.ReportAmbiguity(CandidateSet candidates)
   at Microsoft.AspNetCore.Routing.Matching.DefaultEndpointSelector.ProcessFinalCandidates(HttpContext httpContext, EndpointSelectorContext context, CandidateSet candidateSet)
   at Microsoft.AspNetCore.Routing.Matching.DefaultEndpointSelector.SelectAsync(HttpContext httpContext, EndpointSelectorContext context, CandidateSet candidateSet)
   at Microsoft.AspNetCore.Routing.Matching.DfaMatcher.MatchAsync(HttpContext httpContext, EndpointSelectorContext context)
   at Microsoft.AspNetCore.Routing.Matching.DataSourceDependentMatcher.MatchAsync(HttpContext httpContext, EndpointSelectorContext context)
   at Microsoft.AspNetCore.Routing.EndpointRoutingMiddleware.Invoke(HttpContext httpContext)
   at Microsoft.AspNetCore.Diagnostics.DeveloperExceptionPageMiddleware.Invoke(HttpContext context)|url: https://localhost/users/|action: 
2020-04-06 17:22:13.5622|1|ERROR|Microsoft.AspNetCore.Diagnostics.DeveloperExceptionPageMiddleware|An unhandled exception has occurred while executing the request. Microsoft.AspNetCore.Routing.Matching.AmbiguousMatchException: The request matched multiple endpoints. Matches: 

WebApi.Controllers.UsersController.GetAllUser (WebApi)
WebApi.Controllers.UsersController.GetAll (WebApi)
   at Microsoft.AspNetCore.Routing.Matching.DefaultEndpointSelector.ReportAmbiguity(CandidateSet candidates)
   at Microsoft.AspNetCore.Routing.Matching.DefaultEndpointSelector.ProcessFinalCandidates(HttpContext httpContext, EndpointSelectorContext context, CandidateSet candidateSet)
   at Microsoft.AspNetCore.Routing.Matching.DefaultEndpointSelector.SelectAsync(HttpContext httpContext, EndpointSelectorContext context, CandidateSet candidateSet)
   at Microsoft.AspNetCore.Routing.Matching.DfaMatcher.MatchAsync(HttpContext httpContext, EndpointSelectorContext context)
   at Microsoft.AspNetCore.Routing.Matching.DataSourceDependentMatcher.MatchAsync(HttpContext httpContext, EndpointSelectorContext context)
   at Microsoft.AspNetCore.Routing.EndpointRoutingMiddleware.Invoke(HttpContext httpContext)
   at Microsoft.AspNetCore.Diagnostics.DeveloperExceptionPageMiddleware.Invoke(HttpContext context)|url: https://localhost/users/|action: 
2020-04-06 17:22:19.6386|1|ERROR|Microsoft.AspNetCore.Diagnostics.DeveloperExceptionPageMiddleware|An unhandled exception has occurred while executing the request. Microsoft.AspNetCore.Routing.Matching.AmbiguousMatchException: The request matched multiple endpoints. Matches: 

WebApi.Controllers.UsersController.GetAllUser (WebApi)
WebApi.Controllers.UsersController.GetAll (WebApi)
   at Microsoft.AspNetCore.Routing.Matching.DefaultEndpointSelector.ReportAmbiguity(CandidateSet candidates)
   at Microsoft.AspNetCore.Routing.Matching.DefaultEndpointSelector.ProcessFinalCandidates(HttpContext httpContext, EndpointSelectorContext context, CandidateSet candidateSet)
   at Microsoft.AspNetCore.Routing.Matching.DefaultEndpointSelector.SelectAsync(HttpContext httpContext, EndpointSelectorContext context, CandidateSet candidateSet)
   at Microsoft.AspNetCore.Routing.Matching.DfaMatcher.MatchAsync(HttpContext httpContext, EndpointSelectorContext context)
   at Microsoft.AspNetCore.Routing.Matching.DataSourceDependentMatcher.MatchAsync(HttpContext httpContext, EndpointSelectorContext context)
   at Microsoft.AspNetCore.Routing.EndpointRoutingMiddleware.Invoke(HttpContext httpContext)
   at Microsoft.AspNetCore.Diagnostics.DeveloperExceptionPageMiddleware.Invoke(HttpContext context)|url: https://localhost/users|action: 
2020-04-06 17:23:13.1786||DEBUG|WebApi.Program|init main |url: |action: 
2020-04-06 17:23:36.8399||DEBUG|WebApi.Program|init main |url: |action: 
2020-04-06 17:24:11.4469||DEBUG|WebApi.Program|init main |url: |action: 
2020-04-06 17:30:40.3312||DEBUG|WebApi.Program|init main |url: |action: 
2020-04-06 20:43:34.3937||DEBUG|WebApi.Program|init main |url: |action: 
2020-04-06 20:46:32.9495||DEBUG|WebApi.Program|init main |url: |action: 
2020-04-06 20:50:47.8673||DEBUG|WebApi.Program|init main |url: |action: 
2020-04-06 20:53:50.3549||DEBUG|WebApi.Program|init main |url: |action: 
2020-04-06 20:56:19.3816||DEBUG|WebApi.Program|init main |url: |action: 
2020-04-06 20:59:12.4590||DEBUG|WebApi.Program|init main |url: |action: 
