2020-08-26 19:46:56.7519||DEBUG|WebApi.Program|init main 
2020-08-26 19:46:59.2151||INFO|Microsoft.AspNetCore.DataProtection.KeyManagement.XmlKeyManager|User profile is available. Using 'C:\Users\rcharkhawala\AppData\Local\ASP.NET\DataProtection-Keys' as key repository and Windows DPAPI to encrypt keys at rest. 
2020-08-26 19:47:00.3339|1|INFO|Microsoft.AspNetCore.Hosting.Internal.WebHost|Request starting HTTP/1.1 GET http://localhost:44390/api/values   
2020-08-26 19:47:00.3339|1|INFO|Microsoft.AspNetCore.Hosting.Internal.WebHost|Request starting HTTP/1.1 DEBUG http://localhost:52652/  0 
2020-08-26 19:47:00.3901|2|INFO|Microsoft.AspNetCore.Hosting.Internal.WebHost|Request finished in 56.79ms 200  
2020-08-26 19:47:00.5364|2|INFO|Microsoft.AspNetCore.Hosting.Internal.WebHost|Request finished in 203.4394ms 404  
2020-08-26 19:47:53.1512|1|INFO|Microsoft.AspNetCore.Hosting.Internal.WebHost|Request starting HTTP/1.1 GET http://localhost:44390/supplierinvoice/1 application/json 1159 
2020-08-26 19:47:53.2874|1|INFO|Microsoft.AspNetCore.Authentication.JwtBearer.JwtBearerHandler|Failed to validate the token. Microsoft.IdentityModel.Tokens.SecurityTokenExpiredException: IDX10223: Lifetime validation failed. The token is expired. ValidTo: '[PII is hidden]', Current time: '[PII is hidden]'.
   at Microsoft.IdentityModel.Tokens.Validators.ValidateLifetime(Nullable`1 notBefore, Nullable`1 expires, SecurityToken securityToken, TokenValidationParameters validationParameters)
   at System.IdentityModel.Tokens.Jwt.JwtSecurityTokenHandler.ValidateLifetime(Nullable`1 notBefore, Nullable`1 expires, JwtSecurityToken jwtToken, TokenValidationParameters validationParameters)
   at System.IdentityModel.Tokens.Jwt.JwtSecurityTokenHandler.ValidateTokenPayload(JwtSecurityToken jwtToken, TokenValidationParameters validationParameters)
   at System.IdentityModel.Tokens.Jwt.JwtSecurityTokenHandler.ValidateToken(String token, TokenValidationParameters validationParameters, SecurityToken& validatedToken)
   at Microsoft.AspNetCore.Authentication.JwtBearer.JwtBearerHandler.HandleAuthenticateAsync()
2020-08-26 19:47:53.3634|7|INFO|Microsoft.AspNetCore.Authentication.JwtBearer.JwtBearerHandler|Bearer was not authenticated. Failure message: IDX10223: Lifetime validation failed. The token is expired. ValidTo: '[PII is hidden]', Current time: '[PII is hidden]'. 
2020-08-26 19:47:53.3634|0|INFO|Microsoft.AspNetCore.Routing.EndpointMiddleware|Executing endpoint 'WebApi.Controllers.SupplierInvoiceController.GetPos (WebApi)' 
2020-08-26 19:47:53.4093|3|INFO|Microsoft.AspNetCore.Mvc.Internal.ControllerActionInvoker|Route matched with {action = "GetPos", controller = "SupplierInvoice"}. Executing controller action with signature System.Threading.Tasks.Task`1[Microsoft.AspNetCore.Mvc.ActionResult`1[System.Collections.Generic.IEnumerable`1[DAL.Models.SupplierInvoice]]] GetPos(Int32) on controller WebApi.Controllers.SupplierInvoiceController (WebApi). 
2020-08-26 19:47:53.4441|1|INFO|Microsoft.AspNetCore.Mvc.Internal.ControllerActionInvoker|Executing action method WebApi.Controllers.SupplierInvoiceController.GetPos (WebApi) - Validation state: Valid 
2020-08-26 19:48:03.9348|2|INFO|Microsoft.AspNetCore.Mvc.Internal.ControllerActionInvoker|Executed action method WebApi.Controllers.SupplierInvoiceController.GetPos (WebApi), returned result Microsoft.AspNetCore.Mvc.ObjectResult in 10487.4328ms. 
2020-08-26 19:48:03.9466|1|INFO|Microsoft.AspNetCore.Mvc.Infrastructure.ObjectResultExecutor|Executing ObjectResult, writing value of type 'System.String'. 
2020-08-26 19:48:03.9630|2|INFO|Microsoft.AspNetCore.Mvc.Internal.ControllerActionInvoker|Executed action WebApi.Controllers.SupplierInvoiceController.GetPos (WebApi) in 10545.6902ms 
2020-08-26 19:48:03.9630|1|INFO|Microsoft.AspNetCore.Routing.EndpointMiddleware|Executed endpoint 'WebApi.Controllers.SupplierInvoiceController.GetPos (WebApi)' 
2020-08-26 19:48:03.9712|2|INFO|Microsoft.AspNetCore.Hosting.Internal.WebHost|Request finished in 10820.0695ms 500 application/json; charset=utf-8 
2020-08-26 19:48:03.9712|32|INFO|Microsoft.AspNetCore.Server.Kestrel|Connection id "0HM2A399MNI5T", Request id "0HM2A399MNI5T:00000002": the application completed without reading the entire request body. 
2020-08-26 19:49:09.2319|1|INFO|Microsoft.AspNetCore.Hosting.Internal.WebHost|Request starting HTTP/1.1 GET http://localhost:44390/supplierinvoice/1 application/json 1159 
2020-08-26 19:49:09.2337|1|INFO|Microsoft.AspNetCore.Authentication.JwtBearer.JwtBearerHandler|Failed to validate the token. Microsoft.IdentityModel.Tokens.SecurityTokenExpiredException: IDX10223: Lifetime validation failed. The token is expired. ValidTo: '[PII is hidden]', Current time: '[PII is hidden]'.
   at Microsoft.IdentityModel.Tokens.Validators.ValidateLifetime(Nullable`1 notBefore, Nullable`1 expires, SecurityToken securityToken, TokenValidationParameters validationParameters)
   at System.IdentityModel.Tokens.Jwt.JwtSecurityTokenHandler.ValidateLifetime(Nullable`1 notBefore, Nullable`1 expires, JwtSecurityToken jwtToken, TokenValidationParameters validationParameters)
   at System.IdentityModel.Tokens.Jwt.JwtSecurityTokenHandler.ValidateTokenPayload(JwtSecurityToken jwtToken, TokenValidationParameters validationParameters)
   at System.IdentityModel.Tokens.Jwt.JwtSecurityTokenHandler.ValidateToken(String token, TokenValidationParameters validationParameters, SecurityToken& validatedToken)
   at Microsoft.AspNetCore.Authentication.JwtBearer.JwtBearerHandler.HandleAuthenticateAsync()
2020-08-26 19:49:09.2337|7|INFO|Microsoft.AspNetCore.Authentication.JwtBearer.JwtBearerHandler|Bearer was not authenticated. Failure message: IDX10223: Lifetime validation failed. The token is expired. ValidTo: '[PII is hidden]', Current time: '[PII is hidden]'. 
2020-08-26 19:49:09.2337|0|INFO|Microsoft.AspNetCore.Routing.EndpointMiddleware|Executing endpoint 'WebApi.Controllers.SupplierInvoiceController.GetPos (WebApi)' 
2020-08-26 19:49:09.2337|3|INFO|Microsoft.AspNetCore.Mvc.Internal.ControllerActionInvoker|Route matched with {action = "GetPos", controller = "SupplierInvoice"}. Executing controller action with signature System.Threading.Tasks.Task`1[Microsoft.AspNetCore.Mvc.ActionResult`1[System.Collections.Generic.IEnumerable`1[DAL.Models.SupplierInvoice]]] GetPos(Int32) on controller WebApi.Controllers.SupplierInvoiceController (WebApi). 
2020-08-26 19:49:09.2337|1|INFO|Microsoft.AspNetCore.Mvc.Internal.ControllerActionInvoker|Executing action method WebApi.Controllers.SupplierInvoiceController.GetPos (WebApi) - Validation state: Valid 
2020-08-26 19:49:36.7429||DEBUG|WebApi.Program|init main 
2020-08-26 19:49:38.1309||INFO|Microsoft.AspNetCore.DataProtection.KeyManagement.XmlKeyManager|User profile is available. Using 'C:\Users\rcharkhawala\AppData\Local\ASP.NET\DataProtection-Keys' as key repository and Windows DPAPI to encrypt keys at rest. 
2020-08-26 19:49:38.9345|1|INFO|Microsoft.AspNetCore.Hosting.Internal.WebHost|Request starting HTTP/1.1 DEBUG http://localhost:52652/  0 
2020-08-26 19:49:38.9345|1|INFO|Microsoft.AspNetCore.Hosting.Internal.WebHost|Request starting HTTP/1.1 GET http://localhost:44390/api/values   
2020-08-26 19:49:38.9743|2|INFO|Microsoft.AspNetCore.Hosting.Internal.WebHost|Request finished in 40.1289ms 200  
2020-08-26 19:49:39.0810|2|INFO|Microsoft.AspNetCore.Hosting.Internal.WebHost|Request finished in 147.2061ms 404  
2020-08-26 19:49:45.3403|1|INFO|Microsoft.AspNetCore.Hosting.Internal.WebHost|Request starting HTTP/1.1 GET http://localhost:44390/supplierinvoice/1 application/json 1159 
2020-08-26 19:49:45.4103|1|INFO|Microsoft.AspNetCore.Authentication.JwtBearer.JwtBearerHandler|Failed to validate the token. Microsoft.IdentityModel.Tokens.SecurityTokenExpiredException: IDX10223: Lifetime validation failed. The token is expired. ValidTo: '[PII is hidden]', Current time: '[PII is hidden]'.
   at Microsoft.IdentityModel.Tokens.Validators.ValidateLifetime(Nullable`1 notBefore, Nullable`1 expires, SecurityToken securityToken, TokenValidationParameters validationParameters)
   at System.IdentityModel.Tokens.Jwt.JwtSecurityTokenHandler.ValidateLifetime(Nullable`1 notBefore, Nullable`1 expires, JwtSecurityToken jwtToken, TokenValidationParameters validationParameters)
   at System.IdentityModel.Tokens.Jwt.JwtSecurityTokenHandler.ValidateTokenPayload(JwtSecurityToken jwtToken, TokenValidationParameters validationParameters)
   at System.IdentityModel.Tokens.Jwt.JwtSecurityTokenHandler.ValidateToken(String token, TokenValidationParameters validationParameters, SecurityToken& validatedToken)
   at Microsoft.AspNetCore.Authentication.JwtBearer.JwtBearerHandler.HandleAuthenticateAsync()
2020-08-26 19:49:45.4510|7|INFO|Microsoft.AspNetCore.Authentication.JwtBearer.JwtBearerHandler|Bearer was not authenticated. Failure message: IDX10223: Lifetime validation failed. The token is expired. ValidTo: '[PII is hidden]', Current time: '[PII is hidden]'. 
2020-08-26 19:49:45.4510|0|INFO|Microsoft.AspNetCore.Routing.EndpointMiddleware|Executing endpoint 'WebApi.Controllers.SupplierInvoiceController.GetPos (WebApi)' 
2020-08-26 19:49:45.5039|3|INFO|Microsoft.AspNetCore.Mvc.Internal.ControllerActionInvoker|Route matched with {action = "GetPos", controller = "SupplierInvoice"}. Executing controller action with signature System.Threading.Tasks.Task`1[Microsoft.AspNetCore.Mvc.ActionResult`1[System.Collections.Generic.IEnumerable`1[DAL.Models.SupplierInvoice]]] GetPos(Int32) on controller WebApi.Controllers.SupplierInvoiceController (WebApi). 
2020-08-26 19:49:45.5293|1|INFO|Microsoft.AspNetCore.Mvc.Internal.ControllerActionInvoker|Executing action method WebApi.Controllers.SupplierInvoiceController.GetPos (WebApi) - Validation state: Valid 
2020-08-26 19:54:46.7252||DEBUG|WebApi.Program|init main 
2020-08-26 19:54:48.2360||INFO|Microsoft.AspNetCore.DataProtection.KeyManagement.XmlKeyManager|User profile is available. Using 'C:\Users\rcharkhawala\AppData\Local\ASP.NET\DataProtection-Keys' as key repository and Windows DPAPI to encrypt keys at rest. 
2020-08-26 19:54:49.0444|1|INFO|Microsoft.AspNetCore.Hosting.Internal.WebHost|Request starting HTTP/1.1 DEBUG http://localhost:52652/  0 
2020-08-26 19:54:49.0444|1|INFO|Microsoft.AspNetCore.Hosting.Internal.WebHost|Request starting HTTP/1.1 GET http://localhost:44390/api/values   
2020-08-26 19:54:49.0444|1|INFO|Microsoft.AspNetCore.Hosting.Internal.WebHost|Request starting HTTP/1.1 GET http://localhost:44390/supplierinvoice/1 application/json 1159 
2020-08-26 19:54:49.0824|2|INFO|Microsoft.AspNetCore.Hosting.Internal.WebHost|Request finished in 38.5135ms 200  
2020-08-26 19:54:49.2495|1|INFO|Microsoft.AspNetCore.Authentication.JwtBearer.JwtBearerHandler|Failed to validate the token. Microsoft.IdentityModel.Tokens.SecurityTokenExpiredException: IDX10223: Lifetime validation failed. The token is expired. ValidTo: '[PII is hidden]', Current time: '[PII is hidden]'.
   at Microsoft.IdentityModel.Tokens.Validators.ValidateLifetime(Nullable`1 notBefore, Nullable`1 expires, SecurityToken securityToken, TokenValidationParameters validationParameters)
   at System.IdentityModel.Tokens.Jwt.JwtSecurityTokenHandler.ValidateLifetime(Nullable`1 notBefore, Nullable`1 expires, JwtSecurityToken jwtToken, TokenValidationParameters validationParameters)
   at System.IdentityModel.Tokens.Jwt.JwtSecurityTokenHandler.ValidateTokenPayload(JwtSecurityToken jwtToken, TokenValidationParameters validationParameters)
   at System.IdentityModel.Tokens.Jwt.JwtSecurityTokenHandler.ValidateToken(String token, TokenValidationParameters validationParameters, SecurityToken& validatedToken)
   at Microsoft.AspNetCore.Authentication.JwtBearer.JwtBearerHandler.HandleAuthenticateAsync()
2020-08-26 19:54:49.2495|2|INFO|Microsoft.AspNetCore.Hosting.Internal.WebHost|Request finished in 206.8866ms 404  
2020-08-26 19:54:49.3165|7|INFO|Microsoft.AspNetCore.Authentication.JwtBearer.JwtBearerHandler|Bearer was not authenticated. Failure message: IDX10223: Lifetime validation failed. The token is expired. ValidTo: '[PII is hidden]', Current time: '[PII is hidden]'. 
2020-08-26 19:54:49.3165|0|INFO|Microsoft.AspNetCore.Routing.EndpointMiddleware|Executing endpoint 'WebApi.Controllers.SupplierInvoiceController.GetPos (WebApi)' 
2020-08-26 19:54:49.3825|3|INFO|Microsoft.AspNetCore.Mvc.Internal.ControllerActionInvoker|Route matched with {action = "GetPos", controller = "SupplierInvoice"}. Executing controller action with signature System.Threading.Tasks.Task`1[Microsoft.AspNetCore.Mvc.ActionResult`1[System.Collections.Generic.IEnumerable`1[DAL.Models.SupplierInvoice]]] GetPos(Int32) on controller WebApi.Controllers.SupplierInvoiceController (WebApi). 
2020-08-26 19:54:49.4135|1|INFO|Microsoft.AspNetCore.Mvc.Internal.ControllerActionInvoker|Executing action method WebApi.Controllers.SupplierInvoiceController.GetPos (WebApi) - Validation state: Valid 
2020-08-26 20:01:32.1722|2|INFO|Microsoft.AspNetCore.Mvc.Internal.ControllerActionInvoker|Executed action method WebApi.Controllers.SupplierInvoiceController.GetPos (WebApi), returned result Microsoft.AspNetCore.Mvc.ObjectResult in 402755.1075ms. 
2020-08-26 20:01:32.1885|1|INFO|Microsoft.AspNetCore.Mvc.Infrastructure.ObjectResultExecutor|Executing ObjectResult, writing value of type 'System.Collections.Generic.List`1[[DAL.Models.SupplierInvoice, DAL, Version=1.0.0.0, Culture=neutral, PublicKeyToken=null]]'. 
2020-08-26 20:01:32.3629|2|INFO|Microsoft.AspNetCore.Mvc.Internal.ControllerActionInvoker|Executed action WebApi.Controllers.SupplierInvoiceController.GetPos (WebApi) in 402976.9409ms 
2020-08-26 20:01:32.3629|1|INFO|Microsoft.AspNetCore.Routing.EndpointMiddleware|Executed endpoint 'WebApi.Controllers.SupplierInvoiceController.GetPos (WebApi)' 
2020-08-26 20:01:32.3629|2|INFO|Microsoft.AspNetCore.Hosting.Internal.WebHost|Request finished in 403327.7338ms 200 application/json; charset=utf-8 
2020-08-26 20:01:32.3846|32|INFO|Microsoft.AspNetCore.Server.Kestrel|Connection id "0HM2A3DLCOAA3", Request id "0HM2A3DLCOAA3:00000001": the application completed without reading the entire request body. 
