2020-01-23 18:34:25.1228||DEBUG|WebApi.Program|init main 
2020-01-23 18:34:26.7107||INFO|Microsoft.AspNetCore.DataProtection.KeyManagement.XmlKeyManager|User profile is available. Using 'C:\Users\rcharkhawala\AppData\Local\ASP.NET\DataProtection-Keys' as key repository and Windows DPAPI to encrypt keys at rest. 
2020-01-23 18:34:27.5438|1|INFO|Microsoft.AspNetCore.Hosting.Internal.WebHost|Request starting HTTP/1.1 GET http://localhost:44390/api/values   
2020-01-23 18:34:27.5438|1|INFO|Microsoft.AspNetCore.Hosting.Internal.WebHost|Request starting HTTP/1.1 DEBUG http://localhost:52652/  0 
2020-01-23 18:34:27.6012|2|INFO|Microsoft.AspNetCore.Hosting.Internal.WebHost|Request finished in 58.49ms 200  
2020-01-23 18:34:27.6910|2|INFO|Microsoft.AspNetCore.Hosting.Internal.WebHost|Request finished in 148.4621ms 404  
2020-01-23 18:36:18.4093|1|INFO|Microsoft.AspNetCore.Hosting.Internal.WebHost|Request starting HTTP/1.1 GET http://localhost:44390/parts/1/333/in/10/note1 application/json 11406 
2020-01-23 18:36:18.5439|1|INFO|Microsoft.AspNetCore.Authentication.JwtBearer.JwtBearerHandler|Failed to validate the token. Microsoft.IdentityModel.Tokens.SecurityTokenExpiredException: IDX10223: Lifetime validation failed. The token is expired. ValidTo: '[PII is hidden]', Current time: '[PII is hidden]'.
   at Microsoft.IdentityModel.Tokens.Validators.ValidateLifetime(Nullable`1 notBefore, Nullable`1 expires, SecurityToken securityToken, TokenValidationParameters validationParameters)
   at System.IdentityModel.Tokens.Jwt.JwtSecurityTokenHandler.ValidateLifetime(Nullable`1 notBefore, Nullable`1 expires, JwtSecurityToken jwtToken, TokenValidationParameters validationParameters)
   at System.IdentityModel.Tokens.Jwt.JwtSecurityTokenHandler.ValidateTokenPayload(JwtSecurityToken jwtToken, TokenValidationParameters validationParameters)
   at System.IdentityModel.Tokens.Jwt.JwtSecurityTokenHandler.ValidateToken(String token, TokenValidationParameters validationParameters, SecurityToken& validatedToken)
   at Microsoft.AspNetCore.Authentication.JwtBearer.JwtBearerHandler.HandleAuthenticateAsync()
2020-01-23 18:36:18.5930|7|INFO|Microsoft.AspNetCore.Authentication.JwtBearer.JwtBearerHandler|Bearer was not authenticated. Failure message: IDX10223: Lifetime validation failed. The token is expired. ValidTo: '[PII is hidden]', Current time: '[PII is hidden]'. 
2020-01-23 18:36:18.5930|0|INFO|Microsoft.AspNetCore.Routing.EndpointMiddleware|Executing endpoint '405 HTTP Method Not Supported' 
2020-01-23 18:36:18.5930|1|INFO|Microsoft.AspNetCore.Routing.EndpointMiddleware|Executed endpoint '405 HTTP Method Not Supported' 
2020-01-23 18:36:18.5930|2|INFO|Microsoft.AspNetCore.Hosting.Internal.WebHost|Request finished in 188.2861ms 405  
2020-01-23 18:36:18.6095|32|INFO|Microsoft.AspNetCore.Server.Kestrel|Connection id "0HLT0BJ4O14GD", Request id "0HLT0BJ4O14GD:00000001": the application completed without reading the entire request body. 
2020-01-23 18:37:07.3498|1|INFO|Microsoft.AspNetCore.Hosting.Internal.WebHost|Request starting HTTP/1.1 PUT http://localhost:44390/parts/1/333/in/10/note1 application/json 11406 
2020-01-23 18:37:07.3498|1|INFO|Microsoft.AspNetCore.Authentication.JwtBearer.JwtBearerHandler|Failed to validate the token. Microsoft.IdentityModel.Tokens.SecurityTokenExpiredException: IDX10223: Lifetime validation failed. The token is expired. ValidTo: '[PII is hidden]', Current time: '[PII is hidden]'.
   at Microsoft.IdentityModel.Tokens.Validators.ValidateLifetime(Nullable`1 notBefore, Nullable`1 expires, SecurityToken securityToken, TokenValidationParameters validationParameters)
   at System.IdentityModel.Tokens.Jwt.JwtSecurityTokenHandler.ValidateLifetime(Nullable`1 notBefore, Nullable`1 expires, JwtSecurityToken jwtToken, TokenValidationParameters validationParameters)
   at System.IdentityModel.Tokens.Jwt.JwtSecurityTokenHandler.ValidateTokenPayload(JwtSecurityToken jwtToken, TokenValidationParameters validationParameters)
   at System.IdentityModel.Tokens.Jwt.JwtSecurityTokenHandler.ValidateToken(String token, TokenValidationParameters validationParameters, SecurityToken& validatedToken)
   at Microsoft.AspNetCore.Authentication.JwtBearer.JwtBearerHandler.HandleAuthenticateAsync()
2020-01-23 18:37:07.3560|7|INFO|Microsoft.AspNetCore.Authentication.JwtBearer.JwtBearerHandler|Bearer was not authenticated. Failure message: IDX10223: Lifetime validation failed. The token is expired. ValidTo: '[PII is hidden]', Current time: '[PII is hidden]'. 
2020-01-23 18:37:07.3560|1|ERROR|Microsoft.AspNetCore.Diagnostics.DeveloperExceptionPageMiddleware|An unhandled exception has occurred while executing the request. Microsoft.AspNetCore.Routing.Matching.AmbiguousMatchException: The request matched multiple endpoints. Matches: 

WebApi.Controllers.PartsController.Put (WebApi)
WebApi.Controllers.PartsController.Put (WebApi)
   at Microsoft.AspNetCore.Routing.Matching.DefaultEndpointSelector.ReportAmbiguity(CandidateSet candidates)
   at Microsoft.AspNetCore.Routing.Matching.DefaultEndpointSelector.ProcessFinalCandidates(HttpContext httpContext, EndpointSelectorContext context, CandidateSet candidateSet)
   at Microsoft.AspNetCore.Routing.Matching.DefaultEndpointSelector.SelectAsync(HttpContext httpContext, EndpointSelectorContext context, CandidateSet candidateSet)
   at Microsoft.AspNetCore.Routing.Matching.DfaMatcher.MatchAsync(HttpContext httpContext, EndpointSelectorContext context)
   at Microsoft.AspNetCore.Routing.Matching.DataSourceDependentMatcher.MatchAsync(HttpContext httpContext, EndpointSelectorContext context)
   at Microsoft.AspNetCore.Routing.EndpointRoutingMiddleware.Invoke(HttpContext httpContext)
   at Microsoft.AspNetCore.Diagnostics.DeveloperExceptionPageMiddleware.Invoke(HttpContext context)
2020-01-23 18:37:07.4086|2|INFO|Microsoft.AspNetCore.Hosting.Internal.WebHost|Request finished in 58.8317ms 500 text/html; charset=utf-8 
2020-01-23 18:37:07.4086|32|INFO|Microsoft.AspNetCore.Server.Kestrel|Connection id "0HLT0BJ4O14GE", Request id "0HLT0BJ4O14GE:00000001": the application completed without reading the entire request body. 
2020-01-23 18:38:39.4992||DEBUG|WebApi.Program|init main 
2020-01-23 18:38:40.7630||INFO|Microsoft.AspNetCore.DataProtection.KeyManagement.XmlKeyManager|User profile is available. Using 'C:\Users\rcharkhawala\AppData\Local\ASP.NET\DataProtection-Keys' as key repository and Windows DPAPI to encrypt keys at rest. 
2020-01-23 18:38:41.4956|1|INFO|Microsoft.AspNetCore.Hosting.Internal.WebHost|Request starting HTTP/1.1 DEBUG http://localhost:52652/  0 
2020-01-23 18:38:41.4956|1|INFO|Microsoft.AspNetCore.Hosting.Internal.WebHost|Request starting HTTP/1.1 GET http://localhost:44390/api/values   
2020-01-23 18:38:41.5839|2|INFO|Microsoft.AspNetCore.Hosting.Internal.WebHost|Request finished in 88.923ms 200  
2020-01-23 18:38:41.6894|2|INFO|Microsoft.AspNetCore.Hosting.Internal.WebHost|Request finished in 194.8074ms 404  
2020-01-23 18:38:46.0234|1|INFO|Microsoft.AspNetCore.Hosting.Internal.WebHost|Request starting HTTP/1.1 POST http://localhost:44390/parts/1/333/in/10/note1 application/json 11406 
2020-01-23 18:38:46.0852|1|INFO|Microsoft.AspNetCore.Authentication.JwtBearer.JwtBearerHandler|Failed to validate the token. Microsoft.IdentityModel.Tokens.SecurityTokenExpiredException: IDX10223: Lifetime validation failed. The token is expired. ValidTo: '[PII is hidden]', Current time: '[PII is hidden]'.
   at Microsoft.IdentityModel.Tokens.Validators.ValidateLifetime(Nullable`1 notBefore, Nullable`1 expires, SecurityToken securityToken, TokenValidationParameters validationParameters)
   at System.IdentityModel.Tokens.Jwt.JwtSecurityTokenHandler.ValidateLifetime(Nullable`1 notBefore, Nullable`1 expires, JwtSecurityToken jwtToken, TokenValidationParameters validationParameters)
   at System.IdentityModel.Tokens.Jwt.JwtSecurityTokenHandler.ValidateTokenPayload(JwtSecurityToken jwtToken, TokenValidationParameters validationParameters)
   at System.IdentityModel.Tokens.Jwt.JwtSecurityTokenHandler.ValidateToken(String token, TokenValidationParameters validationParameters, SecurityToken& validatedToken)
   at Microsoft.AspNetCore.Authentication.JwtBearer.JwtBearerHandler.HandleAuthenticateAsync()
2020-01-23 18:38:46.1135|7|INFO|Microsoft.AspNetCore.Authentication.JwtBearer.JwtBearerHandler|Bearer was not authenticated. Failure message: IDX10223: Lifetime validation failed. The token is expired. ValidTo: '[PII is hidden]', Current time: '[PII is hidden]'. 
2020-01-23 18:38:46.1135|0|INFO|Microsoft.AspNetCore.Routing.EndpointMiddleware|Executing endpoint 'WebApi.Controllers.PartsController.Put (WebApi)' 
2020-01-23 18:38:46.1490|1|INFO|Microsoft.AspNetCore.Mvc.Internal.ControllerActionInvoker|Route matched with {action = "Put", controller = "Parts"}. Executing action WebApi.Controllers.PartsController.Put (WebApi) 
2020-01-23 18:38:46.1737|1|INFO|Microsoft.AspNetCore.Mvc.Internal.ControllerActionInvoker|Executing action method WebApi.Controllers.PartsController.Put (WebApi) with arguments (1, , 333, 10, in, note1) - Validation state: Valid 
2020-01-23 18:38:59.9205|2|INFO|Microsoft.AspNetCore.Mvc.Internal.ControllerActionInvoker|Executed action method WebApi.Controllers.PartsController.Put (WebApi), returned result Microsoft.AspNetCore.Mvc.OkResult in 13740.6279ms. 
2020-01-23 18:38:59.9369|1|INFO|Microsoft.AspNetCore.Mvc.StatusCodeResult|Executing HttpStatusCodeResult, setting HTTP status code 200 
2020-01-23 18:38:59.9369|2|INFO|Microsoft.AspNetCore.Mvc.Internal.ControllerActionInvoker|Executed action WebApi.Controllers.PartsController.Put (WebApi) in 13791.7331ms 
2020-01-23 18:38:59.9369|1|INFO|Microsoft.AspNetCore.Routing.EndpointMiddleware|Executed endpoint 'WebApi.Controllers.PartsController.Put (WebApi)' 
2020-01-23 18:38:59.9514|2|INFO|Microsoft.AspNetCore.Hosting.Internal.WebHost|Request finished in 13928.0166ms 200  
2020-01-23 18:38:59.9656|32|INFO|Microsoft.AspNetCore.Server.Kestrel|Connection id "0HLT0BLGDPBGN", Request id "0HLT0BLGDPBGN:00000002": the application completed without reading the entire request body. 
2020-01-23 18:39:26.2708|1|INFO|Microsoft.AspNetCore.Hosting.Internal.WebHost|Request starting HTTP/1.1 POST http://localhost:44390/parts/1/333/in/10/note1 application/json 11406 
2020-01-23 18:39:26.2781|1|INFO|Microsoft.AspNetCore.Authentication.JwtBearer.JwtBearerHandler|Failed to validate the token. Microsoft.IdentityModel.Tokens.SecurityTokenExpiredException: IDX10223: Lifetime validation failed. The token is expired. ValidTo: '[PII is hidden]', Current time: '[PII is hidden]'.
   at Microsoft.IdentityModel.Tokens.Validators.ValidateLifetime(Nullable`1 notBefore, Nullable`1 expires, SecurityToken securityToken, TokenValidationParameters validationParameters)
   at System.IdentityModel.Tokens.Jwt.JwtSecurityTokenHandler.ValidateLifetime(Nullable`1 notBefore, Nullable`1 expires, JwtSecurityToken jwtToken, TokenValidationParameters validationParameters)
   at System.IdentityModel.Tokens.Jwt.JwtSecurityTokenHandler.ValidateTokenPayload(JwtSecurityToken jwtToken, TokenValidationParameters validationParameters)
   at System.IdentityModel.Tokens.Jwt.JwtSecurityTokenHandler.ValidateToken(String token, TokenValidationParameters validationParameters, SecurityToken& validatedToken)
   at Microsoft.AspNetCore.Authentication.JwtBearer.JwtBearerHandler.HandleAuthenticateAsync()
2020-01-23 18:39:26.2781|7|INFO|Microsoft.AspNetCore.Authentication.JwtBearer.JwtBearerHandler|Bearer was not authenticated. Failure message: IDX10223: Lifetime validation failed. The token is expired. ValidTo: '[PII is hidden]', Current time: '[PII is hidden]'. 
2020-01-23 18:39:26.2781|0|INFO|Microsoft.AspNetCore.Routing.EndpointMiddleware|Executing endpoint 'WebApi.Controllers.PartsController.Put (WebApi)' 
2020-01-23 18:39:26.2781|1|INFO|Microsoft.AspNetCore.Mvc.Internal.ControllerActionInvoker|Route matched with {action = "Put", controller = "Parts"}. Executing action WebApi.Controllers.PartsController.Put (WebApi) 
2020-01-23 18:39:26.2781|1|INFO|Microsoft.AspNetCore.Mvc.Internal.ControllerActionInvoker|Executing action method WebApi.Controllers.PartsController.Put (WebApi) with arguments (1, , 333, 10, in, note1) - Validation state: Valid 
2020-01-23 18:39:28.1668|2|INFO|Microsoft.AspNetCore.Mvc.Internal.ControllerActionInvoker|Executed action method WebApi.Controllers.PartsController.Put (WebApi), returned result Microsoft.AspNetCore.Mvc.OkResult in 1873.722ms. 
2020-01-23 18:39:28.1668|1|INFO|Microsoft.AspNetCore.Mvc.StatusCodeResult|Executing HttpStatusCodeResult, setting HTTP status code 200 
2020-01-23 18:39:28.1668|2|INFO|Microsoft.AspNetCore.Mvc.Internal.ControllerActionInvoker|Executed action WebApi.Controllers.PartsController.Put (WebApi) in 1876.0221ms 
2020-01-23 18:39:28.1684|1|INFO|Microsoft.AspNetCore.Routing.EndpointMiddleware|Executed endpoint 'WebApi.Controllers.PartsController.Put (WebApi)' 
2020-01-23 18:39:28.1684|2|INFO|Microsoft.AspNetCore.Hosting.Internal.WebHost|Request finished in 1898.1347ms 200  
2020-01-23 18:39:28.1684|32|INFO|Microsoft.AspNetCore.Server.Kestrel|Connection id "0HLT0BLGDPBGM", Request id "0HLT0BLGDPBGM:00000002": the application completed without reading the entire request body. 
2020-01-23 18:39:42.6965|1|INFO|Microsoft.AspNetCore.Hosting.Internal.WebHost|Request starting HTTP/1.1 POST http://localhost:44390/parts/1/333/in/10/note1 application/json 11406 
2020-01-23 18:39:42.6965|1|INFO|Microsoft.AspNetCore.Authentication.JwtBearer.JwtBearerHandler|Failed to validate the token. Microsoft.IdentityModel.Tokens.SecurityTokenExpiredException: IDX10223: Lifetime validation failed. The token is expired. ValidTo: '[PII is hidden]', Current time: '[PII is hidden]'.
   at Microsoft.IdentityModel.Tokens.Validators.ValidateLifetime(Nullable`1 notBefore, Nullable`1 expires, SecurityToken securityToken, TokenValidationParameters validationParameters)
   at System.IdentityModel.Tokens.Jwt.JwtSecurityTokenHandler.ValidateLifetime(Nullable`1 notBefore, Nullable`1 expires, JwtSecurityToken jwtToken, TokenValidationParameters validationParameters)
   at System.IdentityModel.Tokens.Jwt.JwtSecurityTokenHandler.ValidateTokenPayload(JwtSecurityToken jwtToken, TokenValidationParameters validationParameters)
   at System.IdentityModel.Tokens.Jwt.JwtSecurityTokenHandler.ValidateToken(String token, TokenValidationParameters validationParameters, SecurityToken& validatedToken)
   at Microsoft.AspNetCore.Authentication.JwtBearer.JwtBearerHandler.HandleAuthenticateAsync()
2020-01-23 18:39:42.6965|7|INFO|Microsoft.AspNetCore.Authentication.JwtBearer.JwtBearerHandler|Bearer was not authenticated. Failure message: IDX10223: Lifetime validation failed. The token is expired. ValidTo: '[PII is hidden]', Current time: '[PII is hidden]'. 
2020-01-23 18:39:42.6965|0|INFO|Microsoft.AspNetCore.Routing.EndpointMiddleware|Executing endpoint 'WebApi.Controllers.PartsController.Put (WebApi)' 
2020-01-23 18:39:42.6965|1|INFO|Microsoft.AspNetCore.Mvc.Internal.ControllerActionInvoker|Route matched with {action = "Put", controller = "Parts"}. Executing action WebApi.Controllers.PartsController.Put (WebApi) 
2020-01-23 18:39:42.7003|1|INFO|Microsoft.AspNetCore.Mvc.Internal.ControllerActionInvoker|Executing action method WebApi.Controllers.PartsController.Put (WebApi) with arguments (1, , 333, 10, in, note1) - Validation state: Valid 
2020-01-23 18:40:31.9322|2|INFO|Microsoft.AspNetCore.Mvc.Internal.ControllerActionInvoker|Executed action method WebApi.Controllers.PartsController.Put (WebApi), returned result Microsoft.AspNetCore.Mvc.OkResult in 49230.7712ms. 
2020-01-23 18:40:31.9339|1|INFO|Microsoft.AspNetCore.Mvc.StatusCodeResult|Executing HttpStatusCodeResult, setting HTTP status code 200 
2020-01-23 18:40:31.9339|2|INFO|Microsoft.AspNetCore.Mvc.Internal.ControllerActionInvoker|Executed action WebApi.Controllers.PartsController.Put (WebApi) in 49235.2554ms 
2020-01-23 18:40:31.9339|1|INFO|Microsoft.AspNetCore.Routing.EndpointMiddleware|Executed endpoint 'WebApi.Controllers.PartsController.Put (WebApi)' 
2020-01-23 18:40:31.9339|2|INFO|Microsoft.AspNetCore.Hosting.Internal.WebHost|Request finished in 49249.2653ms 200  
2020-01-23 18:40:31.9814|32|INFO|Microsoft.AspNetCore.Server.Kestrel|Connection id "0HLT0BLGDPBGN", Request id "0HLT0BLGDPBGN:00000003": the application completed without reading the entire request body. 
2020-01-23 18:40:47.7709|1|INFO|Microsoft.AspNetCore.Hosting.Internal.WebHost|Request starting HTTP/1.1 POST http://localhost:44390/parts/1/333/out/5/note1 application/json 11406 
2020-01-23 18:40:47.7709|1|INFO|Microsoft.AspNetCore.Authentication.JwtBearer.JwtBearerHandler|Failed to validate the token. Microsoft.IdentityModel.Tokens.SecurityTokenExpiredException: IDX10223: Lifetime validation failed. The token is expired. ValidTo: '[PII is hidden]', Current time: '[PII is hidden]'.
   at Microsoft.IdentityModel.Tokens.Validators.ValidateLifetime(Nullable`1 notBefore, Nullable`1 expires, SecurityToken securityToken, TokenValidationParameters validationParameters)
   at System.IdentityModel.Tokens.Jwt.JwtSecurityTokenHandler.ValidateLifetime(Nullable`1 notBefore, Nullable`1 expires, JwtSecurityToken jwtToken, TokenValidationParameters validationParameters)
   at System.IdentityModel.Tokens.Jwt.JwtSecurityTokenHandler.ValidateTokenPayload(JwtSecurityToken jwtToken, TokenValidationParameters validationParameters)
   at System.IdentityModel.Tokens.Jwt.JwtSecurityTokenHandler.ValidateToken(String token, TokenValidationParameters validationParameters, SecurityToken& validatedToken)
   at Microsoft.AspNetCore.Authentication.JwtBearer.JwtBearerHandler.HandleAuthenticateAsync()
2020-01-23 18:40:47.7782|7|INFO|Microsoft.AspNetCore.Authentication.JwtBearer.JwtBearerHandler|Bearer was not authenticated. Failure message: IDX10223: Lifetime validation failed. The token is expired. ValidTo: '[PII is hidden]', Current time: '[PII is hidden]'. 
2020-01-23 18:40:47.7782|0|INFO|Microsoft.AspNetCore.Routing.EndpointMiddleware|Executing endpoint 'WebApi.Controllers.PartsController.Put (WebApi)' 
2020-01-23 18:40:47.7782|1|INFO|Microsoft.AspNetCore.Mvc.Internal.ControllerActionInvoker|Route matched with {action = "Put", controller = "Parts"}. Executing action WebApi.Controllers.PartsController.Put (WebApi) 
2020-01-23 18:40:47.7782|1|INFO|Microsoft.AspNetCore.Mvc.Internal.ControllerActionInvoker|Executing action method WebApi.Controllers.PartsController.Put (WebApi) with arguments (1, , 333, 5, out, note1) - Validation state: Valid 
2020-01-23 18:40:58.9689|2|INFO|Microsoft.AspNetCore.Mvc.Internal.ControllerActionInvoker|Executed action method WebApi.Controllers.PartsController.Put (WebApi), returned result Microsoft.AspNetCore.Mvc.OkResult in 11182.7581ms. 
2020-01-23 18:40:58.9689|1|INFO|Microsoft.AspNetCore.Mvc.StatusCodeResult|Executing HttpStatusCodeResult, setting HTTP status code 200 
2020-01-23 18:40:58.9689|2|INFO|Microsoft.AspNetCore.Mvc.Internal.ControllerActionInvoker|Executed action WebApi.Controllers.PartsController.Put (WebApi) in 11185.6298ms 
2020-01-23 18:40:58.9689|1|INFO|Microsoft.AspNetCore.Routing.EndpointMiddleware|Executed endpoint 'WebApi.Controllers.PartsController.Put (WebApi)' 
2020-01-23 18:40:58.9689|2|INFO|Microsoft.AspNetCore.Hosting.Internal.WebHost|Request finished in 11202.0438ms 200  
2020-01-23 18:40:58.9689|32|INFO|Microsoft.AspNetCore.Server.Kestrel|Connection id "0HLT0BLGDPBGN", Request id "0HLT0BLGDPBGN:00000004": the application completed without reading the entire request body. 
