2020-05-20 10:11:15.4962||DEBUG|WebApi.Program|init main 
2020-05-20 10:11:17.0892||INFO|Microsoft.AspNetCore.DataProtection.KeyManagement.XmlKeyManager|User profile is available. Using 'C:\Users\rcharkhawala\AppData\Local\ASP.NET\DataProtection-Keys' as key repository and Windows DPAPI to encrypt keys at rest. 
2020-05-20 10:11:17.9672|1|INFO|Microsoft.AspNetCore.Hosting.Internal.WebHost|Request starting HTTP/1.1 GET http://localhost:44390/api/values   
2020-05-20 10:11:17.9672|1|INFO|Microsoft.AspNetCore.Hosting.Internal.WebHost|Request starting HTTP/1.1 DEBUG http://localhost:52652/  0 
2020-05-20 10:11:18.0074|2|INFO|Microsoft.AspNetCore.Hosting.Internal.WebHost|Request finished in 40.5841ms 200  
2020-05-20 10:11:18.0973|2|INFO|Microsoft.AspNetCore.Hosting.Internal.WebHost|Request finished in 130.7246ms 404  
2020-05-20 10:11:26.5993|1|INFO|Microsoft.AspNetCore.Hosting.Internal.WebHost|Request starting HTTP/1.1 GET http://localhost:44390/reports/sales/1/2020-02-01/2020-05-31 application/json 445 
2020-05-20 10:11:26.6643|1|INFO|Microsoft.AspNetCore.Authentication.JwtBearer.JwtBearerHandler|Failed to validate the token. Microsoft.IdentityModel.Tokens.SecurityTokenExpiredException: IDX10223: Lifetime validation failed. The token is expired. ValidTo: '[PII is hidden]', Current time: '[PII is hidden]'.
   at Microsoft.IdentityModel.Tokens.Validators.ValidateLifetime(Nullable`1 notBefore, Nullable`1 expires, SecurityToken securityToken, TokenValidationParameters validationParameters)
   at System.IdentityModel.Tokens.Jwt.JwtSecurityTokenHandler.ValidateLifetime(Nullable`1 notBefore, Nullable`1 expires, JwtSecurityToken jwtToken, TokenValidationParameters validationParameters)
   at System.IdentityModel.Tokens.Jwt.JwtSecurityTokenHandler.ValidateTokenPayload(JwtSecurityToken jwtToken, TokenValidationParameters validationParameters)
   at System.IdentityModel.Tokens.Jwt.JwtSecurityTokenHandler.ValidateToken(String token, TokenValidationParameters validationParameters, SecurityToken& validatedToken)
   at Microsoft.AspNetCore.Authentication.JwtBearer.JwtBearerHandler.HandleAuthenticateAsync()
2020-05-20 10:11:26.7247|7|INFO|Microsoft.AspNetCore.Authentication.JwtBearer.JwtBearerHandler|Bearer was not authenticated. Failure message: IDX10223: Lifetime validation failed. The token is expired. ValidTo: '[PII is hidden]', Current time: '[PII is hidden]'. 
2020-05-20 10:11:26.7247|0|INFO|Microsoft.AspNetCore.Routing.EndpointMiddleware|Executing endpoint 'WebApi.Controllers.ReportsController.Get (WebApi)' 
2020-05-20 10:11:26.7599|1|INFO|Microsoft.AspNetCore.Mvc.Internal.ControllerActionInvoker|Route matched with {action = "Get", controller = "Reports"}. Executing action WebApi.Controllers.ReportsController.Get (WebApi) 
2020-05-20 10:11:26.7831|1|INFO|Microsoft.AspNetCore.Mvc.Internal.ControllerActionInvoker|Executing action method WebApi.Controllers.ReportsController.Get (WebApi) with arguments (sales, 1, 2/1/2020 12:00:00 AM, 5/31/2020 12:00:00 AM) - Validation state: Valid 
2020-05-20 10:12:35.1500||DEBUG|WebApi.Program|init main 
2020-05-20 10:12:36.5317||INFO|Microsoft.AspNetCore.DataProtection.KeyManagement.XmlKeyManager|User profile is available. Using 'C:\Users\rcharkhawala\AppData\Local\ASP.NET\DataProtection-Keys' as key repository and Windows DPAPI to encrypt keys at rest. 
2020-05-20 10:12:37.1571|1|INFO|Microsoft.AspNetCore.Hosting.Internal.WebHost|Request starting HTTP/1.1 GET http://localhost:44390/api/values   
2020-05-20 10:12:37.1571|1|INFO|Microsoft.AspNetCore.Hosting.Internal.WebHost|Request starting HTTP/1.1 DEBUG http://localhost:52652/  0 
2020-05-20 10:12:37.1966|2|INFO|Microsoft.AspNetCore.Hosting.Internal.WebHost|Request finished in 39.7307ms 200  
2020-05-20 10:12:37.2840|2|INFO|Microsoft.AspNetCore.Hosting.Internal.WebHost|Request finished in 127.4785ms 404  
2020-05-20 10:12:39.2541|1|INFO|Microsoft.AspNetCore.Hosting.Internal.WebHost|Request starting HTTP/1.1 GET http://localhost:44390/reports/sales/1/2020-02-01/2020-05-31 application/json 445 
2020-05-20 10:12:39.3063|1|INFO|Microsoft.AspNetCore.Authentication.JwtBearer.JwtBearerHandler|Failed to validate the token. Microsoft.IdentityModel.Tokens.SecurityTokenExpiredException: IDX10223: Lifetime validation failed. The token is expired. ValidTo: '[PII is hidden]', Current time: '[PII is hidden]'.
   at Microsoft.IdentityModel.Tokens.Validators.ValidateLifetime(Nullable`1 notBefore, Nullable`1 expires, SecurityToken securityToken, TokenValidationParameters validationParameters)
   at System.IdentityModel.Tokens.Jwt.JwtSecurityTokenHandler.ValidateLifetime(Nullable`1 notBefore, Nullable`1 expires, JwtSecurityToken jwtToken, TokenValidationParameters validationParameters)
   at System.IdentityModel.Tokens.Jwt.JwtSecurityTokenHandler.ValidateTokenPayload(JwtSecurityToken jwtToken, TokenValidationParameters validationParameters)
   at System.IdentityModel.Tokens.Jwt.JwtSecurityTokenHandler.ValidateToken(String token, TokenValidationParameters validationParameters, SecurityToken& validatedToken)
   at Microsoft.AspNetCore.Authentication.JwtBearer.JwtBearerHandler.HandleAuthenticateAsync()
2020-05-20 10:12:39.3436|7|INFO|Microsoft.AspNetCore.Authentication.JwtBearer.JwtBearerHandler|Bearer was not authenticated. Failure message: IDX10223: Lifetime validation failed. The token is expired. ValidTo: '[PII is hidden]', Current time: '[PII is hidden]'. 
2020-05-20 10:12:39.3483|0|INFO|Microsoft.AspNetCore.Routing.EndpointMiddleware|Executing endpoint 'WebApi.Controllers.ReportsController.Get (WebApi)' 
2020-05-20 10:12:39.3763|1|INFO|Microsoft.AspNetCore.Mvc.Internal.ControllerActionInvoker|Route matched with {action = "Get", controller = "Reports"}. Executing action WebApi.Controllers.ReportsController.Get (WebApi) 
2020-05-20 10:12:39.3935|1|INFO|Microsoft.AspNetCore.Mvc.Internal.ControllerActionInvoker|Executing action method WebApi.Controllers.ReportsController.Get (WebApi) with arguments (sales, 1, 2/1/2020 12:00:00 AM, 5/31/2020 12:00:00 AM) - Validation state: Valid 
2020-05-20 10:13:02.8796|2|INFO|Microsoft.AspNetCore.Mvc.Internal.ControllerActionInvoker|Executed action method WebApi.Controllers.ReportsController.Get (WebApi), returned result Microsoft.AspNetCore.Mvc.ObjectResult in 23482.6422ms. 
2020-05-20 10:13:02.8975|1|INFO|Microsoft.AspNetCore.Mvc.Infrastructure.ObjectResultExecutor|Executing ObjectResult, writing value of type 'System.String'. 
2020-05-20 10:13:02.9182|2|INFO|Microsoft.AspNetCore.Mvc.Internal.ControllerActionInvoker|Executed action WebApi.Controllers.ReportsController.Get (WebApi) in 23538.336ms 
2020-05-20 10:13:02.9182|1|INFO|Microsoft.AspNetCore.Routing.EndpointMiddleware|Executed endpoint 'WebApi.Controllers.ReportsController.Get (WebApi)' 
2020-05-20 10:13:02.9182|2|INFO|Microsoft.AspNetCore.Hosting.Internal.WebHost|Request finished in 23668.1696ms 500 application/json; charset=utf-8 
2020-05-20 10:13:02.9319|32|INFO|Microsoft.AspNetCore.Server.Kestrel|Connection id "0HLVSOVCKTK54", Request id "0HLVSOVCKTK54:00000002": the application completed without reading the entire request body. 
2020-05-20 10:14:11.7936|1|INFO|Microsoft.AspNetCore.Hosting.Internal.WebHost|Request starting HTTP/1.1 GET http://localhost:44390/reports/sales/1/2020-02-01/2020-05-31 application/json 445 
2020-05-20 10:14:11.8586|1|INFO|Microsoft.AspNetCore.Authentication.JwtBearer.JwtBearerHandler|Failed to validate the token. Microsoft.IdentityModel.Tokens.SecurityTokenExpiredException: IDX10223: Lifetime validation failed. The token is expired. ValidTo: '[PII is hidden]', Current time: '[PII is hidden]'.
   at Microsoft.IdentityModel.Tokens.Validators.ValidateLifetime(Nullable`1 notBefore, Nullable`1 expires, SecurityToken securityToken, TokenValidationParameters validationParameters)
   at System.IdentityModel.Tokens.Jwt.JwtSecurityTokenHandler.ValidateLifetime(Nullable`1 notBefore, Nullable`1 expires, JwtSecurityToken jwtToken, TokenValidationParameters validationParameters)
   at System.IdentityModel.Tokens.Jwt.JwtSecurityTokenHandler.ValidateTokenPayload(JwtSecurityToken jwtToken, TokenValidationParameters validationParameters)
   at System.IdentityModel.Tokens.Jwt.JwtSecurityTokenHandler.ValidateToken(String token, TokenValidationParameters validationParameters, SecurityToken& validatedToken)
   at Microsoft.AspNetCore.Authentication.JwtBearer.JwtBearerHandler.HandleAuthenticateAsync()
2020-05-20 10:14:11.8586|7|INFO|Microsoft.AspNetCore.Authentication.JwtBearer.JwtBearerHandler|Bearer was not authenticated. Failure message: IDX10223: Lifetime validation failed. The token is expired. ValidTo: '[PII is hidden]', Current time: '[PII is hidden]'. 
2020-05-20 10:14:11.8616|0|INFO|Microsoft.AspNetCore.Routing.EndpointMiddleware|Executing endpoint 'WebApi.Controllers.ReportsController.Get (WebApi)' 
2020-05-20 10:14:11.8616|1|INFO|Microsoft.AspNetCore.Mvc.Internal.ControllerActionInvoker|Route matched with {action = "Get", controller = "Reports"}. Executing action WebApi.Controllers.ReportsController.Get (WebApi) 
2020-05-20 10:14:11.8616|1|INFO|Microsoft.AspNetCore.Mvc.Internal.ControllerActionInvoker|Executing action method WebApi.Controllers.ReportsController.Get (WebApi) with arguments (sales, 1, 2/1/2020 12:00:00 AM, 5/31/2020 12:00:00 AM) - Validation state: Valid 
2020-05-20 10:14:33.3002|2|INFO|Microsoft.AspNetCore.Mvc.Internal.ControllerActionInvoker|Executed action method WebApi.Controllers.ReportsController.Get (WebApi), returned result Microsoft.AspNetCore.Mvc.ObjectResult in 21434.5826ms. 
2020-05-20 10:14:33.3002|1|INFO|Microsoft.AspNetCore.Mvc.Infrastructure.ObjectResultExecutor|Executing ObjectResult, writing value of type 'System.String'. 
2020-05-20 10:14:33.3002|2|INFO|Microsoft.AspNetCore.Mvc.Internal.ControllerActionInvoker|Executed action WebApi.Controllers.ReportsController.Get (WebApi) in 21446.0331ms 
2020-05-20 10:14:33.3002|1|INFO|Microsoft.AspNetCore.Routing.EndpointMiddleware|Executed endpoint 'WebApi.Controllers.ReportsController.Get (WebApi)' 
2020-05-20 10:14:33.3002|2|INFO|Microsoft.AspNetCore.Hosting.Internal.WebHost|Request finished in 21520.6402ms 500 application/json; charset=utf-8 
2020-05-20 10:14:33.3183|32|INFO|Microsoft.AspNetCore.Server.Kestrel|Connection id "0HLVSOVCKTK56", Request id "0HLVSOVCKTK56:00000001": the application completed without reading the entire request body. 
