2019-10-12 14:57:23.9172||DEBUG|WebApi.Program|init main |url: |action: 
2019-10-12 18:52:38.5516||DEBUG|WebApi.Program|init main |url: |action: 
2019-10-12 18:54:05.7692|1|ERROR|Microsoft.AspNetCore.Diagnostics.DeveloperExceptionPageMiddleware|An unhandled exception has occurred while executing the request. Microsoft.AspNetCore.Routing.Matching.AmbiguousMatchException: The request matched multiple endpoints. Matches: 

WebApi.Controllers.FileController.Post (WebApi)
WebApi.Controllers.FileController.Post (WebApi)
   at Microsoft.AspNetCore.Routing.Matching.DefaultEndpointSelector.ReportAmbiguity(CandidateSet candidates)
   at Microsoft.AspNetCore.Routing.Matching.DefaultEndpointSelector.ProcessFinalCandidates(HttpContext httpContext, EndpointSelectorContext context, CandidateSet candidateSet)
   at Microsoft.AspNetCore.Routing.Matching.DefaultEndpointSelector.SelectAsync(HttpContext httpContext, EndpointSelectorContext context, CandidateSet candidateSet)
   at Microsoft.AspNetCore.Routing.Matching.DfaMatcher.MatchAsync(HttpContext httpContext, EndpointSelectorContext context)
   at Microsoft.AspNetCore.Routing.Matching.DataSourceDependentMatcher.MatchAsync(HttpContext httpContext, EndpointSelectorContext context)
   at Microsoft.AspNetCore.Routing.EndpointRoutingMiddleware.Invoke(HttpContext httpContext)
   at Microsoft.AspNetCore.Diagnostics.DeveloperExceptionPageMiddleware.Invoke(HttpContext context)|url: https://localhost/File/POS/15|action: 
2019-10-12 19:20:28.6939|1|ERROR|Microsoft.AspNetCore.Diagnostics.DeveloperExceptionPageMiddleware|An unhandled exception has occurred while executing the request. Microsoft.AspNetCore.Routing.Matching.AmbiguousMatchException: The request matched multiple endpoints. Matches: 

WebApi.Controllers.FileController.Post (WebApi)
WebApi.Controllers.FileController.Post (WebApi)
   at Microsoft.AspNetCore.Routing.Matching.DefaultEndpointSelector.ReportAmbiguity(CandidateSet candidates)
   at Microsoft.AspNetCore.Routing.Matching.DefaultEndpointSelector.ProcessFinalCandidates(HttpContext httpContext, EndpointSelectorContext context, CandidateSet candidateSet)
   at Microsoft.AspNetCore.Routing.Matching.DefaultEndpointSelector.SelectAsync(HttpContext httpContext, EndpointSelectorContext context, CandidateSet candidateSet)
   at Microsoft.AspNetCore.Routing.Matching.DfaMatcher.MatchAsync(HttpContext httpContext, EndpointSelectorContext context)
   at Microsoft.AspNetCore.Routing.Matching.DataSourceDependentMatcher.MatchAsync(HttpContext httpContext, EndpointSelectorContext context)
   at Microsoft.AspNetCore.Routing.EndpointRoutingMiddleware.Invoke(HttpContext httpContext)
   at Microsoft.AspNetCore.Diagnostics.DeveloperExceptionPageMiddleware.Invoke(HttpContext context)|url: https://localhost/File/POS/15|action: 
2019-10-12 19:20:54.1525|1|ERROR|Microsoft.AspNetCore.Diagnostics.DeveloperExceptionPageMiddleware|An unhandled exception has occurred while executing the request. Microsoft.AspNetCore.Routing.Matching.AmbiguousMatchException: The request matched multiple endpoints. Matches: 

WebApi.Controllers.FileController.Post (WebApi)
WebApi.Controllers.FileController.Post (WebApi)
   at Microsoft.AspNetCore.Routing.Matching.DefaultEndpointSelector.ReportAmbiguity(CandidateSet candidates)
   at Microsoft.AspNetCore.Routing.Matching.DefaultEndpointSelector.ProcessFinalCandidates(HttpContext httpContext, EndpointSelectorContext context, CandidateSet candidateSet)
   at Microsoft.AspNetCore.Routing.Matching.DefaultEndpointSelector.SelectAsync(HttpContext httpContext, EndpointSelectorContext context, CandidateSet candidateSet)
   at Microsoft.AspNetCore.Routing.Matching.DfaMatcher.MatchAsync(HttpContext httpContext, EndpointSelectorContext context)
   at Microsoft.AspNetCore.Routing.Matching.DataSourceDependentMatcher.MatchAsync(HttpContext httpContext, EndpointSelectorContext context)
   at Microsoft.AspNetCore.Routing.EndpointRoutingMiddleware.Invoke(HttpContext httpContext)
   at Microsoft.AspNetCore.Diagnostics.DeveloperExceptionPageMiddleware.Invoke(HttpContext context)|url: https://localhost/File/POS/15|action: 
2019-10-12 19:21:22.4016|1|ERROR|Microsoft.AspNetCore.Diagnostics.DeveloperExceptionPageMiddleware|An unhandled exception has occurred while executing the request. Microsoft.AspNetCore.Routing.Matching.AmbiguousMatchException: The request matched multiple endpoints. Matches: 

WebApi.Controllers.FileController.Post (WebApi)
WebApi.Controllers.FileController.Post (WebApi)
   at Microsoft.AspNetCore.Routing.Matching.DefaultEndpointSelector.ReportAmbiguity(CandidateSet candidates)
   at Microsoft.AspNetCore.Routing.Matching.DefaultEndpointSelector.ProcessFinalCandidates(HttpContext httpContext, EndpointSelectorContext context, CandidateSet candidateSet)
   at Microsoft.AspNetCore.Routing.Matching.DefaultEndpointSelector.SelectAsync(HttpContext httpContext, EndpointSelectorContext context, CandidateSet candidateSet)
   at Microsoft.AspNetCore.Routing.Matching.DfaMatcher.MatchAsync(HttpContext httpContext, EndpointSelectorContext context)
   at Microsoft.AspNetCore.Routing.Matching.DataSourceDependentMatcher.MatchAsync(HttpContext httpContext, EndpointSelectorContext context)
   at Microsoft.AspNetCore.Routing.EndpointRoutingMiddleware.Invoke(HttpContext httpContext)
   at Microsoft.AspNetCore.Diagnostics.DeveloperExceptionPageMiddleware.Invoke(HttpContext context)|url: https://localhost/File/POS/15|action: 
2019-10-12 19:21:54.3015|1|ERROR|Microsoft.AspNetCore.Diagnostics.DeveloperExceptionPageMiddleware|An unhandled exception has occurred while executing the request. Microsoft.AspNetCore.Routing.Matching.AmbiguousMatchException: The request matched multiple endpoints. Matches: 

WebApi.Controllers.FileController.Post (WebApi)
WebApi.Controllers.FileController.Post (WebApi)
   at Microsoft.AspNetCore.Routing.Matching.DefaultEndpointSelector.ReportAmbiguity(CandidateSet candidates)
   at Microsoft.AspNetCore.Routing.Matching.DefaultEndpointSelector.ProcessFinalCandidates(HttpContext httpContext, EndpointSelectorContext context, CandidateSet candidateSet)
   at Microsoft.AspNetCore.Routing.Matching.DefaultEndpointSelector.SelectAsync(HttpContext httpContext, EndpointSelectorContext context, CandidateSet candidateSet)
   at Microsoft.AspNetCore.Routing.Matching.DfaMatcher.MatchAsync(HttpContext httpContext, EndpointSelectorContext context)
   at Microsoft.AspNetCore.Routing.Matching.DataSourceDependentMatcher.MatchAsync(HttpContext httpContext, EndpointSelectorContext context)
   at Microsoft.AspNetCore.Routing.EndpointRoutingMiddleware.Invoke(HttpContext httpContext)
   at Microsoft.AspNetCore.Diagnostics.DeveloperExceptionPageMiddleware.Invoke(HttpContext context)|url: https://localhost/File/POS/15|action: 
2019-10-12 19:24:21.5444||DEBUG|WebApi.Program|init main |url: |action: 
2019-10-12 19:24:27.8076|1|ERROR|Microsoft.AspNetCore.Diagnostics.DeveloperExceptionPageMiddleware|An unhandled exception has occurred while executing the request. Microsoft.AspNetCore.Routing.Matching.AmbiguousMatchException: The request matched multiple endpoints. Matches: 

WebApi.Controllers.FileController.Post (WebApi)
WebApi.Controllers.FileController.Post (WebApi)
   at Microsoft.AspNetCore.Routing.Matching.DefaultEndpointSelector.ReportAmbiguity(CandidateSet candidates)
   at Microsoft.AspNetCore.Routing.Matching.DefaultEndpointSelector.ProcessFinalCandidates(HttpContext httpContext, EndpointSelectorContext context, CandidateSet candidateSet)
   at Microsoft.AspNetCore.Routing.Matching.DefaultEndpointSelector.SelectAsync(HttpContext httpContext, EndpointSelectorContext context, CandidateSet candidateSet)
   at Microsoft.AspNetCore.Routing.Matching.DfaMatcher.MatchAsync(HttpContext httpContext, EndpointSelectorContext context)
   at Microsoft.AspNetCore.Routing.Matching.DataSourceDependentMatcher.MatchAsync(HttpContext httpContext, EndpointSelectorContext context)
   at Microsoft.AspNetCore.Routing.EndpointRoutingMiddleware.Invoke(HttpContext httpContext)
   at Microsoft.AspNetCore.Diagnostics.DeveloperExceptionPageMiddleware.Invoke(HttpContext context)|url: https://localhost/File/POS/15|action: 
2019-10-12 19:24:36.4496|1|ERROR|Microsoft.AspNetCore.Diagnostics.DeveloperExceptionPageMiddleware|An unhandled exception has occurred while executing the request. Microsoft.AspNetCore.Routing.Matching.AmbiguousMatchException: The request matched multiple endpoints. Matches: 

WebApi.Controllers.FileController.Post (WebApi)
WebApi.Controllers.FileController.Post (WebApi)
   at Microsoft.AspNetCore.Routing.Matching.DefaultEndpointSelector.ReportAmbiguity(CandidateSet candidates)
   at Microsoft.AspNetCore.Routing.Matching.DefaultEndpointSelector.ProcessFinalCandidates(HttpContext httpContext, EndpointSelectorContext context, CandidateSet candidateSet)
   at Microsoft.AspNetCore.Routing.Matching.DefaultEndpointSelector.SelectAsync(HttpContext httpContext, EndpointSelectorContext context, CandidateSet candidateSet)
   at Microsoft.AspNetCore.Routing.Matching.DfaMatcher.MatchAsync(HttpContext httpContext, EndpointSelectorContext context)
   at Microsoft.AspNetCore.Routing.Matching.DataSourceDependentMatcher.MatchAsync(HttpContext httpContext, EndpointSelectorContext context)
   at Microsoft.AspNetCore.Routing.EndpointRoutingMiddleware.Invoke(HttpContext httpContext)
   at Microsoft.AspNetCore.Diagnostics.DeveloperExceptionPageMiddleware.Invoke(HttpContext context)|url: https://localhost/File/POS/15|action: 
2019-10-12 19:25:01.8635||DEBUG|WebApi.Program|init main |url: |action: 
2019-10-12 19:25:09.5860||INFO|WebApi.Controllers.FileController|post file api called |url: https://localhost/File/POS/15|action: Post
2019-10-12 19:25:15.8855|1|ERROR|Microsoft.AspNetCore.Diagnostics.DeveloperExceptionPageMiddleware|An unhandled exception has occurred while executing the request. System.IO.DirectoryNotFoundException: Could not find a part of the path 'C:\Ritesh\Projects\Inventory\WebApi\WebApi\Docs\POS\15.pdf'.
   at System.IO.FileStream.ValidateFileHandle(SafeFileHandle fileHandle)
   at System.IO.FileStream.CreateFileOpenHandle(FileMode mode, FileShare share, FileOptions options)
   at System.IO.FileStream..ctor(String path, FileMode mode, FileAccess access, FileShare share, Int32 bufferSize, FileOptions options)
   at System.IO.FileStream..ctor(String path, FileMode mode)
   at WebApi.Controllers.FileController.Post(String docType, Int32 id, IFormFile file, String trackingNumber) in C:\Ritesh\Projects\Inventory\WebApi\WebApi\Controllers\FileController.cs:line 66
   at Microsoft.AspNetCore.Mvc.Internal.ActionMethodExecutor.TaskOfIActionResultExecutor.Execute(IActionResultTypeMapper mapper, ObjectMethodExecutor executor, Object controller, Object[] arguments)
   at System.Threading.Tasks.ValueTask`1.get_Result()
   at Microsoft.AspNetCore.Mvc.Internal.ControllerActionInvoker.InvokeActionMethodAsync()
   at Microsoft.AspNetCore.Mvc.Internal.ControllerActionInvoker.InvokeNextActionFilterAsync()
   at Microsoft.AspNetCore.Mvc.Internal.ControllerActionInvoker.Rethrow(ActionExecutedContext context)
   at Microsoft.AspNetCore.Mvc.Internal.ControllerActionInvoker.Next(State& next, Scope& scope, Object& state, Boolean& isCompleted)
   at Microsoft.AspNetCore.Mvc.Internal.ControllerActionInvoker.InvokeInnerFilterAsync()
   at Microsoft.AspNetCore.Mvc.Internal.ResourceInvoker.InvokeNextResourceFilter()
   at Microsoft.AspNetCore.Mvc.Internal.ResourceInvoker.Rethrow(ResourceExecutedContext context)
   at Microsoft.AspNetCore.Mvc.Internal.ResourceInvoker.Next(State& next, Scope& scope, Object& state, Boolean& isCompleted)
   at Microsoft.AspNetCore.Mvc.Internal.ResourceInvoker.InvokeFilterPipelineAsync()
   at Microsoft.AspNetCore.Mvc.Internal.ResourceInvoker.InvokeAsync()
   at Microsoft.AspNetCore.Routing.EndpointMiddleware.Invoke(HttpContext httpContext)
   at Microsoft.AspNetCore.Routing.EndpointRoutingMiddleware.Invoke(HttpContext httpContext)
   at Microsoft.AspNetCore.Diagnostics.DeveloperExceptionPageMiddleware.Invoke(HttpContext context)|url: https://localhost/File/POS/15|action: Post
2019-10-12 19:25:46.5444||INFO|WebApi.Controllers.FileController|post file api called |url: https://localhost/File/POS/15|action: Post
2019-10-12 19:27:20.4841||INFO|WebApi.Controllers.FileController|post file api called |url: https://localhost/File/POS/15|action: Post
2019-10-12 19:30:17.4914||DEBUG|WebApi.Program|init main |url: |action: 
2019-10-12 19:31:14.0141||DEBUG|WebApi.Program|init main |url: |action: 
2019-10-12 19:32:25.1324||DEBUG|WebApi.Program|init main |url: |action: 
2019-10-12 19:33:05.1050||INFO|WebApi.Controllers.FileController|post file api called |url: https://localhost/File/POS/15/%7B123456%7D|action: Post
2019-10-12 19:33:43.9285||INFO|WebApi.Controllers.FileController|post file api called |url: https://localhost/File/POS/15/%7B123456%7D|action: Post
2019-10-12 19:34:33.3709||INFO|WebApi.Controllers.FileController|post file api called |url: https://localhost/File/POS/15/123456|action: Post
2019-10-12 19:37:51.3983||DEBUG|WebApi.Program|init main |url: |action: 
2019-10-12 19:38:30.1957||INFO|WebApi.Controllers.FileController|post file api called |url: https://localhost/File/POS/14/4567|action: Post
2019-10-12 19:39:07.7761||INFO|WebApi.Controllers.FileController|post file api called |url: https://localhost/File/BL/14|action: Post
2019-10-12 19:48:20.1738||DEBUG|WebApi.Program|init main |url: |action: 
