2020-05-06 13:05:15.8598||DEBUG|WebApi.Program|init main 
2020-05-06 13:05:19.7718||INFO|Microsoft.AspNetCore.DataProtection.KeyManagement.XmlKeyManager|User profile is available. Using 'C:\Users\rcharkhawala\AppData\Local\ASP.NET\DataProtection-Keys' as key repository and Windows DPAPI to encrypt keys at rest. 
2020-05-06 13:05:21.6837|1|INFO|Microsoft.AspNetCore.Hosting.Internal.WebHost|Request starting HTTP/1.1 GET http://localhost:44390/api/values   
2020-05-06 13:05:21.6837|1|INFO|Microsoft.AspNetCore.Hosting.Internal.WebHost|Request starting HTTP/1.1 DEBUG http://localhost:52652/  0 
2020-05-06 13:05:21.7868|2|INFO|Microsoft.AspNetCore.Hosting.Internal.WebHost|Request finished in 103.6984ms 200  
2020-05-06 13:05:21.9689|2|INFO|Microsoft.AspNetCore.Hosting.Internal.WebHost|Request finished in 286.306ms 404  
2020-05-06 13:08:28.7003|1|INFO|Microsoft.AspNetCore.Hosting.Internal.WebHost|Request starting HTTP/1.1 POST http://localhost:44390/packingslips application/json 1682 
2020-05-06 13:08:28.7699|0|INFO|Microsoft.AspNetCore.Routing.EndpointMiddleware|Executing endpoint 'WebApi.Controllers.PackingSlipsController.Post (WebApi)' 
2020-05-06 13:08:28.8191|1|INFO|Microsoft.AspNetCore.Mvc.Internal.ControllerActionInvoker|Route matched with {action = "Post", controller = "PackingSlips"}. Executing action WebApi.Controllers.PackingSlipsController.Post (WebApi) 
2020-05-06 13:08:28.9917|1|INFO|Microsoft.AspNetCore.Mvc.Internal.ControllerActionInvoker|Executing action method WebApi.Controllers.PackingSlipsController.Post (WebApi) with arguments (DAL.Models.PackingSlip) - Validation state: Valid 
2020-05-06 13:10:02.9615|2|INFO|Microsoft.AspNetCore.Mvc.Internal.ControllerActionInvoker|Executed action method WebApi.Controllers.PackingSlipsController.Post (WebApi), returned result Microsoft.AspNetCore.Mvc.ObjectResult in 93963.7602ms. 
2020-05-06 13:10:03.0150|1|INFO|Microsoft.AspNetCore.Mvc.Infrastructure.ObjectResultExecutor|Executing ObjectResult, writing value of type 'System.String'. 
2020-05-06 13:10:03.0619|2|INFO|Microsoft.AspNetCore.Mvc.Internal.ControllerActionInvoker|Executed action WebApi.Controllers.PackingSlipsController.Post (WebApi) in 94235.6978ms 
2020-05-06 13:10:03.0619|1|INFO|Microsoft.AspNetCore.Routing.EndpointMiddleware|Executed endpoint 'WebApi.Controllers.PackingSlipsController.Post (WebApi)' 
2020-05-06 13:10:03.0619|2|INFO|Microsoft.AspNetCore.Hosting.Internal.WebHost|Request finished in 94368.6899ms 500 application/json; charset=utf-8 
2020-05-06 13:10:32.8818|1|INFO|Microsoft.AspNetCore.Hosting.Internal.WebHost|Request starting HTTP/1.1 POST http://localhost:44390/packingslips application/json 1682 
2020-05-06 13:10:32.8818|0|INFO|Microsoft.AspNetCore.Routing.EndpointMiddleware|Executing endpoint 'WebApi.Controllers.PackingSlipsController.Post (WebApi)' 
2020-05-06 13:10:32.8966|1|INFO|Microsoft.AspNetCore.Mvc.Internal.ControllerActionInvoker|Route matched with {action = "Post", controller = "PackingSlips"}. Executing action WebApi.Controllers.PackingSlipsController.Post (WebApi) 
2020-05-06 13:10:32.9096|1|INFO|Microsoft.AspNetCore.Mvc.Internal.ControllerActionInvoker|Executing action method WebApi.Controllers.PackingSlipsController.Post (WebApi) with arguments (DAL.Models.PackingSlip) - Validation state: Valid 
2020-05-06 13:11:51.6198|2|INFO|Microsoft.AspNetCore.Mvc.Internal.ControllerActionInvoker|Executed action method WebApi.Controllers.PackingSlipsController.Post (WebApi), returned result Microsoft.AspNetCore.Mvc.ObjectResult in 78708.2354ms. 
2020-05-06 13:11:51.6400|1|INFO|Microsoft.AspNetCore.Mvc.Infrastructure.ObjectResultExecutor|Executing ObjectResult, writing value of type 'System.String'. 
2020-05-06 13:11:51.6609|2|INFO|Microsoft.AspNetCore.Mvc.Internal.ControllerActionInvoker|Executed action WebApi.Controllers.PackingSlipsController.Post (WebApi) in 78758.5964ms 
2020-05-06 13:11:51.6609|1|INFO|Microsoft.AspNetCore.Routing.EndpointMiddleware|Executed endpoint 'WebApi.Controllers.PackingSlipsController.Post (WebApi)' 
2020-05-06 13:11:51.7009|2|INFO|Microsoft.AspNetCore.Hosting.Internal.WebHost|Request finished in 78818.0866ms 500 application/json; charset=utf-8 
2020-05-06 13:11:57.8066|1|INFO|Microsoft.AspNetCore.Hosting.Internal.WebHost|Request starting HTTP/1.1 POST http://localhost:44390/packingslips application/json 1682 
2020-05-06 13:11:57.8122|0|INFO|Microsoft.AspNetCore.Routing.EndpointMiddleware|Executing endpoint 'WebApi.Controllers.PackingSlipsController.Post (WebApi)' 
2020-05-06 13:11:57.8122|1|INFO|Microsoft.AspNetCore.Mvc.Internal.ControllerActionInvoker|Route matched with {action = "Post", controller = "PackingSlips"}. Executing action WebApi.Controllers.PackingSlipsController.Post (WebApi) 
2020-05-06 13:11:57.8122|1|INFO|Microsoft.AspNetCore.Mvc.Internal.ControllerActionInvoker|Executing action method WebApi.Controllers.PackingSlipsController.Post (WebApi) with arguments (DAL.Models.PackingSlip) - Validation state: Valid 
2020-05-06 13:12:51.8873|2|INFO|Microsoft.AspNetCore.Mvc.Internal.ControllerActionInvoker|Executed action method WebApi.Controllers.PackingSlipsController.Post (WebApi), returned result Microsoft.AspNetCore.Mvc.ObjectResult in 54068.873ms. 
2020-05-06 13:12:51.8884|1|INFO|Microsoft.AspNetCore.Mvc.Infrastructure.ObjectResultExecutor|Executing ObjectResult, writing value of type 'System.String'. 
2020-05-06 13:12:51.8884|2|INFO|Microsoft.AspNetCore.Mvc.Internal.ControllerActionInvoker|Executed action WebApi.Controllers.PackingSlipsController.Post (WebApi) in 54075.5067ms 
2020-05-06 13:12:51.8884|1|INFO|Microsoft.AspNetCore.Routing.EndpointMiddleware|Executed endpoint 'WebApi.Controllers.PackingSlipsController.Post (WebApi)' 
2020-05-06 13:12:51.9384|2|INFO|Microsoft.AspNetCore.Hosting.Internal.WebHost|Request finished in 54126.9383ms 500 application/json; charset=utf-8 
2020-05-06 13:12:57.1003|1|INFO|Microsoft.AspNetCore.Hosting.Internal.WebHost|Request starting HTTP/1.1 POST http://localhost:44390/packingslips application/json 1682 
2020-05-06 13:12:57.1003|0|INFO|Microsoft.AspNetCore.Routing.EndpointMiddleware|Executing endpoint 'WebApi.Controllers.PackingSlipsController.Post (WebApi)' 
2020-05-06 13:12:57.1003|1|INFO|Microsoft.AspNetCore.Mvc.Internal.ControllerActionInvoker|Route matched with {action = "Post", controller = "PackingSlips"}. Executing action WebApi.Controllers.PackingSlipsController.Post (WebApi) 
2020-05-06 13:12:57.1077|1|INFO|Microsoft.AspNetCore.Mvc.Internal.ControllerActionInvoker|Executing action method WebApi.Controllers.PackingSlipsController.Post (WebApi) with arguments (DAL.Models.PackingSlip) - Validation state: Valid 
2020-05-06 13:15:26.6506|2|INFO|Microsoft.AspNetCore.Mvc.Internal.ControllerActionInvoker|Executed action method WebApi.Controllers.PackingSlipsController.Post (WebApi), returned result Microsoft.AspNetCore.Mvc.ObjectResult in 149539.7536ms. 
2020-05-06 13:15:26.6506|1|INFO|Microsoft.AspNetCore.Mvc.Infrastructure.ObjectResultExecutor|Executing ObjectResult, writing value of type 'System.String'. 
2020-05-06 13:15:26.6506|2|INFO|Microsoft.AspNetCore.Mvc.Internal.ControllerActionInvoker|Executed action WebApi.Controllers.PackingSlipsController.Post (WebApi) in 149543.5146ms 
2020-05-06 13:15:26.6617|1|INFO|Microsoft.AspNetCore.Routing.EndpointMiddleware|Executed endpoint 'WebApi.Controllers.PackingSlipsController.Post (WebApi)' 
2020-05-06 13:15:26.6617|2|INFO|Microsoft.AspNetCore.Hosting.Internal.WebHost|Request finished in 149563.948ms 500 application/json; charset=utf-8 
2020-05-06 13:16:02.1613||DEBUG|WebApi.Program|init main 
2020-05-06 13:16:03.8916||INFO|Microsoft.AspNetCore.DataProtection.KeyManagement.XmlKeyManager|User profile is available. Using 'C:\Users\rcharkhawala\AppData\Local\ASP.NET\DataProtection-Keys' as key repository and Windows DPAPI to encrypt keys at rest. 
2020-05-06 13:16:05.0554|1|INFO|Microsoft.AspNetCore.Hosting.Internal.WebHost|Request starting HTTP/1.1 POST http://localhost:44390/packingslips application/json 1682 
2020-05-06 13:16:05.0554|1|INFO|Microsoft.AspNetCore.Hosting.Internal.WebHost|Request starting HTTP/1.1 DEBUG http://localhost:52652/  0 
2020-05-06 13:16:05.0554|1|INFO|Microsoft.AspNetCore.Hosting.Internal.WebHost|Request starting HTTP/1.1 GET http://localhost:44390/api/values   
2020-05-06 13:16:05.0976|2|INFO|Microsoft.AspNetCore.Hosting.Internal.WebHost|Request finished in 40.1718ms 200  
2020-05-06 13:16:05.2253|0|INFO|Microsoft.AspNetCore.Routing.EndpointMiddleware|Executing endpoint 'WebApi.Controllers.PackingSlipsController.Post (WebApi)' 
2020-05-06 13:16:05.2253|2|INFO|Microsoft.AspNetCore.Hosting.Internal.WebHost|Request finished in 175.1695ms 404  
2020-05-06 13:16:05.2867|1|INFO|Microsoft.AspNetCore.Mvc.Internal.ControllerActionInvoker|Route matched with {action = "Post", controller = "PackingSlips"}. Executing action WebApi.Controllers.PackingSlipsController.Post (WebApi) 
2020-05-06 13:16:05.5327|1|INFO|Microsoft.AspNetCore.Mvc.Internal.ControllerActionInvoker|Executing action method WebApi.Controllers.PackingSlipsController.Post (WebApi) with arguments (DAL.Models.PackingSlip) - Validation state: Valid 
2020-05-06 13:16:23.9544|2|INFO|Microsoft.AspNetCore.Mvc.Internal.ControllerActionInvoker|Executed action method WebApi.Controllers.PackingSlipsController.Post (WebApi), returned result Microsoft.AspNetCore.Mvc.ObjectResult in 18417.9835ms. 
2020-05-06 13:16:23.9544|1|INFO|Microsoft.AspNetCore.Mvc.Infrastructure.ObjectResultExecutor|Executing ObjectResult, writing value of type 'System.Int32'. 
2020-05-06 13:16:23.9840|2|INFO|Microsoft.AspNetCore.Mvc.Internal.ControllerActionInvoker|Executed action WebApi.Controllers.PackingSlipsController.Post (WebApi) in 18692.7795ms 
2020-05-06 13:16:23.9912|1|INFO|Microsoft.AspNetCore.Routing.EndpointMiddleware|Executed endpoint 'WebApi.Controllers.PackingSlipsController.Post (WebApi)' 
2020-05-06 13:16:23.9912|2|INFO|Microsoft.AspNetCore.Hosting.Internal.WebHost|Request finished in 18941.0778ms 200 application/json; charset=utf-8 
